[2024-07-08T00:00:09.714+0000] {processor.py:161} INFO - Started process (PID=980) to work on /home/airflow/.local/lib/python3.8/site-packages/airflow/example_dags/example_complex.py
[2024-07-08T00:00:09.716+0000] {processor.py:830} INFO - Processing file /home/airflow/.local/lib/python3.8/site-packages/airflow/example_dags/example_complex.py for tasks to queue
[2024-07-08T00:00:09.721+0000] {logging_mixin.py:188} INFO - [2024-07-08T00:00:09.720+0000] {dagbag.py:540} INFO - Filling up the DagBag from /home/airflow/.local/lib/python3.8/site-packages/airflow/example_dags/example_complex.py
[2024-07-08T00:00:09.743+0000] {processor.py:840} INFO - DAG(s) 'example_complex' retrieved from /home/airflow/.local/lib/python3.8/site-packages/airflow/example_dags/example_complex.py
[2024-07-08T00:00:09.795+0000] {logging_mixin.py:188} INFO - [2024-07-08T00:00:09.795+0000] {dag.py:3047} INFO - Sync 1 DAGs
[2024-07-08T00:00:09.814+0000] {logging_mixin.py:188} INFO - [2024-07-08T00:00:09.814+0000] {dag.py:3834} INFO - Setting next_dagrun for example_complex to None, run_after=None
[2024-07-08T00:00:09.842+0000] {processor.py:183} INFO - Processing /home/airflow/.local/lib/python3.8/site-packages/airflow/example_dags/example_complex.py took 0.133 seconds
[2024-07-08T00:00:40.161+0000] {processor.py:161} INFO - Started process (PID=1044) to work on /home/airflow/.local/lib/python3.8/site-packages/airflow/example_dags/example_complex.py
[2024-07-08T00:00:40.163+0000] {processor.py:830} INFO - Processing file /home/airflow/.local/lib/python3.8/site-packages/airflow/example_dags/example_complex.py for tasks to queue
[2024-07-08T00:00:40.166+0000] {logging_mixin.py:188} INFO - [2024-07-08T00:00:40.165+0000] {dagbag.py:540} INFO - Filling up the DagBag from /home/airflow/.local/lib/python3.8/site-packages/airflow/example_dags/example_complex.py
[2024-07-08T00:00:40.196+0000] {processor.py:840} INFO - DAG(s) 'example_complex' retrieved from /home/airflow/.local/lib/python3.8/site-packages/airflow/example_dags/example_complex.py
[2024-07-08T00:00:40.250+0000] {logging_mixin.py:188} INFO - [2024-07-08T00:00:40.249+0000] {dag.py:3047} INFO - Sync 1 DAGs
[2024-07-08T00:00:40.277+0000] {logging_mixin.py:188} INFO - [2024-07-08T00:00:40.276+0000] {dag.py:3834} INFO - Setting next_dagrun for example_complex to None, run_after=None
[2024-07-08T00:00:40.318+0000] {processor.py:183} INFO - Processing /home/airflow/.local/lib/python3.8/site-packages/airflow/example_dags/example_complex.py took 0.165 seconds
[2024-07-08T00:01:10.835+0000] {processor.py:161} INFO - Started process (PID=1108) to work on /home/airflow/.local/lib/python3.8/site-packages/airflow/example_dags/example_complex.py
[2024-07-08T00:01:10.837+0000] {processor.py:830} INFO - Processing file /home/airflow/.local/lib/python3.8/site-packages/airflow/example_dags/example_complex.py for tasks to queue
[2024-07-08T00:01:10.842+0000] {logging_mixin.py:188} INFO - [2024-07-08T00:01:10.841+0000] {dagbag.py:540} INFO - Filling up the DagBag from /home/airflow/.local/lib/python3.8/site-packages/airflow/example_dags/example_complex.py
[2024-07-08T00:01:10.875+0000] {processor.py:840} INFO - DAG(s) 'example_complex' retrieved from /home/airflow/.local/lib/python3.8/site-packages/airflow/example_dags/example_complex.py
[2024-07-08T00:01:10.955+0000] {logging_mixin.py:188} INFO - [2024-07-08T00:01:10.954+0000] {dag.py:3047} INFO - Sync 1 DAGs
[2024-07-08T00:01:10.981+0000] {logging_mixin.py:188} INFO - [2024-07-08T00:01:10.980+0000] {dag.py:3834} INFO - Setting next_dagrun for example_complex to None, run_after=None
[2024-07-08T00:01:11.014+0000] {processor.py:183} INFO - Processing /home/airflow/.local/lib/python3.8/site-packages/airflow/example_dags/example_complex.py took 0.188 seconds
[2024-07-08T00:01:41.590+0000] {processor.py:161} INFO - Started process (PID=1172) to work on /home/airflow/.local/lib/python3.8/site-packages/airflow/example_dags/example_complex.py
[2024-07-08T00:01:41.592+0000] {processor.py:830} INFO - Processing file /home/airflow/.local/lib/python3.8/site-packages/airflow/example_dags/example_complex.py for tasks to queue
[2024-07-08T00:01:41.595+0000] {logging_mixin.py:188} INFO - [2024-07-08T00:01:41.595+0000] {dagbag.py:540} INFO - Filling up the DagBag from /home/airflow/.local/lib/python3.8/site-packages/airflow/example_dags/example_complex.py
[2024-07-08T00:01:41.621+0000] {processor.py:840} INFO - DAG(s) 'example_complex' retrieved from /home/airflow/.local/lib/python3.8/site-packages/airflow/example_dags/example_complex.py
[2024-07-08T00:01:41.686+0000] {logging_mixin.py:188} INFO - [2024-07-08T00:01:41.686+0000] {dag.py:3047} INFO - Sync 1 DAGs
[2024-07-08T00:01:41.722+0000] {logging_mixin.py:188} INFO - [2024-07-08T00:01:41.721+0000] {dag.py:3834} INFO - Setting next_dagrun for example_complex to None, run_after=None
[2024-07-08T00:01:41.759+0000] {processor.py:183} INFO - Processing /home/airflow/.local/lib/python3.8/site-packages/airflow/example_dags/example_complex.py took 0.176 seconds
[2024-07-08T00:02:12.588+0000] {processor.py:161} INFO - Started process (PID=1236) to work on /home/airflow/.local/lib/python3.8/site-packages/airflow/example_dags/example_complex.py
[2024-07-08T00:02:12.590+0000] {processor.py:830} INFO - Processing file /home/airflow/.local/lib/python3.8/site-packages/airflow/example_dags/example_complex.py for tasks to queue
[2024-07-08T00:02:12.594+0000] {logging_mixin.py:188} INFO - [2024-07-08T00:02:12.593+0000] {dagbag.py:540} INFO - Filling up the DagBag from /home/airflow/.local/lib/python3.8/site-packages/airflow/example_dags/example_complex.py
[2024-07-08T00:02:12.618+0000] {processor.py:840} INFO - DAG(s) 'example_complex' retrieved from /home/airflow/.local/lib/python3.8/site-packages/airflow/example_dags/example_complex.py
[2024-07-08T00:02:12.686+0000] {logging_mixin.py:188} INFO - [2024-07-08T00:02:12.686+0000] {dag.py:3047} INFO - Sync 1 DAGs
[2024-07-08T00:02:12.708+0000] {logging_mixin.py:188} INFO - [2024-07-08T00:02:12.706+0000] {dag.py:3834} INFO - Setting next_dagrun for example_complex to None, run_after=None
[2024-07-08T00:02:12.739+0000] {processor.py:183} INFO - Processing /home/airflow/.local/lib/python3.8/site-packages/airflow/example_dags/example_complex.py took 0.156 seconds
[2024-07-08T00:02:44.159+0000] {processor.py:161} INFO - Started process (PID=1300) to work on /home/airflow/.local/lib/python3.8/site-packages/airflow/example_dags/example_complex.py
[2024-07-08T00:02:44.162+0000] {processor.py:830} INFO - Processing file /home/airflow/.local/lib/python3.8/site-packages/airflow/example_dags/example_complex.py for tasks to queue
[2024-07-08T00:02:44.166+0000] {logging_mixin.py:188} INFO - [2024-07-08T00:02:44.166+0000] {dagbag.py:540} INFO - Filling up the DagBag from /home/airflow/.local/lib/python3.8/site-packages/airflow/example_dags/example_complex.py
[2024-07-08T00:02:44.193+0000] {processor.py:840} INFO - DAG(s) 'example_complex' retrieved from /home/airflow/.local/lib/python3.8/site-packages/airflow/example_dags/example_complex.py
[2024-07-08T00:02:44.272+0000] {logging_mixin.py:188} INFO - [2024-07-08T00:02:44.272+0000] {dag.py:3047} INFO - Sync 1 DAGs
[2024-07-08T00:02:44.289+0000] {logging_mixin.py:188} INFO - [2024-07-08T00:02:44.289+0000] {dag.py:3834} INFO - Setting next_dagrun for example_complex to None, run_after=None
[2024-07-08T00:02:44.794+0000] {processor.py:183} INFO - Processing /home/airflow/.local/lib/python3.8/site-packages/airflow/example_dags/example_complex.py took 0.642 seconds
[2024-07-08T00:03:14.839+0000] {processor.py:161} INFO - Started process (PID=1363) to work on /home/airflow/.local/lib/python3.8/site-packages/airflow/example_dags/example_complex.py
[2024-07-08T00:03:14.841+0000] {processor.py:830} INFO - Processing file /home/airflow/.local/lib/python3.8/site-packages/airflow/example_dags/example_complex.py for tasks to queue
[2024-07-08T00:03:14.843+0000] {logging_mixin.py:188} INFO - [2024-07-08T00:03:14.843+0000] {dagbag.py:540} INFO - Filling up the DagBag from /home/airflow/.local/lib/python3.8/site-packages/airflow/example_dags/example_complex.py
[2024-07-08T00:03:14.861+0000] {processor.py:840} INFO - DAG(s) 'example_complex' retrieved from /home/airflow/.local/lib/python3.8/site-packages/airflow/example_dags/example_complex.py
[2024-07-08T00:03:14.914+0000] {logging_mixin.py:188} INFO - [2024-07-08T00:03:14.914+0000] {dag.py:3047} INFO - Sync 1 DAGs
[2024-07-08T00:03:14.935+0000] {logging_mixin.py:188} INFO - [2024-07-08T00:03:14.935+0000] {dag.py:3834} INFO - Setting next_dagrun for example_complex to None, run_after=None
[2024-07-08T00:03:14.970+0000] {processor.py:183} INFO - Processing /home/airflow/.local/lib/python3.8/site-packages/airflow/example_dags/example_complex.py took 0.137 seconds
[2024-07-08T00:03:45.650+0000] {processor.py:161} INFO - Started process (PID=1426) to work on /home/airflow/.local/lib/python3.8/site-packages/airflow/example_dags/example_complex.py
[2024-07-08T00:03:45.656+0000] {processor.py:830} INFO - Processing file /home/airflow/.local/lib/python3.8/site-packages/airflow/example_dags/example_complex.py for tasks to queue
[2024-07-08T00:03:45.660+0000] {logging_mixin.py:188} INFO - [2024-07-08T00:03:45.659+0000] {dagbag.py:540} INFO - Filling up the DagBag from /home/airflow/.local/lib/python3.8/site-packages/airflow/example_dags/example_complex.py
[2024-07-08T00:03:45.687+0000] {processor.py:840} INFO - DAG(s) 'example_complex' retrieved from /home/airflow/.local/lib/python3.8/site-packages/airflow/example_dags/example_complex.py
[2024-07-08T00:03:45.745+0000] {logging_mixin.py:188} INFO - [2024-07-08T00:03:45.743+0000] {dag.py:3047} INFO - Sync 1 DAGs
[2024-07-08T00:03:45.768+0000] {logging_mixin.py:188} INFO - [2024-07-08T00:03:45.767+0000] {dag.py:3834} INFO - Setting next_dagrun for example_complex to None, run_after=None
[2024-07-08T00:03:45.797+0000] {processor.py:183} INFO - Processing /home/airflow/.local/lib/python3.8/site-packages/airflow/example_dags/example_complex.py took 0.152 seconds
[2024-07-08T00:04:16.627+0000] {processor.py:161} INFO - Started process (PID=1490) to work on /home/airflow/.local/lib/python3.8/site-packages/airflow/example_dags/example_complex.py
[2024-07-08T00:04:16.629+0000] {processor.py:830} INFO - Processing file /home/airflow/.local/lib/python3.8/site-packages/airflow/example_dags/example_complex.py for tasks to queue
[2024-07-08T00:04:16.633+0000] {logging_mixin.py:188} INFO - [2024-07-08T00:04:16.632+0000] {dagbag.py:540} INFO - Filling up the DagBag from /home/airflow/.local/lib/python3.8/site-packages/airflow/example_dags/example_complex.py
[2024-07-08T00:04:16.671+0000] {processor.py:840} INFO - DAG(s) 'example_complex' retrieved from /home/airflow/.local/lib/python3.8/site-packages/airflow/example_dags/example_complex.py
[2024-07-08T00:04:16.753+0000] {logging_mixin.py:188} INFO - [2024-07-08T00:04:16.753+0000] {dag.py:3047} INFO - Sync 1 DAGs
[2024-07-08T00:04:16.785+0000] {logging_mixin.py:188} INFO - [2024-07-08T00:04:16.784+0000] {dag.py:3834} INFO - Setting next_dagrun for example_complex to None, run_after=None
[2024-07-08T00:04:16.825+0000] {processor.py:183} INFO - Processing /home/airflow/.local/lib/python3.8/site-packages/airflow/example_dags/example_complex.py took 0.204 seconds
[2024-07-08T00:04:47.094+0000] {processor.py:161} INFO - Started process (PID=1554) to work on /home/airflow/.local/lib/python3.8/site-packages/airflow/example_dags/example_complex.py
[2024-07-08T00:04:47.097+0000] {processor.py:830} INFO - Processing file /home/airflow/.local/lib/python3.8/site-packages/airflow/example_dags/example_complex.py for tasks to queue
[2024-07-08T00:04:47.101+0000] {logging_mixin.py:188} INFO - [2024-07-08T00:04:47.101+0000] {dagbag.py:540} INFO - Filling up the DagBag from /home/airflow/.local/lib/python3.8/site-packages/airflow/example_dags/example_complex.py
[2024-07-08T00:04:47.126+0000] {processor.py:840} INFO - DAG(s) 'example_complex' retrieved from /home/airflow/.local/lib/python3.8/site-packages/airflow/example_dags/example_complex.py
[2024-07-08T00:04:47.189+0000] {logging_mixin.py:188} INFO - [2024-07-08T00:04:47.189+0000] {dag.py:3047} INFO - Sync 1 DAGs
[2024-07-08T00:04:47.215+0000] {logging_mixin.py:188} INFO - [2024-07-08T00:04:47.215+0000] {dag.py:3834} INFO - Setting next_dagrun for example_complex to None, run_after=None
[2024-07-08T00:04:47.360+0000] {processor.py:183} INFO - Processing /home/airflow/.local/lib/python3.8/site-packages/airflow/example_dags/example_complex.py took 0.271 seconds
[2024-07-08T00:05:18.231+0000] {processor.py:161} INFO - Started process (PID=1618) to work on /home/airflow/.local/lib/python3.8/site-packages/airflow/example_dags/example_complex.py
[2024-07-08T00:05:18.240+0000] {processor.py:830} INFO - Processing file /home/airflow/.local/lib/python3.8/site-packages/airflow/example_dags/example_complex.py for tasks to queue
[2024-07-08T00:05:18.258+0000] {logging_mixin.py:188} INFO - [2024-07-08T00:05:18.257+0000] {dagbag.py:540} INFO - Filling up the DagBag from /home/airflow/.local/lib/python3.8/site-packages/airflow/example_dags/example_complex.py
[2024-07-08T00:05:18.363+0000] {processor.py:840} INFO - DAG(s) 'example_complex' retrieved from /home/airflow/.local/lib/python3.8/site-packages/airflow/example_dags/example_complex.py
[2024-07-08T00:05:18.514+0000] {logging_mixin.py:188} INFO - [2024-07-08T00:05:18.513+0000] {dag.py:3047} INFO - Sync 1 DAGs
[2024-07-08T00:05:18.562+0000] {logging_mixin.py:188} INFO - [2024-07-08T00:05:18.561+0000] {dag.py:3834} INFO - Setting next_dagrun for example_complex to None, run_after=None
[2024-07-08T00:05:26.445+0000] {processor.py:183} INFO - Processing /home/airflow/.local/lib/python3.8/site-packages/airflow/example_dags/example_complex.py took 8.232 seconds
[2024-07-08T00:05:56.516+0000] {processor.py:161} INFO - Started process (PID=1697) to work on /home/airflow/.local/lib/python3.8/site-packages/airflow/example_dags/example_complex.py
[2024-07-08T00:05:56.518+0000] {processor.py:830} INFO - Processing file /home/airflow/.local/lib/python3.8/site-packages/airflow/example_dags/example_complex.py for tasks to queue
[2024-07-08T00:05:56.531+0000] {logging_mixin.py:188} INFO - [2024-07-08T00:05:56.530+0000] {dagbag.py:540} INFO - Filling up the DagBag from /home/airflow/.local/lib/python3.8/site-packages/airflow/example_dags/example_complex.py
[2024-07-08T00:05:56.560+0000] {processor.py:840} INFO - DAG(s) 'example_complex' retrieved from /home/airflow/.local/lib/python3.8/site-packages/airflow/example_dags/example_complex.py
[2024-07-08T00:05:56.638+0000] {logging_mixin.py:188} INFO - [2024-07-08T00:05:56.637+0000] {dag.py:3047} INFO - Sync 1 DAGs
[2024-07-08T00:05:56.678+0000] {logging_mixin.py:188} INFO - [2024-07-08T00:05:56.677+0000] {dag.py:3834} INFO - Setting next_dagrun for example_complex to None, run_after=None
[2024-07-08T00:05:56.722+0000] {processor.py:183} INFO - Processing /home/airflow/.local/lib/python3.8/site-packages/airflow/example_dags/example_complex.py took 0.213 seconds
[2024-07-08T00:06:26.781+0000] {processor.py:161} INFO - Started process (PID=1761) to work on /home/airflow/.local/lib/python3.8/site-packages/airflow/example_dags/example_complex.py
[2024-07-08T00:06:26.783+0000] {processor.py:830} INFO - Processing file /home/airflow/.local/lib/python3.8/site-packages/airflow/example_dags/example_complex.py for tasks to queue
[2024-07-08T00:06:26.785+0000] {logging_mixin.py:188} INFO - [2024-07-08T00:06:26.784+0000] {dagbag.py:540} INFO - Filling up the DagBag from /home/airflow/.local/lib/python3.8/site-packages/airflow/example_dags/example_complex.py
[2024-07-08T00:06:26.801+0000] {processor.py:840} INFO - DAG(s) 'example_complex' retrieved from /home/airflow/.local/lib/python3.8/site-packages/airflow/example_dags/example_complex.py
[2024-07-08T00:06:26.855+0000] {logging_mixin.py:188} INFO - [2024-07-08T00:06:26.855+0000] {dag.py:3047} INFO - Sync 1 DAGs
[2024-07-08T00:06:26.881+0000] {logging_mixin.py:188} INFO - [2024-07-08T00:06:26.880+0000] {dag.py:3834} INFO - Setting next_dagrun for example_complex to None, run_after=None
[2024-07-08T00:06:26.917+0000] {processor.py:183} INFO - Processing /home/airflow/.local/lib/python3.8/site-packages/airflow/example_dags/example_complex.py took 0.140 seconds
[2024-07-08T00:06:57.800+0000] {processor.py:161} INFO - Started process (PID=1824) to work on /home/airflow/.local/lib/python3.8/site-packages/airflow/example_dags/example_complex.py
[2024-07-08T00:06:57.803+0000] {processor.py:830} INFO - Processing file /home/airflow/.local/lib/python3.8/site-packages/airflow/example_dags/example_complex.py for tasks to queue
[2024-07-08T00:06:57.814+0000] {logging_mixin.py:188} INFO - [2024-07-08T00:06:57.813+0000] {dagbag.py:540} INFO - Filling up the DagBag from /home/airflow/.local/lib/python3.8/site-packages/airflow/example_dags/example_complex.py
[2024-07-08T00:06:57.863+0000] {processor.py:840} INFO - DAG(s) 'example_complex' retrieved from /home/airflow/.local/lib/python3.8/site-packages/airflow/example_dags/example_complex.py
[2024-07-08T00:06:57.962+0000] {logging_mixin.py:188} INFO - [2024-07-08T00:06:57.962+0000] {dag.py:3047} INFO - Sync 1 DAGs
[2024-07-08T00:06:57.994+0000] {logging_mixin.py:188} INFO - [2024-07-08T00:06:57.993+0000] {dag.py:3834} INFO - Setting next_dagrun for example_complex to None, run_after=None
[2024-07-08T00:06:58.029+0000] {processor.py:183} INFO - Processing /home/airflow/.local/lib/python3.8/site-packages/airflow/example_dags/example_complex.py took 0.237 seconds
[2024-07-08T00:07:28.337+0000] {processor.py:161} INFO - Started process (PID=1880) to work on /home/airflow/.local/lib/python3.8/site-packages/airflow/example_dags/example_complex.py
[2024-07-08T00:07:28.338+0000] {processor.py:830} INFO - Processing file /home/airflow/.local/lib/python3.8/site-packages/airflow/example_dags/example_complex.py for tasks to queue
[2024-07-08T00:07:28.341+0000] {logging_mixin.py:188} INFO - [2024-07-08T00:07:28.341+0000] {dagbag.py:540} INFO - Filling up the DagBag from /home/airflow/.local/lib/python3.8/site-packages/airflow/example_dags/example_complex.py
[2024-07-08T00:07:28.363+0000] {processor.py:840} INFO - DAG(s) 'example_complex' retrieved from /home/airflow/.local/lib/python3.8/site-packages/airflow/example_dags/example_complex.py
[2024-07-08T00:07:28.417+0000] {logging_mixin.py:188} INFO - [2024-07-08T00:07:28.416+0000] {dag.py:3047} INFO - Sync 1 DAGs
[2024-07-08T00:07:28.435+0000] {logging_mixin.py:188} INFO - [2024-07-08T00:07:28.435+0000] {dag.py:3834} INFO - Setting next_dagrun for example_complex to None, run_after=None
[2024-07-08T00:07:28.463+0000] {processor.py:183} INFO - Processing /home/airflow/.local/lib/python3.8/site-packages/airflow/example_dags/example_complex.py took 0.131 seconds
[2024-07-08T00:07:59.440+0000] {processor.py:161} INFO - Started process (PID=1944) to work on /home/airflow/.local/lib/python3.8/site-packages/airflow/example_dags/example_complex.py
[2024-07-08T00:07:59.441+0000] {processor.py:830} INFO - Processing file /home/airflow/.local/lib/python3.8/site-packages/airflow/example_dags/example_complex.py for tasks to queue
[2024-07-08T00:07:59.444+0000] {logging_mixin.py:188} INFO - [2024-07-08T00:07:59.443+0000] {dagbag.py:540} INFO - Filling up the DagBag from /home/airflow/.local/lib/python3.8/site-packages/airflow/example_dags/example_complex.py
[2024-07-08T00:07:59.465+0000] {processor.py:840} INFO - DAG(s) 'example_complex' retrieved from /home/airflow/.local/lib/python3.8/site-packages/airflow/example_dags/example_complex.py
[2024-07-08T00:07:59.529+0000] {logging_mixin.py:188} INFO - [2024-07-08T00:07:59.528+0000] {dag.py:3047} INFO - Sync 1 DAGs
[2024-07-08T00:07:59.568+0000] {logging_mixin.py:188} INFO - [2024-07-08T00:07:59.568+0000] {dag.py:3834} INFO - Setting next_dagrun for example_complex to None, run_after=None
[2024-07-08T00:07:59.613+0000] {processor.py:183} INFO - Processing /home/airflow/.local/lib/python3.8/site-packages/airflow/example_dags/example_complex.py took 0.177 seconds
[2024-07-08T00:08:29.825+0000] {processor.py:161} INFO - Started process (PID=2008) to work on /home/airflow/.local/lib/python3.8/site-packages/airflow/example_dags/example_complex.py
[2024-07-08T00:08:29.826+0000] {processor.py:830} INFO - Processing file /home/airflow/.local/lib/python3.8/site-packages/airflow/example_dags/example_complex.py for tasks to queue
[2024-07-08T00:08:29.830+0000] {logging_mixin.py:188} INFO - [2024-07-08T00:08:29.829+0000] {dagbag.py:540} INFO - Filling up the DagBag from /home/airflow/.local/lib/python3.8/site-packages/airflow/example_dags/example_complex.py
[2024-07-08T00:08:29.856+0000] {processor.py:840} INFO - DAG(s) 'example_complex' retrieved from /home/airflow/.local/lib/python3.8/site-packages/airflow/example_dags/example_complex.py
[2024-07-08T00:08:29.918+0000] {logging_mixin.py:188} INFO - [2024-07-08T00:08:29.917+0000] {dag.py:3047} INFO - Sync 1 DAGs
[2024-07-08T00:08:29.946+0000] {logging_mixin.py:188} INFO - [2024-07-08T00:08:29.946+0000] {dag.py:3834} INFO - Setting next_dagrun for example_complex to None, run_after=None
[2024-07-08T00:08:29.978+0000] {processor.py:183} INFO - Processing /home/airflow/.local/lib/python3.8/site-packages/airflow/example_dags/example_complex.py took 0.159 seconds
[2024-07-08T00:10:53.032+0000] {processor.py:161} INFO - Started process (PID=91) to work on /home/airflow/.local/lib/python3.8/site-packages/airflow/example_dags/example_complex.py
[2024-07-08T00:10:53.035+0000] {processor.py:830} INFO - Processing file /home/airflow/.local/lib/python3.8/site-packages/airflow/example_dags/example_complex.py for tasks to queue
[2024-07-08T00:10:53.038+0000] {logging_mixin.py:188} INFO - [2024-07-08T00:10:53.037+0000] {dagbag.py:540} INFO - Filling up the DagBag from /home/airflow/.local/lib/python3.8/site-packages/airflow/example_dags/example_complex.py
[2024-07-08T00:10:53.056+0000] {processor.py:840} INFO - DAG(s) 'example_complex' retrieved from /home/airflow/.local/lib/python3.8/site-packages/airflow/example_dags/example_complex.py
[2024-07-08T00:10:53.268+0000] {logging_mixin.py:188} INFO - [2024-07-08T00:10:53.268+0000] {dag.py:3047} INFO - Sync 1 DAGs
[2024-07-08T00:10:53.285+0000] {logging_mixin.py:188} INFO - [2024-07-08T00:10:53.285+0000] {dag.py:3834} INFO - Setting next_dagrun for example_complex to None, run_after=None
[2024-07-08T00:10:53.316+0000] {processor.py:183} INFO - Processing /home/airflow/.local/lib/python3.8/site-packages/airflow/example_dags/example_complex.py took 0.290 seconds
[2024-07-08T00:11:24.389+0000] {processor.py:161} INFO - Started process (PID=155) to work on /home/airflow/.local/lib/python3.8/site-packages/airflow/example_dags/example_complex.py
[2024-07-08T00:11:24.391+0000] {processor.py:830} INFO - Processing file /home/airflow/.local/lib/python3.8/site-packages/airflow/example_dags/example_complex.py for tasks to queue
[2024-07-08T00:11:24.394+0000] {logging_mixin.py:188} INFO - [2024-07-08T00:11:24.393+0000] {dagbag.py:540} INFO - Filling up the DagBag from /home/airflow/.local/lib/python3.8/site-packages/airflow/example_dags/example_complex.py
[2024-07-08T00:11:24.413+0000] {processor.py:840} INFO - DAG(s) 'example_complex' retrieved from /home/airflow/.local/lib/python3.8/site-packages/airflow/example_dags/example_complex.py
[2024-07-08T00:11:24.463+0000] {logging_mixin.py:188} INFO - [2024-07-08T00:11:24.462+0000] {dag.py:3047} INFO - Sync 1 DAGs
[2024-07-08T00:11:24.488+0000] {logging_mixin.py:188} INFO - [2024-07-08T00:11:24.486+0000] {dag.py:3834} INFO - Setting next_dagrun for example_complex to None, run_after=None
[2024-07-08T00:11:24.529+0000] {processor.py:183} INFO - Processing /home/airflow/.local/lib/python3.8/site-packages/airflow/example_dags/example_complex.py took 0.145 seconds
[2024-07-08T00:11:55.936+0000] {processor.py:161} INFO - Started process (PID=219) to work on /home/airflow/.local/lib/python3.8/site-packages/airflow/example_dags/example_complex.py
[2024-07-08T00:11:55.938+0000] {processor.py:830} INFO - Processing file /home/airflow/.local/lib/python3.8/site-packages/airflow/example_dags/example_complex.py for tasks to queue
[2024-07-08T00:11:55.942+0000] {logging_mixin.py:188} INFO - [2024-07-08T00:11:55.941+0000] {dagbag.py:540} INFO - Filling up the DagBag from /home/airflow/.local/lib/python3.8/site-packages/airflow/example_dags/example_complex.py
[2024-07-08T00:11:55.979+0000] {processor.py:840} INFO - DAG(s) 'example_complex' retrieved from /home/airflow/.local/lib/python3.8/site-packages/airflow/example_dags/example_complex.py
[2024-07-08T00:11:56.129+0000] {logging_mixin.py:188} INFO - [2024-07-08T00:11:56.128+0000] {dag.py:3047} INFO - Sync 1 DAGs
[2024-07-08T00:11:56.162+0000] {logging_mixin.py:188} INFO - [2024-07-08T00:11:56.161+0000] {dag.py:3834} INFO - Setting next_dagrun for example_complex to None, run_after=None
[2024-07-08T00:11:56.195+0000] {processor.py:183} INFO - Processing /home/airflow/.local/lib/python3.8/site-packages/airflow/example_dags/example_complex.py took 0.266 seconds
[2024-07-08T00:12:26.610+0000] {processor.py:161} INFO - Started process (PID=289) to work on /home/airflow/.local/lib/python3.8/site-packages/airflow/example_dags/example_complex.py
[2024-07-08T00:12:26.614+0000] {processor.py:830} INFO - Processing file /home/airflow/.local/lib/python3.8/site-packages/airflow/example_dags/example_complex.py for tasks to queue
[2024-07-08T00:12:26.617+0000] {logging_mixin.py:188} INFO - [2024-07-08T00:12:26.616+0000] {dagbag.py:540} INFO - Filling up the DagBag from /home/airflow/.local/lib/python3.8/site-packages/airflow/example_dags/example_complex.py
[2024-07-08T00:12:26.639+0000] {processor.py:840} INFO - DAG(s) 'example_complex' retrieved from /home/airflow/.local/lib/python3.8/site-packages/airflow/example_dags/example_complex.py
[2024-07-08T00:12:26.709+0000] {logging_mixin.py:188} INFO - [2024-07-08T00:12:26.708+0000] {dag.py:3047} INFO - Sync 1 DAGs
[2024-07-08T00:12:26.738+0000] {logging_mixin.py:188} INFO - [2024-07-08T00:12:26.738+0000] {dag.py:3834} INFO - Setting next_dagrun for example_complex to None, run_after=None
[2024-07-08T00:12:26.786+0000] {processor.py:183} INFO - Processing /home/airflow/.local/lib/python3.8/site-packages/airflow/example_dags/example_complex.py took 0.182 seconds
[2024-07-08T00:12:58.054+0000] {processor.py:161} INFO - Started process (PID=353) to work on /home/airflow/.local/lib/python3.8/site-packages/airflow/example_dags/example_complex.py
[2024-07-08T00:12:58.056+0000] {processor.py:830} INFO - Processing file /home/airflow/.local/lib/python3.8/site-packages/airflow/example_dags/example_complex.py for tasks to queue
[2024-07-08T00:12:58.060+0000] {logging_mixin.py:188} INFO - [2024-07-08T00:12:58.059+0000] {dagbag.py:540} INFO - Filling up the DagBag from /home/airflow/.local/lib/python3.8/site-packages/airflow/example_dags/example_complex.py
[2024-07-08T00:12:58.090+0000] {processor.py:840} INFO - DAG(s) 'example_complex' retrieved from /home/airflow/.local/lib/python3.8/site-packages/airflow/example_dags/example_complex.py
[2024-07-08T00:12:58.155+0000] {logging_mixin.py:188} INFO - [2024-07-08T00:12:58.155+0000] {dag.py:3047} INFO - Sync 1 DAGs
[2024-07-08T00:12:58.178+0000] {logging_mixin.py:188} INFO - [2024-07-08T00:12:58.178+0000] {dag.py:3834} INFO - Setting next_dagrun for example_complex to None, run_after=None
[2024-07-08T00:12:58.207+0000] {processor.py:183} INFO - Processing /home/airflow/.local/lib/python3.8/site-packages/airflow/example_dags/example_complex.py took 0.159 seconds
[2024-07-08T00:13:29.942+0000] {processor.py:161} INFO - Started process (PID=416) to work on /home/airflow/.local/lib/python3.8/site-packages/airflow/example_dags/example_complex.py
[2024-07-08T00:13:29.949+0000] {processor.py:830} INFO - Processing file /home/airflow/.local/lib/python3.8/site-packages/airflow/example_dags/example_complex.py for tasks to queue
[2024-07-08T00:13:29.953+0000] {logging_mixin.py:188} INFO - [2024-07-08T00:13:29.952+0000] {dagbag.py:540} INFO - Filling up the DagBag from /home/airflow/.local/lib/python3.8/site-packages/airflow/example_dags/example_complex.py
[2024-07-08T00:13:30.030+0000] {processor.py:840} INFO - DAG(s) 'example_complex' retrieved from /home/airflow/.local/lib/python3.8/site-packages/airflow/example_dags/example_complex.py
[2024-07-08T00:13:30.144+0000] {logging_mixin.py:188} INFO - [2024-07-08T00:13:30.143+0000] {dag.py:3047} INFO - Sync 1 DAGs
[2024-07-08T00:13:30.166+0000] {logging_mixin.py:188} INFO - [2024-07-08T00:13:30.166+0000] {dag.py:3834} INFO - Setting next_dagrun for example_complex to None, run_after=None
[2024-07-08T00:13:30.206+0000] {processor.py:183} INFO - Processing /home/airflow/.local/lib/python3.8/site-packages/airflow/example_dags/example_complex.py took 0.271 seconds
[2024-07-08T00:14:01.234+0000] {processor.py:161} INFO - Started process (PID=473) to work on /home/airflow/.local/lib/python3.8/site-packages/airflow/example_dags/example_complex.py
[2024-07-08T00:14:01.236+0000] {processor.py:830} INFO - Processing file /home/airflow/.local/lib/python3.8/site-packages/airflow/example_dags/example_complex.py for tasks to queue
[2024-07-08T00:14:01.240+0000] {logging_mixin.py:188} INFO - [2024-07-08T00:14:01.240+0000] {dagbag.py:540} INFO - Filling up the DagBag from /home/airflow/.local/lib/python3.8/site-packages/airflow/example_dags/example_complex.py
[2024-07-08T00:14:01.271+0000] {processor.py:840} INFO - DAG(s) 'example_complex' retrieved from /home/airflow/.local/lib/python3.8/site-packages/airflow/example_dags/example_complex.py
[2024-07-08T00:14:01.364+0000] {logging_mixin.py:188} INFO - [2024-07-08T00:14:01.364+0000] {dag.py:3047} INFO - Sync 1 DAGs
[2024-07-08T00:14:01.396+0000] {logging_mixin.py:188} INFO - [2024-07-08T00:14:01.396+0000] {dag.py:3834} INFO - Setting next_dagrun for example_complex to None, run_after=None
[2024-07-08T00:14:01.437+0000] {processor.py:183} INFO - Processing /home/airflow/.local/lib/python3.8/site-packages/airflow/example_dags/example_complex.py took 0.211 seconds
[2024-07-08T00:14:33.515+0000] {processor.py:161} INFO - Started process (PID=537) to work on /home/airflow/.local/lib/python3.8/site-packages/airflow/example_dags/example_complex.py
[2024-07-08T00:14:33.552+0000] {processor.py:830} INFO - Processing file /home/airflow/.local/lib/python3.8/site-packages/airflow/example_dags/example_complex.py for tasks to queue
[2024-07-08T00:14:33.598+0000] {logging_mixin.py:188} INFO - [2024-07-08T00:14:33.597+0000] {dagbag.py:540} INFO - Filling up the DagBag from /home/airflow/.local/lib/python3.8/site-packages/airflow/example_dags/example_complex.py
[2024-07-08T00:14:33.668+0000] {processor.py:840} INFO - DAG(s) 'example_complex' retrieved from /home/airflow/.local/lib/python3.8/site-packages/airflow/example_dags/example_complex.py
[2024-07-08T00:14:33.877+0000] {logging_mixin.py:188} INFO - [2024-07-08T00:14:33.876+0000] {dag.py:3047} INFO - Sync 1 DAGs
[2024-07-08T00:14:33.958+0000] {logging_mixin.py:188} INFO - [2024-07-08T00:14:33.958+0000] {dag.py:3834} INFO - Setting next_dagrun for example_complex to None, run_after=None
[2024-07-08T00:14:34.134+0000] {processor.py:183} INFO - Processing /home/airflow/.local/lib/python3.8/site-packages/airflow/example_dags/example_complex.py took 0.635 seconds
[2024-07-08T00:15:07.695+0000] {processor.py:161} INFO - Started process (PID=601) to work on /home/airflow/.local/lib/python3.8/site-packages/airflow/example_dags/example_complex.py
[2024-07-08T00:15:07.697+0000] {processor.py:830} INFO - Processing file /home/airflow/.local/lib/python3.8/site-packages/airflow/example_dags/example_complex.py for tasks to queue
[2024-07-08T00:15:07.700+0000] {logging_mixin.py:188} INFO - [2024-07-08T00:15:07.700+0000] {dagbag.py:540} INFO - Filling up the DagBag from /home/airflow/.local/lib/python3.8/site-packages/airflow/example_dags/example_complex.py
[2024-07-08T00:15:07.718+0000] {processor.py:840} INFO - DAG(s) 'example_complex' retrieved from /home/airflow/.local/lib/python3.8/site-packages/airflow/example_dags/example_complex.py
[2024-07-08T00:15:07.778+0000] {logging_mixin.py:188} INFO - [2024-07-08T00:15:07.778+0000] {dag.py:3047} INFO - Sync 1 DAGs
[2024-07-08T00:15:07.801+0000] {logging_mixin.py:188} INFO - [2024-07-08T00:15:07.800+0000] {dag.py:3834} INFO - Setting next_dagrun for example_complex to None, run_after=None
[2024-07-08T00:15:07.832+0000] {processor.py:183} INFO - Processing /home/airflow/.local/lib/python3.8/site-packages/airflow/example_dags/example_complex.py took 0.142 seconds
[2024-07-08T00:15:38.097+0000] {processor.py:161} INFO - Started process (PID=665) to work on /home/airflow/.local/lib/python3.8/site-packages/airflow/example_dags/example_complex.py
[2024-07-08T00:15:38.102+0000] {processor.py:830} INFO - Processing file /home/airflow/.local/lib/python3.8/site-packages/airflow/example_dags/example_complex.py for tasks to queue
[2024-07-08T00:15:38.107+0000] {logging_mixin.py:188} INFO - [2024-07-08T00:15:38.106+0000] {dagbag.py:540} INFO - Filling up the DagBag from /home/airflow/.local/lib/python3.8/site-packages/airflow/example_dags/example_complex.py
[2024-07-08T00:15:38.148+0000] {processor.py:840} INFO - DAG(s) 'example_complex' retrieved from /home/airflow/.local/lib/python3.8/site-packages/airflow/example_dags/example_complex.py
[2024-07-08T00:15:38.249+0000] {logging_mixin.py:188} INFO - [2024-07-08T00:15:38.249+0000] {dag.py:3047} INFO - Sync 1 DAGs
[2024-07-08T00:15:38.307+0000] {logging_mixin.py:188} INFO - [2024-07-08T00:15:38.307+0000] {dag.py:3834} INFO - Setting next_dagrun for example_complex to None, run_after=None
[2024-07-08T00:15:38.371+0000] {processor.py:183} INFO - Processing /home/airflow/.local/lib/python3.8/site-packages/airflow/example_dags/example_complex.py took 0.281 seconds
[2024-07-08T00:16:09.050+0000] {processor.py:161} INFO - Started process (PID=729) to work on /home/airflow/.local/lib/python3.8/site-packages/airflow/example_dags/example_complex.py
[2024-07-08T00:16:09.052+0000] {processor.py:830} INFO - Processing file /home/airflow/.local/lib/python3.8/site-packages/airflow/example_dags/example_complex.py for tasks to queue
[2024-07-08T00:16:09.055+0000] {logging_mixin.py:188} INFO - [2024-07-08T00:16:09.054+0000] {dagbag.py:540} INFO - Filling up the DagBag from /home/airflow/.local/lib/python3.8/site-packages/airflow/example_dags/example_complex.py
[2024-07-08T00:16:09.082+0000] {processor.py:840} INFO - DAG(s) 'example_complex' retrieved from /home/airflow/.local/lib/python3.8/site-packages/airflow/example_dags/example_complex.py
[2024-07-08T00:16:09.180+0000] {logging_mixin.py:188} INFO - [2024-07-08T00:16:09.179+0000] {dag.py:3047} INFO - Sync 1 DAGs
[2024-07-08T00:16:09.211+0000] {logging_mixin.py:188} INFO - [2024-07-08T00:16:09.210+0000] {dag.py:3834} INFO - Setting next_dagrun for example_complex to None, run_after=None
[2024-07-08T00:16:09.254+0000] {processor.py:183} INFO - Processing /home/airflow/.local/lib/python3.8/site-packages/airflow/example_dags/example_complex.py took 0.211 seconds
[2024-07-08T00:16:40.670+0000] {processor.py:161} INFO - Started process (PID=792) to work on /home/airflow/.local/lib/python3.8/site-packages/airflow/example_dags/example_complex.py
[2024-07-08T00:16:40.672+0000] {processor.py:830} INFO - Processing file /home/airflow/.local/lib/python3.8/site-packages/airflow/example_dags/example_complex.py for tasks to queue
[2024-07-08T00:16:40.679+0000] {logging_mixin.py:188} INFO - [2024-07-08T00:16:40.679+0000] {dagbag.py:540} INFO - Filling up the DagBag from /home/airflow/.local/lib/python3.8/site-packages/airflow/example_dags/example_complex.py
[2024-07-08T00:16:40.717+0000] {processor.py:840} INFO - DAG(s) 'example_complex' retrieved from /home/airflow/.local/lib/python3.8/site-packages/airflow/example_dags/example_complex.py
[2024-07-08T00:16:40.779+0000] {logging_mixin.py:188} INFO - [2024-07-08T00:16:40.779+0000] {dag.py:3047} INFO - Sync 1 DAGs
[2024-07-08T00:16:40.817+0000] {logging_mixin.py:188} INFO - [2024-07-08T00:16:40.817+0000] {dag.py:3834} INFO - Setting next_dagrun for example_complex to None, run_after=None
[2024-07-08T00:16:40.902+0000] {processor.py:183} INFO - Processing /home/airflow/.local/lib/python3.8/site-packages/airflow/example_dags/example_complex.py took 0.246 seconds
[2024-07-08T00:17:11.445+0000] {processor.py:161} INFO - Started process (PID=856) to work on /home/airflow/.local/lib/python3.8/site-packages/airflow/example_dags/example_complex.py
[2024-07-08T00:17:11.447+0000] {processor.py:830} INFO - Processing file /home/airflow/.local/lib/python3.8/site-packages/airflow/example_dags/example_complex.py for tasks to queue
[2024-07-08T00:17:11.451+0000] {logging_mixin.py:188} INFO - [2024-07-08T00:17:11.450+0000] {dagbag.py:540} INFO - Filling up the DagBag from /home/airflow/.local/lib/python3.8/site-packages/airflow/example_dags/example_complex.py
[2024-07-08T00:17:11.484+0000] {processor.py:840} INFO - DAG(s) 'example_complex' retrieved from /home/airflow/.local/lib/python3.8/site-packages/airflow/example_dags/example_complex.py
[2024-07-08T00:17:11.555+0000] {logging_mixin.py:188} INFO - [2024-07-08T00:17:11.555+0000] {dag.py:3047} INFO - Sync 1 DAGs
[2024-07-08T00:17:11.580+0000] {logging_mixin.py:188} INFO - [2024-07-08T00:17:11.580+0000] {dag.py:3834} INFO - Setting next_dagrun for example_complex to None, run_after=None
[2024-07-08T00:17:11.621+0000] {processor.py:183} INFO - Processing /home/airflow/.local/lib/python3.8/site-packages/airflow/example_dags/example_complex.py took 0.184 seconds
[2024-07-08T00:17:42.137+0000] {processor.py:161} INFO - Started process (PID=920) to work on /home/airflow/.local/lib/python3.8/site-packages/airflow/example_dags/example_complex.py
[2024-07-08T00:17:42.139+0000] {processor.py:830} INFO - Processing file /home/airflow/.local/lib/python3.8/site-packages/airflow/example_dags/example_complex.py for tasks to queue
[2024-07-08T00:17:42.143+0000] {logging_mixin.py:188} INFO - [2024-07-08T00:17:42.142+0000] {dagbag.py:540} INFO - Filling up the DagBag from /home/airflow/.local/lib/python3.8/site-packages/airflow/example_dags/example_complex.py
[2024-07-08T00:17:42.169+0000] {processor.py:840} INFO - DAG(s) 'example_complex' retrieved from /home/airflow/.local/lib/python3.8/site-packages/airflow/example_dags/example_complex.py
[2024-07-08T00:17:42.233+0000] {logging_mixin.py:188} INFO - [2024-07-08T00:17:42.232+0000] {dag.py:3047} INFO - Sync 1 DAGs
[2024-07-08T00:17:42.251+0000] {logging_mixin.py:188} INFO - [2024-07-08T00:17:42.251+0000] {dag.py:3834} INFO - Setting next_dagrun for example_complex to None, run_after=None
[2024-07-08T00:17:42.276+0000] {processor.py:183} INFO - Processing /home/airflow/.local/lib/python3.8/site-packages/airflow/example_dags/example_complex.py took 0.145 seconds
[2024-07-08T00:18:12.734+0000] {processor.py:161} INFO - Started process (PID=984) to work on /home/airflow/.local/lib/python3.8/site-packages/airflow/example_dags/example_complex.py
[2024-07-08T00:18:12.736+0000] {processor.py:830} INFO - Processing file /home/airflow/.local/lib/python3.8/site-packages/airflow/example_dags/example_complex.py for tasks to queue
[2024-07-08T00:18:12.739+0000] {logging_mixin.py:188} INFO - [2024-07-08T00:18:12.739+0000] {dagbag.py:540} INFO - Filling up the DagBag from /home/airflow/.local/lib/python3.8/site-packages/airflow/example_dags/example_complex.py
[2024-07-08T00:18:12.766+0000] {processor.py:840} INFO - DAG(s) 'example_complex' retrieved from /home/airflow/.local/lib/python3.8/site-packages/airflow/example_dags/example_complex.py
[2024-07-08T00:18:12.825+0000] {logging_mixin.py:188} INFO - [2024-07-08T00:18:12.824+0000] {dag.py:3047} INFO - Sync 1 DAGs
[2024-07-08T00:18:12.849+0000] {logging_mixin.py:188} INFO - [2024-07-08T00:18:12.849+0000] {dag.py:3834} INFO - Setting next_dagrun for example_complex to None, run_after=None
[2024-07-08T00:18:12.890+0000] {processor.py:183} INFO - Processing /home/airflow/.local/lib/python3.8/site-packages/airflow/example_dags/example_complex.py took 0.161 seconds
[2024-07-08T00:18:43.480+0000] {processor.py:161} INFO - Started process (PID=1046) to work on /home/airflow/.local/lib/python3.8/site-packages/airflow/example_dags/example_complex.py
[2024-07-08T00:18:43.481+0000] {processor.py:830} INFO - Processing file /home/airflow/.local/lib/python3.8/site-packages/airflow/example_dags/example_complex.py for tasks to queue
[2024-07-08T00:18:43.484+0000] {logging_mixin.py:188} INFO - [2024-07-08T00:18:43.483+0000] {dagbag.py:540} INFO - Filling up the DagBag from /home/airflow/.local/lib/python3.8/site-packages/airflow/example_dags/example_complex.py
[2024-07-08T00:18:43.503+0000] {processor.py:840} INFO - DAG(s) 'example_complex' retrieved from /home/airflow/.local/lib/python3.8/site-packages/airflow/example_dags/example_complex.py
[2024-07-08T00:18:43.550+0000] {logging_mixin.py:188} INFO - [2024-07-08T00:18:43.550+0000] {dag.py:3047} INFO - Sync 1 DAGs
[2024-07-08T00:18:43.566+0000] {logging_mixin.py:188} INFO - [2024-07-08T00:18:43.566+0000] {dag.py:3834} INFO - Setting next_dagrun for example_complex to None, run_after=None
[2024-07-08T00:18:43.591+0000] {processor.py:183} INFO - Processing /home/airflow/.local/lib/python3.8/site-packages/airflow/example_dags/example_complex.py took 0.117 seconds
[2024-07-08T00:19:15.280+0000] {processor.py:161} INFO - Started process (PID=1110) to work on /home/airflow/.local/lib/python3.8/site-packages/airflow/example_dags/example_complex.py
[2024-07-08T00:19:15.282+0000] {processor.py:830} INFO - Processing file /home/airflow/.local/lib/python3.8/site-packages/airflow/example_dags/example_complex.py for tasks to queue
[2024-07-08T00:19:15.285+0000] {logging_mixin.py:188} INFO - [2024-07-08T00:19:15.284+0000] {dagbag.py:540} INFO - Filling up the DagBag from /home/airflow/.local/lib/python3.8/site-packages/airflow/example_dags/example_complex.py
[2024-07-08T00:19:15.305+0000] {processor.py:840} INFO - DAG(s) 'example_complex' retrieved from /home/airflow/.local/lib/python3.8/site-packages/airflow/example_dags/example_complex.py
[2024-07-08T00:19:15.356+0000] {logging_mixin.py:188} INFO - [2024-07-08T00:19:15.355+0000] {dag.py:3047} INFO - Sync 1 DAGs
[2024-07-08T00:19:15.375+0000] {logging_mixin.py:188} INFO - [2024-07-08T00:19:15.374+0000] {dag.py:3834} INFO - Setting next_dagrun for example_complex to None, run_after=None
[2024-07-08T00:19:15.417+0000] {processor.py:183} INFO - Processing /home/airflow/.local/lib/python3.8/site-packages/airflow/example_dags/example_complex.py took 0.143 seconds
[2024-07-08T00:19:46.448+0000] {processor.py:161} INFO - Started process (PID=1173) to work on /home/airflow/.local/lib/python3.8/site-packages/airflow/example_dags/example_complex.py
[2024-07-08T00:19:46.450+0000] {processor.py:830} INFO - Processing file /home/airflow/.local/lib/python3.8/site-packages/airflow/example_dags/example_complex.py for tasks to queue
[2024-07-08T00:19:46.453+0000] {logging_mixin.py:188} INFO - [2024-07-08T00:19:46.453+0000] {dagbag.py:540} INFO - Filling up the DagBag from /home/airflow/.local/lib/python3.8/site-packages/airflow/example_dags/example_complex.py
[2024-07-08T00:19:46.469+0000] {processor.py:840} INFO - DAG(s) 'example_complex' retrieved from /home/airflow/.local/lib/python3.8/site-packages/airflow/example_dags/example_complex.py
[2024-07-08T00:19:46.515+0000] {logging_mixin.py:188} INFO - [2024-07-08T00:19:46.514+0000] {dag.py:3047} INFO - Sync 1 DAGs
[2024-07-08T00:19:46.528+0000] {logging_mixin.py:188} INFO - [2024-07-08T00:19:46.528+0000] {dag.py:3834} INFO - Setting next_dagrun for example_complex to None, run_after=None
[2024-07-08T00:19:46.554+0000] {processor.py:183} INFO - Processing /home/airflow/.local/lib/python3.8/site-packages/airflow/example_dags/example_complex.py took 0.112 seconds
[2024-07-08T00:20:16.664+0000] {processor.py:161} INFO - Started process (PID=1229) to work on /home/airflow/.local/lib/python3.8/site-packages/airflow/example_dags/example_complex.py
[2024-07-08T00:20:16.665+0000] {processor.py:830} INFO - Processing file /home/airflow/.local/lib/python3.8/site-packages/airflow/example_dags/example_complex.py for tasks to queue
[2024-07-08T00:20:16.668+0000] {logging_mixin.py:188} INFO - [2024-07-08T00:20:16.668+0000] {dagbag.py:540} INFO - Filling up the DagBag from /home/airflow/.local/lib/python3.8/site-packages/airflow/example_dags/example_complex.py
[2024-07-08T00:20:16.686+0000] {processor.py:840} INFO - DAG(s) 'example_complex' retrieved from /home/airflow/.local/lib/python3.8/site-packages/airflow/example_dags/example_complex.py
[2024-07-08T00:20:16.730+0000] {logging_mixin.py:188} INFO - [2024-07-08T00:20:16.730+0000] {dag.py:3047} INFO - Sync 1 DAGs
[2024-07-08T00:20:16.744+0000] {logging_mixin.py:188} INFO - [2024-07-08T00:20:16.744+0000] {dag.py:3834} INFO - Setting next_dagrun for example_complex to None, run_after=None
[2024-07-08T00:20:16.787+0000] {processor.py:183} INFO - Processing /home/airflow/.local/lib/python3.8/site-packages/airflow/example_dags/example_complex.py took 0.130 seconds
[2024-07-08T00:20:47.354+0000] {processor.py:161} INFO - Started process (PID=1293) to work on /home/airflow/.local/lib/python3.8/site-packages/airflow/example_dags/example_complex.py
[2024-07-08T00:20:47.355+0000] {processor.py:830} INFO - Processing file /home/airflow/.local/lib/python3.8/site-packages/airflow/example_dags/example_complex.py for tasks to queue
[2024-07-08T00:20:47.358+0000] {logging_mixin.py:188} INFO - [2024-07-08T00:20:47.357+0000] {dagbag.py:540} INFO - Filling up the DagBag from /home/airflow/.local/lib/python3.8/site-packages/airflow/example_dags/example_complex.py
[2024-07-08T00:20:47.378+0000] {processor.py:840} INFO - DAG(s) 'example_complex' retrieved from /home/airflow/.local/lib/python3.8/site-packages/airflow/example_dags/example_complex.py
[2024-07-08T00:20:47.438+0000] {logging_mixin.py:188} INFO - [2024-07-08T00:20:47.436+0000] {dag.py:3047} INFO - Sync 1 DAGs
[2024-07-08T00:20:47.469+0000] {logging_mixin.py:188} INFO - [2024-07-08T00:20:47.469+0000] {dag.py:3834} INFO - Setting next_dagrun for example_complex to None, run_after=None
[2024-07-08T00:20:47.511+0000] {processor.py:183} INFO - Processing /home/airflow/.local/lib/python3.8/site-packages/airflow/example_dags/example_complex.py took 0.162 seconds
[2024-07-08T00:21:18.350+0000] {processor.py:161} INFO - Started process (PID=1357) to work on /home/airflow/.local/lib/python3.8/site-packages/airflow/example_dags/example_complex.py
[2024-07-08T00:21:18.352+0000] {processor.py:830} INFO - Processing file /home/airflow/.local/lib/python3.8/site-packages/airflow/example_dags/example_complex.py for tasks to queue
[2024-07-08T00:21:18.356+0000] {logging_mixin.py:188} INFO - [2024-07-08T00:21:18.356+0000] {dagbag.py:540} INFO - Filling up the DagBag from /home/airflow/.local/lib/python3.8/site-packages/airflow/example_dags/example_complex.py
[2024-07-08T00:21:18.394+0000] {processor.py:840} INFO - DAG(s) 'example_complex' retrieved from /home/airflow/.local/lib/python3.8/site-packages/airflow/example_dags/example_complex.py
[2024-07-08T00:21:18.473+0000] {logging_mixin.py:188} INFO - [2024-07-08T00:21:18.473+0000] {dag.py:3047} INFO - Sync 1 DAGs
[2024-07-08T00:21:18.504+0000] {logging_mixin.py:188} INFO - [2024-07-08T00:21:18.503+0000] {dag.py:3834} INFO - Setting next_dagrun for example_complex to None, run_after=None
[2024-07-08T00:21:18.543+0000] {processor.py:183} INFO - Processing /home/airflow/.local/lib/python3.8/site-packages/airflow/example_dags/example_complex.py took 0.202 seconds
[2024-07-08T00:21:48.722+0000] {processor.py:161} INFO - Started process (PID=1420) to work on /home/airflow/.local/lib/python3.8/site-packages/airflow/example_dags/example_complex.py
[2024-07-08T00:21:48.723+0000] {processor.py:830} INFO - Processing file /home/airflow/.local/lib/python3.8/site-packages/airflow/example_dags/example_complex.py for tasks to queue
[2024-07-08T00:21:48.726+0000] {logging_mixin.py:188} INFO - [2024-07-08T00:21:48.725+0000] {dagbag.py:540} INFO - Filling up the DagBag from /home/airflow/.local/lib/python3.8/site-packages/airflow/example_dags/example_complex.py
[2024-07-08T00:21:48.743+0000] {processor.py:840} INFO - DAG(s) 'example_complex' retrieved from /home/airflow/.local/lib/python3.8/site-packages/airflow/example_dags/example_complex.py
[2024-07-08T00:21:48.812+0000] {logging_mixin.py:188} INFO - [2024-07-08T00:21:48.812+0000] {dag.py:3047} INFO - Sync 1 DAGs
[2024-07-08T00:21:48.839+0000] {logging_mixin.py:188} INFO - [2024-07-08T00:21:48.838+0000] {dag.py:3834} INFO - Setting next_dagrun for example_complex to None, run_after=None
[2024-07-08T00:21:48.866+0000] {processor.py:183} INFO - Processing /home/airflow/.local/lib/python3.8/site-packages/airflow/example_dags/example_complex.py took 0.149 seconds
[2024-07-08T00:22:19.215+0000] {processor.py:161} INFO - Started process (PID=1484) to work on /home/airflow/.local/lib/python3.8/site-packages/airflow/example_dags/example_complex.py
[2024-07-08T00:22:19.217+0000] {processor.py:830} INFO - Processing file /home/airflow/.local/lib/python3.8/site-packages/airflow/example_dags/example_complex.py for tasks to queue
[2024-07-08T00:22:19.220+0000] {logging_mixin.py:188} INFO - [2024-07-08T00:22:19.220+0000] {dagbag.py:540} INFO - Filling up the DagBag from /home/airflow/.local/lib/python3.8/site-packages/airflow/example_dags/example_complex.py
[2024-07-08T00:22:19.243+0000] {processor.py:840} INFO - DAG(s) 'example_complex' retrieved from /home/airflow/.local/lib/python3.8/site-packages/airflow/example_dags/example_complex.py
[2024-07-08T00:22:19.310+0000] {logging_mixin.py:188} INFO - [2024-07-08T00:22:19.309+0000] {dag.py:3047} INFO - Sync 1 DAGs
[2024-07-08T00:22:19.338+0000] {logging_mixin.py:188} INFO - [2024-07-08T00:22:19.338+0000] {dag.py:3834} INFO - Setting next_dagrun for example_complex to None, run_after=None
[2024-07-08T00:22:19.380+0000] {processor.py:183} INFO - Processing /home/airflow/.local/lib/python3.8/site-packages/airflow/example_dags/example_complex.py took 0.173 seconds
[2024-07-08T00:22:49.610+0000] {processor.py:161} INFO - Started process (PID=1548) to work on /home/airflow/.local/lib/python3.8/site-packages/airflow/example_dags/example_complex.py
[2024-07-08T00:22:49.614+0000] {processor.py:830} INFO - Processing file /home/airflow/.local/lib/python3.8/site-packages/airflow/example_dags/example_complex.py for tasks to queue
[2024-07-08T00:22:49.618+0000] {logging_mixin.py:188} INFO - [2024-07-08T00:22:49.618+0000] {dagbag.py:540} INFO - Filling up the DagBag from /home/airflow/.local/lib/python3.8/site-packages/airflow/example_dags/example_complex.py
[2024-07-08T00:22:49.643+0000] {processor.py:840} INFO - DAG(s) 'example_complex' retrieved from /home/airflow/.local/lib/python3.8/site-packages/airflow/example_dags/example_complex.py
[2024-07-08T00:22:49.695+0000] {logging_mixin.py:188} INFO - [2024-07-08T00:22:49.694+0000] {dag.py:3047} INFO - Sync 1 DAGs
[2024-07-08T00:22:49.712+0000] {logging_mixin.py:188} INFO - [2024-07-08T00:22:49.712+0000] {dag.py:3834} INFO - Setting next_dagrun for example_complex to None, run_after=None
[2024-07-08T00:22:49.734+0000] {processor.py:183} INFO - Processing /home/airflow/.local/lib/python3.8/site-packages/airflow/example_dags/example_complex.py took 0.133 seconds
[2024-07-08T00:23:19.835+0000] {processor.py:161} INFO - Started process (PID=1612) to work on /home/airflow/.local/lib/python3.8/site-packages/airflow/example_dags/example_complex.py
[2024-07-08T00:23:19.837+0000] {processor.py:830} INFO - Processing file /home/airflow/.local/lib/python3.8/site-packages/airflow/example_dags/example_complex.py for tasks to queue
[2024-07-08T00:23:19.840+0000] {logging_mixin.py:188} INFO - [2024-07-08T00:23:19.839+0000] {dagbag.py:540} INFO - Filling up the DagBag from /home/airflow/.local/lib/python3.8/site-packages/airflow/example_dags/example_complex.py
[2024-07-08T00:23:19.858+0000] {processor.py:840} INFO - DAG(s) 'example_complex' retrieved from /home/airflow/.local/lib/python3.8/site-packages/airflow/example_dags/example_complex.py
[2024-07-08T00:23:19.907+0000] {logging_mixin.py:188} INFO - [2024-07-08T00:23:19.907+0000] {dag.py:3047} INFO - Sync 1 DAGs
[2024-07-08T00:23:19.928+0000] {logging_mixin.py:188} INFO - [2024-07-08T00:23:19.928+0000] {dag.py:3834} INFO - Setting next_dagrun for example_complex to None, run_after=None
[2024-07-08T00:23:19.953+0000] {processor.py:183} INFO - Processing /home/airflow/.local/lib/python3.8/site-packages/airflow/example_dags/example_complex.py took 0.122 seconds
[2024-07-08T00:23:50.994+0000] {processor.py:161} INFO - Started process (PID=1676) to work on /home/airflow/.local/lib/python3.8/site-packages/airflow/example_dags/example_complex.py
[2024-07-08T00:23:50.996+0000] {processor.py:830} INFO - Processing file /home/airflow/.local/lib/python3.8/site-packages/airflow/example_dags/example_complex.py for tasks to queue
[2024-07-08T00:23:50.999+0000] {logging_mixin.py:188} INFO - [2024-07-08T00:23:50.998+0000] {dagbag.py:540} INFO - Filling up the DagBag from /home/airflow/.local/lib/python3.8/site-packages/airflow/example_dags/example_complex.py
[2024-07-08T00:23:51.017+0000] {processor.py:840} INFO - DAG(s) 'example_complex' retrieved from /home/airflow/.local/lib/python3.8/site-packages/airflow/example_dags/example_complex.py
[2024-07-08T00:23:51.066+0000] {logging_mixin.py:188} INFO - [2024-07-08T00:23:51.066+0000] {dag.py:3047} INFO - Sync 1 DAGs
[2024-07-08T00:23:51.084+0000] {logging_mixin.py:188} INFO - [2024-07-08T00:23:51.084+0000] {dag.py:3834} INFO - Setting next_dagrun for example_complex to None, run_after=None
[2024-07-08T00:23:51.110+0000] {processor.py:183} INFO - Processing /home/airflow/.local/lib/python3.8/site-packages/airflow/example_dags/example_complex.py took 0.120 seconds
[2024-07-08T00:24:21.417+0000] {processor.py:161} INFO - Started process (PID=1740) to work on /home/airflow/.local/lib/python3.8/site-packages/airflow/example_dags/example_complex.py
[2024-07-08T00:24:21.419+0000] {processor.py:830} INFO - Processing file /home/airflow/.local/lib/python3.8/site-packages/airflow/example_dags/example_complex.py for tasks to queue
[2024-07-08T00:24:21.423+0000] {logging_mixin.py:188} INFO - [2024-07-08T00:24:21.422+0000] {dagbag.py:540} INFO - Filling up the DagBag from /home/airflow/.local/lib/python3.8/site-packages/airflow/example_dags/example_complex.py
[2024-07-08T00:24:21.447+0000] {processor.py:840} INFO - DAG(s) 'example_complex' retrieved from /home/airflow/.local/lib/python3.8/site-packages/airflow/example_dags/example_complex.py
[2024-07-08T00:24:21.503+0000] {logging_mixin.py:188} INFO - [2024-07-08T00:24:21.503+0000] {dag.py:3047} INFO - Sync 1 DAGs
[2024-07-08T00:24:21.519+0000] {logging_mixin.py:188} INFO - [2024-07-08T00:24:21.518+0000] {dag.py:3834} INFO - Setting next_dagrun for example_complex to None, run_after=None
[2024-07-08T00:24:21.544+0000] {processor.py:183} INFO - Processing /home/airflow/.local/lib/python3.8/site-packages/airflow/example_dags/example_complex.py took 0.133 seconds
[2024-07-08T00:24:52.189+0000] {processor.py:161} INFO - Started process (PID=1804) to work on /home/airflow/.local/lib/python3.8/site-packages/airflow/example_dags/example_complex.py
[2024-07-08T00:24:52.191+0000] {processor.py:830} INFO - Processing file /home/airflow/.local/lib/python3.8/site-packages/airflow/example_dags/example_complex.py for tasks to queue
[2024-07-08T00:24:52.194+0000] {logging_mixin.py:188} INFO - [2024-07-08T00:24:52.193+0000] {dagbag.py:540} INFO - Filling up the DagBag from /home/airflow/.local/lib/python3.8/site-packages/airflow/example_dags/example_complex.py
[2024-07-08T00:24:52.213+0000] {processor.py:840} INFO - DAG(s) 'example_complex' retrieved from /home/airflow/.local/lib/python3.8/site-packages/airflow/example_dags/example_complex.py
[2024-07-08T00:24:52.262+0000] {logging_mixin.py:188} INFO - [2024-07-08T00:24:52.261+0000] {dag.py:3047} INFO - Sync 1 DAGs
[2024-07-08T00:24:52.283+0000] {logging_mixin.py:188} INFO - [2024-07-08T00:24:52.283+0000] {dag.py:3834} INFO - Setting next_dagrun for example_complex to None, run_after=None
[2024-07-08T00:24:52.367+0000] {processor.py:183} INFO - Processing /home/airflow/.local/lib/python3.8/site-packages/airflow/example_dags/example_complex.py took 0.184 seconds
[2024-07-08T00:25:22.977+0000] {processor.py:161} INFO - Started process (PID=1868) to work on /home/airflow/.local/lib/python3.8/site-packages/airflow/example_dags/example_complex.py
[2024-07-08T00:25:22.979+0000] {processor.py:830} INFO - Processing file /home/airflow/.local/lib/python3.8/site-packages/airflow/example_dags/example_complex.py for tasks to queue
[2024-07-08T00:25:22.981+0000] {logging_mixin.py:188} INFO - [2024-07-08T00:25:22.981+0000] {dagbag.py:540} INFO - Filling up the DagBag from /home/airflow/.local/lib/python3.8/site-packages/airflow/example_dags/example_complex.py
[2024-07-08T00:25:23.000+0000] {processor.py:840} INFO - DAG(s) 'example_complex' retrieved from /home/airflow/.local/lib/python3.8/site-packages/airflow/example_dags/example_complex.py
[2024-07-08T00:25:23.070+0000] {logging_mixin.py:188} INFO - [2024-07-08T00:25:23.070+0000] {dag.py:3047} INFO - Sync 1 DAGs
[2024-07-08T00:25:23.127+0000] {logging_mixin.py:188} INFO - [2024-07-08T00:25:23.126+0000] {dag.py:3834} INFO - Setting next_dagrun for example_complex to None, run_after=None
[2024-07-08T00:25:23.212+0000] {processor.py:183} INFO - Processing /home/airflow/.local/lib/python3.8/site-packages/airflow/example_dags/example_complex.py took 0.240 seconds
[2024-07-08T00:25:54.261+0000] {processor.py:161} INFO - Started process (PID=1933) to work on /home/airflow/.local/lib/python3.8/site-packages/airflow/example_dags/example_complex.py
[2024-07-08T00:25:54.264+0000] {processor.py:830} INFO - Processing file /home/airflow/.local/lib/python3.8/site-packages/airflow/example_dags/example_complex.py for tasks to queue
[2024-07-08T00:25:54.267+0000] {logging_mixin.py:188} INFO - [2024-07-08T00:25:54.266+0000] {dagbag.py:540} INFO - Filling up the DagBag from /home/airflow/.local/lib/python3.8/site-packages/airflow/example_dags/example_complex.py
[2024-07-08T00:25:54.287+0000] {processor.py:840} INFO - DAG(s) 'example_complex' retrieved from /home/airflow/.local/lib/python3.8/site-packages/airflow/example_dags/example_complex.py
[2024-07-08T00:25:54.343+0000] {logging_mixin.py:188} INFO - [2024-07-08T00:25:54.342+0000] {dag.py:3047} INFO - Sync 1 DAGs
[2024-07-08T00:25:54.371+0000] {logging_mixin.py:188} INFO - [2024-07-08T00:25:54.371+0000] {dag.py:3834} INFO - Setting next_dagrun for example_complex to None, run_after=None
[2024-07-08T00:25:54.406+0000] {processor.py:183} INFO - Processing /home/airflow/.local/lib/python3.8/site-packages/airflow/example_dags/example_complex.py took 0.151 seconds
[2024-07-08T00:26:24.568+0000] {processor.py:161} INFO - Started process (PID=1997) to work on /home/airflow/.local/lib/python3.8/site-packages/airflow/example_dags/example_complex.py
[2024-07-08T00:26:24.571+0000] {processor.py:830} INFO - Processing file /home/airflow/.local/lib/python3.8/site-packages/airflow/example_dags/example_complex.py for tasks to queue
[2024-07-08T00:26:24.575+0000] {logging_mixin.py:188} INFO - [2024-07-08T00:26:24.575+0000] {dagbag.py:540} INFO - Filling up the DagBag from /home/airflow/.local/lib/python3.8/site-packages/airflow/example_dags/example_complex.py
[2024-07-08T00:26:24.604+0000] {processor.py:840} INFO - DAG(s) 'example_complex' retrieved from /home/airflow/.local/lib/python3.8/site-packages/airflow/example_dags/example_complex.py
[2024-07-08T00:26:24.692+0000] {logging_mixin.py:188} INFO - [2024-07-08T00:26:24.691+0000] {dag.py:3047} INFO - Sync 1 DAGs
[2024-07-08T00:26:24.721+0000] {logging_mixin.py:188} INFO - [2024-07-08T00:26:24.720+0000] {dag.py:3834} INFO - Setting next_dagrun for example_complex to None, run_after=None
[2024-07-08T00:26:24.753+0000] {processor.py:183} INFO - Processing /home/airflow/.local/lib/python3.8/site-packages/airflow/example_dags/example_complex.py took 0.192 seconds
[2024-07-08T00:26:54.828+0000] {processor.py:161} INFO - Started process (PID=2061) to work on /home/airflow/.local/lib/python3.8/site-packages/airflow/example_dags/example_complex.py
[2024-07-08T00:26:54.830+0000] {processor.py:830} INFO - Processing file /home/airflow/.local/lib/python3.8/site-packages/airflow/example_dags/example_complex.py for tasks to queue
[2024-07-08T00:26:54.833+0000] {logging_mixin.py:188} INFO - [2024-07-08T00:26:54.833+0000] {dagbag.py:540} INFO - Filling up the DagBag from /home/airflow/.local/lib/python3.8/site-packages/airflow/example_dags/example_complex.py
[2024-07-08T00:26:54.857+0000] {processor.py:840} INFO - DAG(s) 'example_complex' retrieved from /home/airflow/.local/lib/python3.8/site-packages/airflow/example_dags/example_complex.py
[2024-07-08T00:26:54.910+0000] {logging_mixin.py:188} INFO - [2024-07-08T00:26:54.910+0000] {dag.py:3047} INFO - Sync 1 DAGs
[2024-07-08T00:26:54.926+0000] {logging_mixin.py:188} INFO - [2024-07-08T00:26:54.926+0000] {dag.py:3834} INFO - Setting next_dagrun for example_complex to None, run_after=None
[2024-07-08T00:26:54.951+0000] {processor.py:183} INFO - Processing /home/airflow/.local/lib/python3.8/site-packages/airflow/example_dags/example_complex.py took 0.129 seconds
[2024-07-08T00:27:25.888+0000] {processor.py:161} INFO - Started process (PID=2125) to work on /home/airflow/.local/lib/python3.8/site-packages/airflow/example_dags/example_complex.py
[2024-07-08T00:27:25.890+0000] {processor.py:830} INFO - Processing file /home/airflow/.local/lib/python3.8/site-packages/airflow/example_dags/example_complex.py for tasks to queue
[2024-07-08T00:27:25.894+0000] {logging_mixin.py:188} INFO - [2024-07-08T00:27:25.893+0000] {dagbag.py:540} INFO - Filling up the DagBag from /home/airflow/.local/lib/python3.8/site-packages/airflow/example_dags/example_complex.py
[2024-07-08T00:27:25.916+0000] {processor.py:840} INFO - DAG(s) 'example_complex' retrieved from /home/airflow/.local/lib/python3.8/site-packages/airflow/example_dags/example_complex.py
[2024-07-08T00:27:25.969+0000] {logging_mixin.py:188} INFO - [2024-07-08T00:27:25.969+0000] {dag.py:3047} INFO - Sync 1 DAGs
[2024-07-08T00:27:25.989+0000] {logging_mixin.py:188} INFO - [2024-07-08T00:27:25.989+0000] {dag.py:3834} INFO - Setting next_dagrun for example_complex to None, run_after=None
[2024-07-08T00:27:26.017+0000] {processor.py:183} INFO - Processing /home/airflow/.local/lib/python3.8/site-packages/airflow/example_dags/example_complex.py took 0.134 seconds
[2024-07-08T00:27:56.469+0000] {processor.py:161} INFO - Started process (PID=2190) to work on /home/airflow/.local/lib/python3.8/site-packages/airflow/example_dags/example_complex.py
[2024-07-08T00:27:56.471+0000] {processor.py:830} INFO - Processing file /home/airflow/.local/lib/python3.8/site-packages/airflow/example_dags/example_complex.py for tasks to queue
[2024-07-08T00:27:56.474+0000] {logging_mixin.py:188} INFO - [2024-07-08T00:27:56.473+0000] {dagbag.py:540} INFO - Filling up the DagBag from /home/airflow/.local/lib/python3.8/site-packages/airflow/example_dags/example_complex.py
[2024-07-08T00:27:56.494+0000] {processor.py:840} INFO - DAG(s) 'example_complex' retrieved from /home/airflow/.local/lib/python3.8/site-packages/airflow/example_dags/example_complex.py
[2024-07-08T00:27:56.554+0000] {logging_mixin.py:188} INFO - [2024-07-08T00:27:56.553+0000] {dag.py:3047} INFO - Sync 1 DAGs
[2024-07-08T00:27:56.572+0000] {logging_mixin.py:188} INFO - [2024-07-08T00:27:56.572+0000] {dag.py:3834} INFO - Setting next_dagrun for example_complex to None, run_after=None
[2024-07-08T00:27:56.599+0000] {processor.py:183} INFO - Processing /home/airflow/.local/lib/python3.8/site-packages/airflow/example_dags/example_complex.py took 0.135 seconds
[2024-07-08T00:28:27.389+0000] {processor.py:161} INFO - Started process (PID=2254) to work on /home/airflow/.local/lib/python3.8/site-packages/airflow/example_dags/example_complex.py
[2024-07-08T00:28:27.391+0000] {processor.py:830} INFO - Processing file /home/airflow/.local/lib/python3.8/site-packages/airflow/example_dags/example_complex.py for tasks to queue
[2024-07-08T00:28:27.394+0000] {logging_mixin.py:188} INFO - [2024-07-08T00:28:27.393+0000] {dagbag.py:540} INFO - Filling up the DagBag from /home/airflow/.local/lib/python3.8/site-packages/airflow/example_dags/example_complex.py
[2024-07-08T00:28:27.418+0000] {processor.py:840} INFO - DAG(s) 'example_complex' retrieved from /home/airflow/.local/lib/python3.8/site-packages/airflow/example_dags/example_complex.py
[2024-07-08T00:28:27.487+0000] {logging_mixin.py:188} INFO - [2024-07-08T00:28:27.486+0000] {dag.py:3047} INFO - Sync 1 DAGs
[2024-07-08T00:28:27.563+0000] {logging_mixin.py:188} INFO - [2024-07-08T00:28:27.562+0000] {dag.py:3834} INFO - Setting next_dagrun for example_complex to None, run_after=None
[2024-07-08T00:28:27.673+0000] {processor.py:183} INFO - Processing /home/airflow/.local/lib/python3.8/site-packages/airflow/example_dags/example_complex.py took 0.290 seconds
[2024-07-08T00:28:57.973+0000] {processor.py:161} INFO - Started process (PID=2318) to work on /home/airflow/.local/lib/python3.8/site-packages/airflow/example_dags/example_complex.py
[2024-07-08T00:28:57.974+0000] {processor.py:830} INFO - Processing file /home/airflow/.local/lib/python3.8/site-packages/airflow/example_dags/example_complex.py for tasks to queue
[2024-07-08T00:28:57.978+0000] {logging_mixin.py:188} INFO - [2024-07-08T00:28:57.978+0000] {dagbag.py:540} INFO - Filling up the DagBag from /home/airflow/.local/lib/python3.8/site-packages/airflow/example_dags/example_complex.py
[2024-07-08T00:28:57.999+0000] {processor.py:840} INFO - DAG(s) 'example_complex' retrieved from /home/airflow/.local/lib/python3.8/site-packages/airflow/example_dags/example_complex.py
[2024-07-08T00:28:58.059+0000] {logging_mixin.py:188} INFO - [2024-07-08T00:28:58.059+0000] {dag.py:3047} INFO - Sync 1 DAGs
[2024-07-08T00:28:58.081+0000] {logging_mixin.py:188} INFO - [2024-07-08T00:28:58.080+0000] {dag.py:3834} INFO - Setting next_dagrun for example_complex to None, run_after=None
[2024-07-08T00:28:58.112+0000] {processor.py:183} INFO - Processing /home/airflow/.local/lib/python3.8/site-packages/airflow/example_dags/example_complex.py took 0.145 seconds
[2024-07-08T00:29:28.718+0000] {processor.py:161} INFO - Started process (PID=2382) to work on /home/airflow/.local/lib/python3.8/site-packages/airflow/example_dags/example_complex.py
[2024-07-08T00:29:28.720+0000] {processor.py:830} INFO - Processing file /home/airflow/.local/lib/python3.8/site-packages/airflow/example_dags/example_complex.py for tasks to queue
[2024-07-08T00:29:28.723+0000] {logging_mixin.py:188} INFO - [2024-07-08T00:29:28.722+0000] {dagbag.py:540} INFO - Filling up the DagBag from /home/airflow/.local/lib/python3.8/site-packages/airflow/example_dags/example_complex.py
[2024-07-08T00:29:28.740+0000] {processor.py:840} INFO - DAG(s) 'example_complex' retrieved from /home/airflow/.local/lib/python3.8/site-packages/airflow/example_dags/example_complex.py
[2024-07-08T00:29:28.784+0000] {logging_mixin.py:188} INFO - [2024-07-08T00:29:28.784+0000] {dag.py:3047} INFO - Sync 1 DAGs
[2024-07-08T00:29:28.801+0000] {logging_mixin.py:188} INFO - [2024-07-08T00:29:28.800+0000] {dag.py:3834} INFO - Setting next_dagrun for example_complex to None, run_after=None
[2024-07-08T00:29:28.828+0000] {processor.py:183} INFO - Processing /home/airflow/.local/lib/python3.8/site-packages/airflow/example_dags/example_complex.py took 0.114 seconds
[2024-07-08T00:30:03.863+0000] {processor.py:161} INFO - Started process (PID=2452) to work on /home/airflow/.local/lib/python3.8/site-packages/airflow/example_dags/example_complex.py
[2024-07-08T00:30:03.865+0000] {processor.py:830} INFO - Processing file /home/airflow/.local/lib/python3.8/site-packages/airflow/example_dags/example_complex.py for tasks to queue
[2024-07-08T00:30:03.871+0000] {logging_mixin.py:188} INFO - [2024-07-08T00:30:03.870+0000] {dagbag.py:540} INFO - Filling up the DagBag from /home/airflow/.local/lib/python3.8/site-packages/airflow/example_dags/example_complex.py
[2024-07-08T00:30:03.918+0000] {processor.py:840} INFO - DAG(s) 'example_complex' retrieved from /home/airflow/.local/lib/python3.8/site-packages/airflow/example_dags/example_complex.py
[2024-07-08T00:30:04.022+0000] {logging_mixin.py:188} INFO - [2024-07-08T00:30:04.021+0000] {dag.py:3047} INFO - Sync 1 DAGs
[2024-07-08T00:30:04.064+0000] {logging_mixin.py:188} INFO - [2024-07-08T00:30:04.063+0000] {dag.py:3834} INFO - Setting next_dagrun for example_complex to None, run_after=None
[2024-07-08T00:30:04.109+0000] {processor.py:183} INFO - Processing /home/airflow/.local/lib/python3.8/site-packages/airflow/example_dags/example_complex.py took 0.253 seconds
[2024-07-08T00:30:36.355+0000] {processor.py:161} INFO - Started process (PID=2516) to work on /home/airflow/.local/lib/python3.8/site-packages/airflow/example_dags/example_complex.py
[2024-07-08T00:30:36.361+0000] {processor.py:830} INFO - Processing file /home/airflow/.local/lib/python3.8/site-packages/airflow/example_dags/example_complex.py for tasks to queue
[2024-07-08T00:30:36.366+0000] {logging_mixin.py:188} INFO - [2024-07-08T00:30:36.365+0000] {dagbag.py:540} INFO - Filling up the DagBag from /home/airflow/.local/lib/python3.8/site-packages/airflow/example_dags/example_complex.py
[2024-07-08T00:30:36.421+0000] {processor.py:840} INFO - DAG(s) 'example_complex' retrieved from /home/airflow/.local/lib/python3.8/site-packages/airflow/example_dags/example_complex.py
[2024-07-08T00:30:36.574+0000] {logging_mixin.py:188} INFO - [2024-07-08T00:30:36.573+0000] {dag.py:3047} INFO - Sync 1 DAGs
[2024-07-08T00:30:36.603+0000] {logging_mixin.py:188} INFO - [2024-07-08T00:30:36.602+0000] {dag.py:3834} INFO - Setting next_dagrun for example_complex to None, run_after=None
[2024-07-08T00:30:36.650+0000] {processor.py:183} INFO - Processing /home/airflow/.local/lib/python3.8/site-packages/airflow/example_dags/example_complex.py took 0.306 seconds
[2024-07-08T00:37:07.511+0000] {processor.py:161} INFO - Started process (PID=104) to work on /home/airflow/.local/lib/python3.8/site-packages/airflow/example_dags/example_complex.py
[2024-07-08T00:37:07.514+0000] {processor.py:830} INFO - Processing file /home/airflow/.local/lib/python3.8/site-packages/airflow/example_dags/example_complex.py for tasks to queue
[2024-07-08T00:37:07.517+0000] {logging_mixin.py:188} INFO - [2024-07-08T00:37:07.516+0000] {dagbag.py:540} INFO - Filling up the DagBag from /home/airflow/.local/lib/python3.8/site-packages/airflow/example_dags/example_complex.py
[2024-07-08T00:37:07.556+0000] {processor.py:840} INFO - DAG(s) 'example_complex' retrieved from /home/airflow/.local/lib/python3.8/site-packages/airflow/example_dags/example_complex.py
[2024-07-08T00:37:07.839+0000] {logging_mixin.py:188} INFO - [2024-07-08T00:37:07.839+0000] {dag.py:3047} INFO - Sync 1 DAGs
[2024-07-08T00:37:07.887+0000] {logging_mixin.py:188} INFO - [2024-07-08T00:37:07.887+0000] {dag.py:3834} INFO - Setting next_dagrun for example_complex to None, run_after=None
[2024-07-08T00:37:08.308+0000] {processor.py:183} INFO - Processing /home/airflow/.local/lib/python3.8/site-packages/airflow/example_dags/example_complex.py took 0.802 seconds
[2024-07-08T00:37:39.146+0000] {processor.py:161} INFO - Started process (PID=168) to work on /home/airflow/.local/lib/python3.8/site-packages/airflow/example_dags/example_complex.py
[2024-07-08T00:37:39.148+0000] {processor.py:830} INFO - Processing file /home/airflow/.local/lib/python3.8/site-packages/airflow/example_dags/example_complex.py for tasks to queue
[2024-07-08T00:37:39.152+0000] {logging_mixin.py:188} INFO - [2024-07-08T00:37:39.151+0000] {dagbag.py:540} INFO - Filling up the DagBag from /home/airflow/.local/lib/python3.8/site-packages/airflow/example_dags/example_complex.py
[2024-07-08T00:37:39.170+0000] {processor.py:840} INFO - DAG(s) 'example_complex' retrieved from /home/airflow/.local/lib/python3.8/site-packages/airflow/example_dags/example_complex.py
[2024-07-08T00:37:39.224+0000] {logging_mixin.py:188} INFO - [2024-07-08T00:37:39.224+0000] {dag.py:3047} INFO - Sync 1 DAGs
[2024-07-08T00:37:39.243+0000] {logging_mixin.py:188} INFO - [2024-07-08T00:37:39.242+0000] {dag.py:3834} INFO - Setting next_dagrun for example_complex to None, run_after=None
[2024-07-08T00:37:39.268+0000] {processor.py:183} INFO - Processing /home/airflow/.local/lib/python3.8/site-packages/airflow/example_dags/example_complex.py took 0.128 seconds
[2024-07-08T00:38:09.788+0000] {processor.py:161} INFO - Started process (PID=232) to work on /home/airflow/.local/lib/python3.8/site-packages/airflow/example_dags/example_complex.py
[2024-07-08T00:38:09.790+0000] {processor.py:830} INFO - Processing file /home/airflow/.local/lib/python3.8/site-packages/airflow/example_dags/example_complex.py for tasks to queue
[2024-07-08T00:38:09.793+0000] {logging_mixin.py:188} INFO - [2024-07-08T00:38:09.792+0000] {dagbag.py:540} INFO - Filling up the DagBag from /home/airflow/.local/lib/python3.8/site-packages/airflow/example_dags/example_complex.py
[2024-07-08T00:38:09.811+0000] {processor.py:840} INFO - DAG(s) 'example_complex' retrieved from /home/airflow/.local/lib/python3.8/site-packages/airflow/example_dags/example_complex.py
[2024-07-08T00:38:09.858+0000] {logging_mixin.py:188} INFO - [2024-07-08T00:38:09.858+0000] {dag.py:3047} INFO - Sync 1 DAGs
[2024-07-08T00:38:09.876+0000] {logging_mixin.py:188} INFO - [2024-07-08T00:38:09.875+0000] {dag.py:3834} INFO - Setting next_dagrun for example_complex to None, run_after=None
[2024-07-08T00:38:09.905+0000] {processor.py:183} INFO - Processing /home/airflow/.local/lib/python3.8/site-packages/airflow/example_dags/example_complex.py took 0.121 seconds
[2024-07-08T00:38:40.346+0000] {processor.py:161} INFO - Started process (PID=296) to work on /home/airflow/.local/lib/python3.8/site-packages/airflow/example_dags/example_complex.py
[2024-07-08T00:38:40.350+0000] {processor.py:830} INFO - Processing file /home/airflow/.local/lib/python3.8/site-packages/airflow/example_dags/example_complex.py for tasks to queue
[2024-07-08T00:38:40.356+0000] {logging_mixin.py:188} INFO - [2024-07-08T00:38:40.356+0000] {dagbag.py:540} INFO - Filling up the DagBag from /home/airflow/.local/lib/python3.8/site-packages/airflow/example_dags/example_complex.py
[2024-07-08T00:38:40.413+0000] {processor.py:840} INFO - DAG(s) 'example_complex' retrieved from /home/airflow/.local/lib/python3.8/site-packages/airflow/example_dags/example_complex.py
[2024-07-08T00:38:40.479+0000] {logging_mixin.py:188} INFO - [2024-07-08T00:38:40.478+0000] {dag.py:3047} INFO - Sync 1 DAGs
[2024-07-08T00:38:40.501+0000] {logging_mixin.py:188} INFO - [2024-07-08T00:38:40.500+0000] {dag.py:3834} INFO - Setting next_dagrun for example_complex to None, run_after=None
[2024-07-08T00:38:40.535+0000] {processor.py:183} INFO - Processing /home/airflow/.local/lib/python3.8/site-packages/airflow/example_dags/example_complex.py took 0.204 seconds
[2024-07-08T00:39:11.353+0000] {processor.py:161} INFO - Started process (PID=360) to work on /home/airflow/.local/lib/python3.8/site-packages/airflow/example_dags/example_complex.py
[2024-07-08T00:39:11.356+0000] {processor.py:830} INFO - Processing file /home/airflow/.local/lib/python3.8/site-packages/airflow/example_dags/example_complex.py for tasks to queue
[2024-07-08T00:39:11.363+0000] {logging_mixin.py:188} INFO - [2024-07-08T00:39:11.363+0000] {dagbag.py:540} INFO - Filling up the DagBag from /home/airflow/.local/lib/python3.8/site-packages/airflow/example_dags/example_complex.py
[2024-07-08T00:39:11.408+0000] {processor.py:840} INFO - DAG(s) 'example_complex' retrieved from /home/airflow/.local/lib/python3.8/site-packages/airflow/example_dags/example_complex.py
[2024-07-08T00:39:11.547+0000] {logging_mixin.py:188} INFO - [2024-07-08T00:39:11.546+0000] {dag.py:3047} INFO - Sync 1 DAGs
[2024-07-08T00:39:11.624+0000] {logging_mixin.py:188} INFO - [2024-07-08T00:39:11.623+0000] {dag.py:3834} INFO - Setting next_dagrun for example_complex to None, run_after=None
[2024-07-08T00:39:11.706+0000] {processor.py:183} INFO - Processing /home/airflow/.local/lib/python3.8/site-packages/airflow/example_dags/example_complex.py took 0.368 seconds
[2024-07-08T00:39:42.164+0000] {processor.py:161} INFO - Started process (PID=424) to work on /home/airflow/.local/lib/python3.8/site-packages/airflow/example_dags/example_complex.py
[2024-07-08T00:39:42.165+0000] {processor.py:830} INFO - Processing file /home/airflow/.local/lib/python3.8/site-packages/airflow/example_dags/example_complex.py for tasks to queue
[2024-07-08T00:39:42.168+0000] {logging_mixin.py:188} INFO - [2024-07-08T00:39:42.168+0000] {dagbag.py:540} INFO - Filling up the DagBag from /home/airflow/.local/lib/python3.8/site-packages/airflow/example_dags/example_complex.py
[2024-07-08T00:39:42.183+0000] {processor.py:840} INFO - DAG(s) 'example_complex' retrieved from /home/airflow/.local/lib/python3.8/site-packages/airflow/example_dags/example_complex.py
[2024-07-08T00:39:42.222+0000] {logging_mixin.py:188} INFO - [2024-07-08T00:39:42.222+0000] {dag.py:3047} INFO - Sync 1 DAGs
[2024-07-08T00:39:42.236+0000] {logging_mixin.py:188} INFO - [2024-07-08T00:39:42.235+0000] {dag.py:3834} INFO - Setting next_dagrun for example_complex to None, run_after=None
[2024-07-08T00:39:42.259+0000] {processor.py:183} INFO - Processing /home/airflow/.local/lib/python3.8/site-packages/airflow/example_dags/example_complex.py took 0.099 seconds
[2024-07-08T00:40:12.412+0000] {processor.py:161} INFO - Started process (PID=487) to work on /home/airflow/.local/lib/python3.8/site-packages/airflow/example_dags/example_complex.py
[2024-07-08T00:40:12.414+0000] {processor.py:830} INFO - Processing file /home/airflow/.local/lib/python3.8/site-packages/airflow/example_dags/example_complex.py for tasks to queue
[2024-07-08T00:40:12.417+0000] {logging_mixin.py:188} INFO - [2024-07-08T00:40:12.416+0000] {dagbag.py:540} INFO - Filling up the DagBag from /home/airflow/.local/lib/python3.8/site-packages/airflow/example_dags/example_complex.py
[2024-07-08T00:40:12.441+0000] {processor.py:840} INFO - DAG(s) 'example_complex' retrieved from /home/airflow/.local/lib/python3.8/site-packages/airflow/example_dags/example_complex.py
[2024-07-08T00:40:12.510+0000] {logging_mixin.py:188} INFO - [2024-07-08T00:40:12.509+0000] {dag.py:3047} INFO - Sync 1 DAGs
[2024-07-08T00:40:12.533+0000] {logging_mixin.py:188} INFO - [2024-07-08T00:40:12.533+0000] {dag.py:3834} INFO - Setting next_dagrun for example_complex to None, run_after=None
[2024-07-08T00:40:12.574+0000] {processor.py:183} INFO - Processing /home/airflow/.local/lib/python3.8/site-packages/airflow/example_dags/example_complex.py took 0.168 seconds
[2024-07-08T00:40:43.429+0000] {processor.py:161} INFO - Started process (PID=543) to work on /home/airflow/.local/lib/python3.8/site-packages/airflow/example_dags/example_complex.py
[2024-07-08T00:40:43.431+0000] {processor.py:830} INFO - Processing file /home/airflow/.local/lib/python3.8/site-packages/airflow/example_dags/example_complex.py for tasks to queue
[2024-07-08T00:40:43.435+0000] {logging_mixin.py:188} INFO - [2024-07-08T00:40:43.435+0000] {dagbag.py:540} INFO - Filling up the DagBag from /home/airflow/.local/lib/python3.8/site-packages/airflow/example_dags/example_complex.py
[2024-07-08T00:40:43.477+0000] {processor.py:840} INFO - DAG(s) 'example_complex' retrieved from /home/airflow/.local/lib/python3.8/site-packages/airflow/example_dags/example_complex.py
[2024-07-08T00:40:43.552+0000] {logging_mixin.py:188} INFO - [2024-07-08T00:40:43.552+0000] {dag.py:3047} INFO - Sync 1 DAGs
[2024-07-08T00:40:43.575+0000] {logging_mixin.py:188} INFO - [2024-07-08T00:40:43.574+0000] {dag.py:3834} INFO - Setting next_dagrun for example_complex to None, run_after=None
[2024-07-08T00:40:43.610+0000] {processor.py:183} INFO - Processing /home/airflow/.local/lib/python3.8/site-packages/airflow/example_dags/example_complex.py took 0.188 seconds
[2024-07-08T00:41:14.553+0000] {processor.py:161} INFO - Started process (PID=607) to work on /home/airflow/.local/lib/python3.8/site-packages/airflow/example_dags/example_complex.py
[2024-07-08T00:41:14.567+0000] {processor.py:830} INFO - Processing file /home/airflow/.local/lib/python3.8/site-packages/airflow/example_dags/example_complex.py for tasks to queue
[2024-07-08T00:41:14.576+0000] {logging_mixin.py:188} INFO - [2024-07-08T00:41:14.573+0000] {dagbag.py:540} INFO - Filling up the DagBag from /home/airflow/.local/lib/python3.8/site-packages/airflow/example_dags/example_complex.py
[2024-07-08T00:41:14.657+0000] {processor.py:840} INFO - DAG(s) 'example_complex' retrieved from /home/airflow/.local/lib/python3.8/site-packages/airflow/example_dags/example_complex.py
[2024-07-08T00:41:14.777+0000] {logging_mixin.py:188} INFO - [2024-07-08T00:41:14.777+0000] {dag.py:3047} INFO - Sync 1 DAGs
[2024-07-08T00:41:14.808+0000] {logging_mixin.py:188} INFO - [2024-07-08T00:41:14.807+0000] {dag.py:3834} INFO - Setting next_dagrun for example_complex to None, run_after=None
[2024-07-08T00:41:14.868+0000] {processor.py:183} INFO - Processing /home/airflow/.local/lib/python3.8/site-packages/airflow/example_dags/example_complex.py took 0.337 seconds
[2024-07-08T00:41:45.313+0000] {processor.py:161} INFO - Started process (PID=671) to work on /home/airflow/.local/lib/python3.8/site-packages/airflow/example_dags/example_complex.py
[2024-07-08T00:41:45.315+0000] {processor.py:830} INFO - Processing file /home/airflow/.local/lib/python3.8/site-packages/airflow/example_dags/example_complex.py for tasks to queue
[2024-07-08T00:41:45.320+0000] {logging_mixin.py:188} INFO - [2024-07-08T00:41:45.320+0000] {dagbag.py:540} INFO - Filling up the DagBag from /home/airflow/.local/lib/python3.8/site-packages/airflow/example_dags/example_complex.py
[2024-07-08T00:41:45.348+0000] {processor.py:840} INFO - DAG(s) 'example_complex' retrieved from /home/airflow/.local/lib/python3.8/site-packages/airflow/example_dags/example_complex.py
[2024-07-08T00:41:45.428+0000] {logging_mixin.py:188} INFO - [2024-07-08T00:41:45.427+0000] {dag.py:3047} INFO - Sync 1 DAGs
[2024-07-08T00:41:45.465+0000] {logging_mixin.py:188} INFO - [2024-07-08T00:41:45.464+0000] {dag.py:3834} INFO - Setting next_dagrun for example_complex to None, run_after=None
[2024-07-08T00:41:45.525+0000] {processor.py:183} INFO - Processing /home/airflow/.local/lib/python3.8/site-packages/airflow/example_dags/example_complex.py took 0.219 seconds
[2024-07-08T00:42:15.823+0000] {processor.py:161} INFO - Started process (PID=735) to work on /home/airflow/.local/lib/python3.8/site-packages/airflow/example_dags/example_complex.py
[2024-07-08T00:42:15.825+0000] {processor.py:830} INFO - Processing file /home/airflow/.local/lib/python3.8/site-packages/airflow/example_dags/example_complex.py for tasks to queue
[2024-07-08T00:42:15.833+0000] {logging_mixin.py:188} INFO - [2024-07-08T00:42:15.832+0000] {dagbag.py:540} INFO - Filling up the DagBag from /home/airflow/.local/lib/python3.8/site-packages/airflow/example_dags/example_complex.py
[2024-07-08T00:42:15.868+0000] {processor.py:840} INFO - DAG(s) 'example_complex' retrieved from /home/airflow/.local/lib/python3.8/site-packages/airflow/example_dags/example_complex.py
[2024-07-08T00:42:15.945+0000] {logging_mixin.py:188} INFO - [2024-07-08T00:42:15.945+0000] {dag.py:3047} INFO - Sync 1 DAGs
[2024-07-08T00:42:15.972+0000] {logging_mixin.py:188} INFO - [2024-07-08T00:42:15.971+0000] {dag.py:3834} INFO - Setting next_dagrun for example_complex to None, run_after=None
[2024-07-08T00:42:16.013+0000] {processor.py:183} INFO - Processing /home/airflow/.local/lib/python3.8/site-packages/airflow/example_dags/example_complex.py took 0.198 seconds
[2024-07-08T00:42:46.616+0000] {processor.py:161} INFO - Started process (PID=800) to work on /home/airflow/.local/lib/python3.8/site-packages/airflow/example_dags/example_complex.py
[2024-07-08T00:42:46.620+0000] {processor.py:830} INFO - Processing file /home/airflow/.local/lib/python3.8/site-packages/airflow/example_dags/example_complex.py for tasks to queue
[2024-07-08T00:42:46.627+0000] {logging_mixin.py:188} INFO - [2024-07-08T00:42:46.625+0000] {dagbag.py:540} INFO - Filling up the DagBag from /home/airflow/.local/lib/python3.8/site-packages/airflow/example_dags/example_complex.py
[2024-07-08T00:42:46.653+0000] {processor.py:840} INFO - DAG(s) 'example_complex' retrieved from /home/airflow/.local/lib/python3.8/site-packages/airflow/example_dags/example_complex.py
[2024-07-08T00:42:46.726+0000] {logging_mixin.py:188} INFO - [2024-07-08T00:42:46.725+0000] {dag.py:3047} INFO - Sync 1 DAGs
[2024-07-08T00:42:46.752+0000] {logging_mixin.py:188} INFO - [2024-07-08T00:42:46.751+0000] {dag.py:3834} INFO - Setting next_dagrun for example_complex to None, run_after=None
[2024-07-08T00:42:46.792+0000] {processor.py:183} INFO - Processing /home/airflow/.local/lib/python3.8/site-packages/airflow/example_dags/example_complex.py took 0.197 seconds
[2024-07-08T00:43:17.610+0000] {processor.py:161} INFO - Started process (PID=864) to work on /home/airflow/.local/lib/python3.8/site-packages/airflow/example_dags/example_complex.py
[2024-07-08T00:43:17.611+0000] {processor.py:830} INFO - Processing file /home/airflow/.local/lib/python3.8/site-packages/airflow/example_dags/example_complex.py for tasks to queue
[2024-07-08T00:43:17.614+0000] {logging_mixin.py:188} INFO - [2024-07-08T00:43:17.613+0000] {dagbag.py:540} INFO - Filling up the DagBag from /home/airflow/.local/lib/python3.8/site-packages/airflow/example_dags/example_complex.py
[2024-07-08T00:43:17.631+0000] {processor.py:840} INFO - DAG(s) 'example_complex' retrieved from /home/airflow/.local/lib/python3.8/site-packages/airflow/example_dags/example_complex.py
[2024-07-08T00:43:17.698+0000] {logging_mixin.py:188} INFO - [2024-07-08T00:43:17.697+0000] {dag.py:3047} INFO - Sync 1 DAGs
[2024-07-08T00:43:17.715+0000] {logging_mixin.py:188} INFO - [2024-07-08T00:43:17.715+0000] {dag.py:3834} INFO - Setting next_dagrun for example_complex to None, run_after=None
[2024-07-08T00:43:17.743+0000] {processor.py:183} INFO - Processing /home/airflow/.local/lib/python3.8/site-packages/airflow/example_dags/example_complex.py took 0.138 seconds
[2024-07-08T00:43:48.513+0000] {processor.py:161} INFO - Started process (PID=928) to work on /home/airflow/.local/lib/python3.8/site-packages/airflow/example_dags/example_complex.py
[2024-07-08T00:43:48.516+0000] {processor.py:830} INFO - Processing file /home/airflow/.local/lib/python3.8/site-packages/airflow/example_dags/example_complex.py for tasks to queue
[2024-07-08T00:43:48.524+0000] {logging_mixin.py:188} INFO - [2024-07-08T00:43:48.523+0000] {dagbag.py:540} INFO - Filling up the DagBag from /home/airflow/.local/lib/python3.8/site-packages/airflow/example_dags/example_complex.py
[2024-07-08T00:43:48.553+0000] {processor.py:840} INFO - DAG(s) 'example_complex' retrieved from /home/airflow/.local/lib/python3.8/site-packages/airflow/example_dags/example_complex.py
[2024-07-08T00:43:48.604+0000] {logging_mixin.py:188} INFO - [2024-07-08T00:43:48.603+0000] {dag.py:3047} INFO - Sync 1 DAGs
[2024-07-08T00:43:48.625+0000] {logging_mixin.py:188} INFO - [2024-07-08T00:43:48.625+0000] {dag.py:3834} INFO - Setting next_dagrun for example_complex to None, run_after=None
[2024-07-08T00:43:48.659+0000] {processor.py:183} INFO - Processing /home/airflow/.local/lib/python3.8/site-packages/airflow/example_dags/example_complex.py took 0.155 seconds
[2024-07-08T00:44:18.889+0000] {processor.py:161} INFO - Started process (PID=992) to work on /home/airflow/.local/lib/python3.8/site-packages/airflow/example_dags/example_complex.py
[2024-07-08T00:44:18.891+0000] {processor.py:830} INFO - Processing file /home/airflow/.local/lib/python3.8/site-packages/airflow/example_dags/example_complex.py for tasks to queue
[2024-07-08T00:44:18.894+0000] {logging_mixin.py:188} INFO - [2024-07-08T00:44:18.894+0000] {dagbag.py:540} INFO - Filling up the DagBag from /home/airflow/.local/lib/python3.8/site-packages/airflow/example_dags/example_complex.py
[2024-07-08T00:44:18.916+0000] {processor.py:840} INFO - DAG(s) 'example_complex' retrieved from /home/airflow/.local/lib/python3.8/site-packages/airflow/example_dags/example_complex.py
[2024-07-08T00:44:18.976+0000] {logging_mixin.py:188} INFO - [2024-07-08T00:44:18.976+0000] {dag.py:3047} INFO - Sync 1 DAGs
[2024-07-08T00:44:18.991+0000] {logging_mixin.py:188} INFO - [2024-07-08T00:44:18.991+0000] {dag.py:3834} INFO - Setting next_dagrun for example_complex to None, run_after=None
[2024-07-08T00:44:19.017+0000] {processor.py:183} INFO - Processing /home/airflow/.local/lib/python3.8/site-packages/airflow/example_dags/example_complex.py took 0.134 seconds
[2024-07-08T00:44:49.154+0000] {processor.py:161} INFO - Started process (PID=1056) to work on /home/airflow/.local/lib/python3.8/site-packages/airflow/example_dags/example_complex.py
[2024-07-08T00:44:49.155+0000] {processor.py:830} INFO - Processing file /home/airflow/.local/lib/python3.8/site-packages/airflow/example_dags/example_complex.py for tasks to queue
[2024-07-08T00:44:49.157+0000] {logging_mixin.py:188} INFO - [2024-07-08T00:44:49.157+0000] {dagbag.py:540} INFO - Filling up the DagBag from /home/airflow/.local/lib/python3.8/site-packages/airflow/example_dags/example_complex.py
[2024-07-08T00:44:49.181+0000] {processor.py:840} INFO - DAG(s) 'example_complex' retrieved from /home/airflow/.local/lib/python3.8/site-packages/airflow/example_dags/example_complex.py
[2024-07-08T00:44:49.231+0000] {logging_mixin.py:188} INFO - [2024-07-08T00:44:49.230+0000] {dag.py:3047} INFO - Sync 1 DAGs
[2024-07-08T00:44:49.247+0000] {logging_mixin.py:188} INFO - [2024-07-08T00:44:49.246+0000] {dag.py:3834} INFO - Setting next_dagrun for example_complex to None, run_after=None
[2024-07-08T00:44:49.272+0000] {processor.py:183} INFO - Processing /home/airflow/.local/lib/python3.8/site-packages/airflow/example_dags/example_complex.py took 0.123 seconds
[2024-07-08T00:45:19.510+0000] {processor.py:161} INFO - Started process (PID=1120) to work on /home/airflow/.local/lib/python3.8/site-packages/airflow/example_dags/example_complex.py
[2024-07-08T00:45:19.512+0000] {processor.py:830} INFO - Processing file /home/airflow/.local/lib/python3.8/site-packages/airflow/example_dags/example_complex.py for tasks to queue
[2024-07-08T00:45:19.516+0000] {logging_mixin.py:188} INFO - [2024-07-08T00:45:19.515+0000] {dagbag.py:540} INFO - Filling up the DagBag from /home/airflow/.local/lib/python3.8/site-packages/airflow/example_dags/example_complex.py
[2024-07-08T00:45:19.535+0000] {processor.py:840} INFO - DAG(s) 'example_complex' retrieved from /home/airflow/.local/lib/python3.8/site-packages/airflow/example_dags/example_complex.py
[2024-07-08T00:45:19.609+0000] {logging_mixin.py:188} INFO - [2024-07-08T00:45:19.608+0000] {dag.py:3047} INFO - Sync 1 DAGs
[2024-07-08T00:45:19.642+0000] {logging_mixin.py:188} INFO - [2024-07-08T00:45:19.642+0000] {dag.py:3834} INFO - Setting next_dagrun for example_complex to None, run_after=None
[2024-07-08T00:45:19.682+0000] {processor.py:183} INFO - Processing /home/airflow/.local/lib/python3.8/site-packages/airflow/example_dags/example_complex.py took 0.178 seconds
[2024-07-08T00:45:50.193+0000] {processor.py:161} INFO - Started process (PID=1183) to work on /home/airflow/.local/lib/python3.8/site-packages/airflow/example_dags/example_complex.py
[2024-07-08T00:45:50.195+0000] {processor.py:830} INFO - Processing file /home/airflow/.local/lib/python3.8/site-packages/airflow/example_dags/example_complex.py for tasks to queue
[2024-07-08T00:45:50.198+0000] {logging_mixin.py:188} INFO - [2024-07-08T00:45:50.197+0000] {dagbag.py:540} INFO - Filling up the DagBag from /home/airflow/.local/lib/python3.8/site-packages/airflow/example_dags/example_complex.py
[2024-07-08T00:45:50.229+0000] {processor.py:840} INFO - DAG(s) 'example_complex' retrieved from /home/airflow/.local/lib/python3.8/site-packages/airflow/example_dags/example_complex.py
[2024-07-08T00:45:50.335+0000] {logging_mixin.py:188} INFO - [2024-07-08T00:45:50.334+0000] {dag.py:3047} INFO - Sync 1 DAGs
[2024-07-08T00:45:50.367+0000] {logging_mixin.py:188} INFO - [2024-07-08T00:45:50.366+0000] {dag.py:3834} INFO - Setting next_dagrun for example_complex to None, run_after=None
[2024-07-08T00:45:50.416+0000] {processor.py:183} INFO - Processing /home/airflow/.local/lib/python3.8/site-packages/airflow/example_dags/example_complex.py took 0.232 seconds
[2024-07-08T00:46:20.547+0000] {processor.py:161} INFO - Started process (PID=1247) to work on /home/airflow/.local/lib/python3.8/site-packages/airflow/example_dags/example_complex.py
[2024-07-08T00:46:20.548+0000] {processor.py:830} INFO - Processing file /home/airflow/.local/lib/python3.8/site-packages/airflow/example_dags/example_complex.py for tasks to queue
[2024-07-08T00:46:20.552+0000] {logging_mixin.py:188} INFO - [2024-07-08T00:46:20.551+0000] {dagbag.py:540} INFO - Filling up the DagBag from /home/airflow/.local/lib/python3.8/site-packages/airflow/example_dags/example_complex.py
[2024-07-08T00:46:20.582+0000] {processor.py:840} INFO - DAG(s) 'example_complex' retrieved from /home/airflow/.local/lib/python3.8/site-packages/airflow/example_dags/example_complex.py
[2024-07-08T00:46:20.635+0000] {logging_mixin.py:188} INFO - [2024-07-08T00:46:20.634+0000] {dag.py:3047} INFO - Sync 1 DAGs
[2024-07-08T00:46:20.661+0000] {logging_mixin.py:188} INFO - [2024-07-08T00:46:20.661+0000] {dag.py:3834} INFO - Setting next_dagrun for example_complex to None, run_after=None
[2024-07-08T00:46:20.700+0000] {processor.py:183} INFO - Processing /home/airflow/.local/lib/python3.8/site-packages/airflow/example_dags/example_complex.py took 0.161 seconds
[2024-07-08T00:46:51.683+0000] {processor.py:161} INFO - Started process (PID=1311) to work on /home/airflow/.local/lib/python3.8/site-packages/airflow/example_dags/example_complex.py
[2024-07-08T00:46:51.693+0000] {processor.py:830} INFO - Processing file /home/airflow/.local/lib/python3.8/site-packages/airflow/example_dags/example_complex.py for tasks to queue
[2024-07-08T00:46:51.700+0000] {logging_mixin.py:188} INFO - [2024-07-08T00:46:51.699+0000] {dagbag.py:540} INFO - Filling up the DagBag from /home/airflow/.local/lib/python3.8/site-packages/airflow/example_dags/example_complex.py
[2024-07-08T00:46:51.745+0000] {processor.py:840} INFO - DAG(s) 'example_complex' retrieved from /home/airflow/.local/lib/python3.8/site-packages/airflow/example_dags/example_complex.py
[2024-07-08T00:46:51.831+0000] {logging_mixin.py:188} INFO - [2024-07-08T00:46:51.831+0000] {dag.py:3047} INFO - Sync 1 DAGs
[2024-07-08T00:46:51.855+0000] {logging_mixin.py:188} INFO - [2024-07-08T00:46:51.855+0000] {dag.py:3834} INFO - Setting next_dagrun for example_complex to None, run_after=None
[2024-07-08T00:46:51.890+0000] {processor.py:183} INFO - Processing /home/airflow/.local/lib/python3.8/site-packages/airflow/example_dags/example_complex.py took 0.219 seconds
