[2024-07-08T00:00:09.593+0000] {processor.py:161} INFO - Started process (PID=979) to work on /home/airflow/.local/lib/python3.8/site-packages/airflow/example_dags/tutorial_dag.py
[2024-07-08T00:00:09.595+0000] {processor.py:830} INFO - Processing file /home/airflow/.local/lib/python3.8/site-packages/airflow/example_dags/tutorial_dag.py for tasks to queue
[2024-07-08T00:00:09.598+0000] {logging_mixin.py:188} INFO - [2024-07-08T00:00:09.598+0000] {dagbag.py:540} INFO - Filling up the DagBag from /home/airflow/.local/lib/python3.8/site-packages/airflow/example_dags/tutorial_dag.py
[2024-07-08T00:00:09.608+0000] {processor.py:840} INFO - DAG(s) 'tutorial_dag' retrieved from /home/airflow/.local/lib/python3.8/site-packages/airflow/example_dags/tutorial_dag.py
[2024-07-08T00:00:09.641+0000] {logging_mixin.py:188} INFO - [2024-07-08T00:00:09.640+0000] {dag.py:3047} INFO - Sync 1 DAGs
[2024-07-08T00:00:09.661+0000] {logging_mixin.py:188} INFO - [2024-07-08T00:00:09.660+0000] {dag.py:3834} INFO - Setting next_dagrun for tutorial_dag to None, run_after=None
[2024-07-08T00:00:09.694+0000] {processor.py:183} INFO - Processing /home/airflow/.local/lib/python3.8/site-packages/airflow/example_dags/tutorial_dag.py took 0.106 seconds
[2024-07-08T00:00:40.001+0000] {processor.py:161} INFO - Started process (PID=1043) to work on /home/airflow/.local/lib/python3.8/site-packages/airflow/example_dags/tutorial_dag.py
[2024-07-08T00:00:40.007+0000] {processor.py:830} INFO - Processing file /home/airflow/.local/lib/python3.8/site-packages/airflow/example_dags/tutorial_dag.py for tasks to queue
[2024-07-08T00:00:40.012+0000] {logging_mixin.py:188} INFO - [2024-07-08T00:00:40.011+0000] {dagbag.py:540} INFO - Filling up the DagBag from /home/airflow/.local/lib/python3.8/site-packages/airflow/example_dags/tutorial_dag.py
[2024-07-08T00:00:40.024+0000] {processor.py:840} INFO - DAG(s) 'tutorial_dag' retrieved from /home/airflow/.local/lib/python3.8/site-packages/airflow/example_dags/tutorial_dag.py
[2024-07-08T00:00:40.074+0000] {logging_mixin.py:188} INFO - [2024-07-08T00:00:40.073+0000] {dag.py:3047} INFO - Sync 1 DAGs
[2024-07-08T00:00:40.100+0000] {logging_mixin.py:188} INFO - [2024-07-08T00:00:40.100+0000] {dag.py:3834} INFO - Setting next_dagrun for tutorial_dag to None, run_after=None
[2024-07-08T00:00:40.149+0000] {processor.py:183} INFO - Processing /home/airflow/.local/lib/python3.8/site-packages/airflow/example_dags/tutorial_dag.py took 0.153 seconds
[2024-07-08T00:01:10.613+0000] {processor.py:161} INFO - Started process (PID=1107) to work on /home/airflow/.local/lib/python3.8/site-packages/airflow/example_dags/tutorial_dag.py
[2024-07-08T00:01:10.620+0000] {processor.py:830} INFO - Processing file /home/airflow/.local/lib/python3.8/site-packages/airflow/example_dags/tutorial_dag.py for tasks to queue
[2024-07-08T00:01:10.626+0000] {logging_mixin.py:188} INFO - [2024-07-08T00:01:10.625+0000] {dagbag.py:540} INFO - Filling up the DagBag from /home/airflow/.local/lib/python3.8/site-packages/airflow/example_dags/tutorial_dag.py
[2024-07-08T00:01:10.643+0000] {processor.py:840} INFO - DAG(s) 'tutorial_dag' retrieved from /home/airflow/.local/lib/python3.8/site-packages/airflow/example_dags/tutorial_dag.py
[2024-07-08T00:01:10.724+0000] {logging_mixin.py:188} INFO - [2024-07-08T00:01:10.723+0000] {dag.py:3047} INFO - Sync 1 DAGs
[2024-07-08T00:01:10.763+0000] {logging_mixin.py:188} INFO - [2024-07-08T00:01:10.762+0000] {dag.py:3834} INFO - Setting next_dagrun for tutorial_dag to None, run_after=None
[2024-07-08T00:01:10.815+0000] {processor.py:183} INFO - Processing /home/airflow/.local/lib/python3.8/site-packages/airflow/example_dags/tutorial_dag.py took 0.210 seconds
[2024-07-08T00:01:41.460+0000] {processor.py:161} INFO - Started process (PID=1171) to work on /home/airflow/.local/lib/python3.8/site-packages/airflow/example_dags/tutorial_dag.py
[2024-07-08T00:01:41.462+0000] {processor.py:830} INFO - Processing file /home/airflow/.local/lib/python3.8/site-packages/airflow/example_dags/tutorial_dag.py for tasks to queue
[2024-07-08T00:01:41.465+0000] {logging_mixin.py:188} INFO - [2024-07-08T00:01:41.465+0000] {dagbag.py:540} INFO - Filling up the DagBag from /home/airflow/.local/lib/python3.8/site-packages/airflow/example_dags/tutorial_dag.py
[2024-07-08T00:01:41.473+0000] {processor.py:840} INFO - DAG(s) 'tutorial_dag' retrieved from /home/airflow/.local/lib/python3.8/site-packages/airflow/example_dags/tutorial_dag.py
[2024-07-08T00:01:41.508+0000] {logging_mixin.py:188} INFO - [2024-07-08T00:01:41.507+0000] {dag.py:3047} INFO - Sync 1 DAGs
[2024-07-08T00:01:41.529+0000] {logging_mixin.py:188} INFO - [2024-07-08T00:01:41.527+0000] {dag.py:3834} INFO - Setting next_dagrun for tutorial_dag to None, run_after=None
[2024-07-08T00:01:41.566+0000] {processor.py:183} INFO - Processing /home/airflow/.local/lib/python3.8/site-packages/airflow/example_dags/tutorial_dag.py took 0.111 seconds
[2024-07-08T00:02:12.444+0000] {processor.py:161} INFO - Started process (PID=1235) to work on /home/airflow/.local/lib/python3.8/site-packages/airflow/example_dags/tutorial_dag.py
[2024-07-08T00:02:12.445+0000] {processor.py:830} INFO - Processing file /home/airflow/.local/lib/python3.8/site-packages/airflow/example_dags/tutorial_dag.py for tasks to queue
[2024-07-08T00:02:12.449+0000] {logging_mixin.py:188} INFO - [2024-07-08T00:02:12.448+0000] {dagbag.py:540} INFO - Filling up the DagBag from /home/airflow/.local/lib/python3.8/site-packages/airflow/example_dags/tutorial_dag.py
[2024-07-08T00:02:12.464+0000] {processor.py:840} INFO - DAG(s) 'tutorial_dag' retrieved from /home/airflow/.local/lib/python3.8/site-packages/airflow/example_dags/tutorial_dag.py
[2024-07-08T00:02:12.503+0000] {logging_mixin.py:188} INFO - [2024-07-08T00:02:12.503+0000] {dag.py:3047} INFO - Sync 1 DAGs
[2024-07-08T00:02:12.527+0000] {logging_mixin.py:188} INFO - [2024-07-08T00:02:12.526+0000] {dag.py:3834} INFO - Setting next_dagrun for tutorial_dag to None, run_after=None
[2024-07-08T00:02:12.575+0000] {processor.py:183} INFO - Processing /home/airflow/.local/lib/python3.8/site-packages/airflow/example_dags/tutorial_dag.py took 0.139 seconds
[2024-07-08T00:02:43.845+0000] {processor.py:161} INFO - Started process (PID=1299) to work on /home/airflow/.local/lib/python3.8/site-packages/airflow/example_dags/tutorial_dag.py
[2024-07-08T00:02:43.846+0000] {processor.py:830} INFO - Processing file /home/airflow/.local/lib/python3.8/site-packages/airflow/example_dags/tutorial_dag.py for tasks to queue
[2024-07-08T00:02:43.849+0000] {logging_mixin.py:188} INFO - [2024-07-08T00:02:43.849+0000] {dagbag.py:540} INFO - Filling up the DagBag from /home/airflow/.local/lib/python3.8/site-packages/airflow/example_dags/tutorial_dag.py
[2024-07-08T00:02:43.858+0000] {processor.py:840} INFO - DAG(s) 'tutorial_dag' retrieved from /home/airflow/.local/lib/python3.8/site-packages/airflow/example_dags/tutorial_dag.py
[2024-07-08T00:02:43.888+0000] {logging_mixin.py:188} INFO - [2024-07-08T00:02:43.888+0000] {dag.py:3047} INFO - Sync 1 DAGs
[2024-07-08T00:02:43.910+0000] {logging_mixin.py:188} INFO - [2024-07-08T00:02:43.909+0000] {dag.py:3834} INFO - Setting next_dagrun for tutorial_dag to None, run_after=None
[2024-07-08T00:02:44.172+0000] {processor.py:183} INFO - Processing /home/airflow/.local/lib/python3.8/site-packages/airflow/example_dags/tutorial_dag.py took 0.332 seconds
[2024-07-08T00:03:14.667+0000] {processor.py:161} INFO - Started process (PID=1361) to work on /home/airflow/.local/lib/python3.8/site-packages/airflow/example_dags/tutorial_dag.py
[2024-07-08T00:03:14.671+0000] {processor.py:830} INFO - Processing file /home/airflow/.local/lib/python3.8/site-packages/airflow/example_dags/tutorial_dag.py for tasks to queue
[2024-07-08T00:03:14.678+0000] {logging_mixin.py:188} INFO - [2024-07-08T00:03:14.677+0000] {dagbag.py:540} INFO - Filling up the DagBag from /home/airflow/.local/lib/python3.8/site-packages/airflow/example_dags/tutorial_dag.py
[2024-07-08T00:03:14.698+0000] {processor.py:840} INFO - DAG(s) 'tutorial_dag' retrieved from /home/airflow/.local/lib/python3.8/site-packages/airflow/example_dags/tutorial_dag.py
[2024-07-08T00:03:14.740+0000] {logging_mixin.py:188} INFO - [2024-07-08T00:03:14.740+0000] {dag.py:3047} INFO - Sync 1 DAGs
[2024-07-08T00:03:14.759+0000] {logging_mixin.py:188} INFO - [2024-07-08T00:03:14.758+0000] {dag.py:3834} INFO - Setting next_dagrun for tutorial_dag to None, run_after=None
[2024-07-08T00:03:14.794+0000] {processor.py:183} INFO - Processing /home/airflow/.local/lib/python3.8/site-packages/airflow/example_dags/tutorial_dag.py took 0.141 seconds
[2024-07-08T00:03:45.549+0000] {processor.py:161} INFO - Started process (PID=1425) to work on /home/airflow/.local/lib/python3.8/site-packages/airflow/example_dags/tutorial_dag.py
[2024-07-08T00:03:45.550+0000] {processor.py:830} INFO - Processing file /home/airflow/.local/lib/python3.8/site-packages/airflow/example_dags/tutorial_dag.py for tasks to queue
[2024-07-08T00:03:45.553+0000] {logging_mixin.py:188} INFO - [2024-07-08T00:03:45.552+0000] {dagbag.py:540} INFO - Filling up the DagBag from /home/airflow/.local/lib/python3.8/site-packages/airflow/example_dags/tutorial_dag.py
[2024-07-08T00:03:45.561+0000] {processor.py:840} INFO - DAG(s) 'tutorial_dag' retrieved from /home/airflow/.local/lib/python3.8/site-packages/airflow/example_dags/tutorial_dag.py
[2024-07-08T00:03:45.591+0000] {logging_mixin.py:188} INFO - [2024-07-08T00:03:45.590+0000] {dag.py:3047} INFO - Sync 1 DAGs
[2024-07-08T00:03:45.608+0000] {logging_mixin.py:188} INFO - [2024-07-08T00:03:45.608+0000] {dag.py:3834} INFO - Setting next_dagrun for tutorial_dag to None, run_after=None
[2024-07-08T00:03:45.644+0000] {processor.py:183} INFO - Processing /home/airflow/.local/lib/python3.8/site-packages/airflow/example_dags/tutorial_dag.py took 0.100 seconds
[2024-07-08T00:04:16.623+0000] {processor.py:161} INFO - Started process (PID=1489) to work on /home/airflow/.local/lib/python3.8/site-packages/airflow/example_dags/tutorial_dag.py
[2024-07-08T00:04:16.625+0000] {processor.py:830} INFO - Processing file /home/airflow/.local/lib/python3.8/site-packages/airflow/example_dags/tutorial_dag.py for tasks to queue
[2024-07-08T00:04:16.632+0000] {logging_mixin.py:188} INFO - [2024-07-08T00:04:16.630+0000] {dagbag.py:540} INFO - Filling up the DagBag from /home/airflow/.local/lib/python3.8/site-packages/airflow/example_dags/tutorial_dag.py
[2024-07-08T00:04:16.646+0000] {processor.py:840} INFO - DAG(s) 'tutorial_dag' retrieved from /home/airflow/.local/lib/python3.8/site-packages/airflow/example_dags/tutorial_dag.py
[2024-07-08T00:04:16.690+0000] {logging_mixin.py:188} INFO - [2024-07-08T00:04:16.690+0000] {dag.py:3047} INFO - Sync 1 DAGs
[2024-07-08T00:04:16.719+0000] {logging_mixin.py:188} INFO - [2024-07-08T00:04:16.719+0000] {dag.py:3834} INFO - Setting next_dagrun for tutorial_dag to None, run_after=None
[2024-07-08T00:04:16.761+0000] {processor.py:183} INFO - Processing /home/airflow/.local/lib/python3.8/site-packages/airflow/example_dags/tutorial_dag.py took 0.146 seconds
[2024-07-08T00:04:47.093+0000] {processor.py:161} INFO - Started process (PID=1553) to work on /home/airflow/.local/lib/python3.8/site-packages/airflow/example_dags/tutorial_dag.py
[2024-07-08T00:04:47.096+0000] {processor.py:830} INFO - Processing file /home/airflow/.local/lib/python3.8/site-packages/airflow/example_dags/tutorial_dag.py for tasks to queue
[2024-07-08T00:04:47.101+0000] {logging_mixin.py:188} INFO - [2024-07-08T00:04:47.099+0000] {dagbag.py:540} INFO - Filling up the DagBag from /home/airflow/.local/lib/python3.8/site-packages/airflow/example_dags/tutorial_dag.py
[2024-07-08T00:04:47.112+0000] {processor.py:840} INFO - DAG(s) 'tutorial_dag' retrieved from /home/airflow/.local/lib/python3.8/site-packages/airflow/example_dags/tutorial_dag.py
[2024-07-08T00:04:47.146+0000] {logging_mixin.py:188} INFO - [2024-07-08T00:04:47.146+0000] {dag.py:3047} INFO - Sync 1 DAGs
[2024-07-08T00:04:47.168+0000] {logging_mixin.py:188} INFO - [2024-07-08T00:04:47.168+0000] {dag.py:3834} INFO - Setting next_dagrun for tutorial_dag to None, run_after=None
[2024-07-08T00:04:47.360+0000] {processor.py:183} INFO - Processing /home/airflow/.local/lib/python3.8/site-packages/airflow/example_dags/tutorial_dag.py took 0.273 seconds
[2024-07-08T00:05:18.095+0000] {processor.py:161} INFO - Started process (PID=1617) to work on /home/airflow/.local/lib/python3.8/site-packages/airflow/example_dags/tutorial_dag.py
[2024-07-08T00:05:18.101+0000] {processor.py:830} INFO - Processing file /home/airflow/.local/lib/python3.8/site-packages/airflow/example_dags/tutorial_dag.py for tasks to queue
[2024-07-08T00:05:18.114+0000] {logging_mixin.py:188} INFO - [2024-07-08T00:05:18.113+0000] {dagbag.py:540} INFO - Filling up the DagBag from /home/airflow/.local/lib/python3.8/site-packages/airflow/example_dags/tutorial_dag.py
[2024-07-08T00:05:18.138+0000] {processor.py:840} INFO - DAG(s) 'tutorial_dag' retrieved from /home/airflow/.local/lib/python3.8/site-packages/airflow/example_dags/tutorial_dag.py
[2024-07-08T00:05:18.215+0000] {logging_mixin.py:188} INFO - [2024-07-08T00:05:18.215+0000] {dag.py:3047} INFO - Sync 1 DAGs
[2024-07-08T00:05:18.310+0000] {logging_mixin.py:188} INFO - [2024-07-08T00:05:18.298+0000] {dag.py:3834} INFO - Setting next_dagrun for tutorial_dag to None, run_after=None
[2024-07-08T00:05:26.404+0000] {processor.py:183} INFO - Processing /home/airflow/.local/lib/python3.8/site-packages/airflow/example_dags/tutorial_dag.py took 8.328 seconds
[2024-07-08T00:05:56.510+0000] {processor.py:161} INFO - Started process (PID=1690) to work on /home/airflow/.local/lib/python3.8/site-packages/airflow/example_dags/tutorial_dag.py
[2024-07-08T00:05:56.513+0000] {processor.py:830} INFO - Processing file /home/airflow/.local/lib/python3.8/site-packages/airflow/example_dags/tutorial_dag.py for tasks to queue
[2024-07-08T00:05:56.517+0000] {logging_mixin.py:188} INFO - [2024-07-08T00:05:56.516+0000] {dagbag.py:540} INFO - Filling up the DagBag from /home/airflow/.local/lib/python3.8/site-packages/airflow/example_dags/tutorial_dag.py
[2024-07-08T00:05:56.536+0000] {processor.py:840} INFO - DAG(s) 'tutorial_dag' retrieved from /home/airflow/.local/lib/python3.8/site-packages/airflow/example_dags/tutorial_dag.py
[2024-07-08T00:05:56.574+0000] {logging_mixin.py:188} INFO - [2024-07-08T00:05:56.573+0000] {dag.py:3047} INFO - Sync 1 DAGs
[2024-07-08T00:05:56.608+0000] {logging_mixin.py:188} INFO - [2024-07-08T00:05:56.608+0000] {dag.py:3834} INFO - Setting next_dagrun for tutorial_dag to None, run_after=None
[2024-07-08T00:05:56.643+0000] {processor.py:183} INFO - Processing /home/airflow/.local/lib/python3.8/site-packages/airflow/example_dags/tutorial_dag.py took 0.143 seconds
[2024-07-08T00:06:26.779+0000] {processor.py:161} INFO - Started process (PID=1760) to work on /home/airflow/.local/lib/python3.8/site-packages/airflow/example_dags/tutorial_dag.py
[2024-07-08T00:06:26.781+0000] {processor.py:830} INFO - Processing file /home/airflow/.local/lib/python3.8/site-packages/airflow/example_dags/tutorial_dag.py for tasks to queue
[2024-07-08T00:06:26.783+0000] {logging_mixin.py:188} INFO - [2024-07-08T00:06:26.783+0000] {dagbag.py:540} INFO - Filling up the DagBag from /home/airflow/.local/lib/python3.8/site-packages/airflow/example_dags/tutorial_dag.py
[2024-07-08T00:06:26.790+0000] {processor.py:840} INFO - DAG(s) 'tutorial_dag' retrieved from /home/airflow/.local/lib/python3.8/site-packages/airflow/example_dags/tutorial_dag.py
[2024-07-08T00:06:26.817+0000] {logging_mixin.py:188} INFO - [2024-07-08T00:06:26.817+0000] {dag.py:3047} INFO - Sync 1 DAGs
[2024-07-08T00:06:26.838+0000] {logging_mixin.py:188} INFO - [2024-07-08T00:06:26.838+0000] {dag.py:3834} INFO - Setting next_dagrun for tutorial_dag to None, run_after=None
[2024-07-08T00:06:26.870+0000] {processor.py:183} INFO - Processing /home/airflow/.local/lib/python3.8/site-packages/airflow/example_dags/tutorial_dag.py took 0.095 seconds
[2024-07-08T00:06:57.492+0000] {processor.py:161} INFO - Started process (PID=1816) to work on /home/airflow/.local/lib/python3.8/site-packages/airflow/example_dags/tutorial_dag.py
[2024-07-08T00:06:57.497+0000] {processor.py:830} INFO - Processing file /home/airflow/.local/lib/python3.8/site-packages/airflow/example_dags/tutorial_dag.py for tasks to queue
[2024-07-08T00:06:57.507+0000] {logging_mixin.py:188} INFO - [2024-07-08T00:06:57.507+0000] {dagbag.py:540} INFO - Filling up the DagBag from /home/airflow/.local/lib/python3.8/site-packages/airflow/example_dags/tutorial_dag.py
[2024-07-08T00:06:57.519+0000] {processor.py:840} INFO - DAG(s) 'tutorial_dag' retrieved from /home/airflow/.local/lib/python3.8/site-packages/airflow/example_dags/tutorial_dag.py
[2024-07-08T00:06:57.576+0000] {logging_mixin.py:188} INFO - [2024-07-08T00:06:57.576+0000] {dag.py:3047} INFO - Sync 1 DAGs
[2024-07-08T00:06:57.613+0000] {logging_mixin.py:188} INFO - [2024-07-08T00:06:57.612+0000] {dag.py:3834} INFO - Setting next_dagrun for tutorial_dag to None, run_after=None
[2024-07-08T00:06:57.739+0000] {processor.py:183} INFO - Processing /home/airflow/.local/lib/python3.8/site-packages/airflow/example_dags/tutorial_dag.py took 0.258 seconds
[2024-07-08T00:07:28.335+0000] {processor.py:161} INFO - Started process (PID=1879) to work on /home/airflow/.local/lib/python3.8/site-packages/airflow/example_dags/tutorial_dag.py
[2024-07-08T00:07:28.336+0000] {processor.py:830} INFO - Processing file /home/airflow/.local/lib/python3.8/site-packages/airflow/example_dags/tutorial_dag.py for tasks to queue
[2024-07-08T00:07:28.339+0000] {logging_mixin.py:188} INFO - [2024-07-08T00:07:28.339+0000] {dagbag.py:540} INFO - Filling up the DagBag from /home/airflow/.local/lib/python3.8/site-packages/airflow/example_dags/tutorial_dag.py
[2024-07-08T00:07:28.347+0000] {processor.py:840} INFO - DAG(s) 'tutorial_dag' retrieved from /home/airflow/.local/lib/python3.8/site-packages/airflow/example_dags/tutorial_dag.py
[2024-07-08T00:07:28.383+0000] {logging_mixin.py:188} INFO - [2024-07-08T00:07:28.383+0000] {dag.py:3047} INFO - Sync 1 DAGs
[2024-07-08T00:07:28.401+0000] {logging_mixin.py:188} INFO - [2024-07-08T00:07:28.401+0000] {dag.py:3834} INFO - Setting next_dagrun for tutorial_dag to None, run_after=None
[2024-07-08T00:07:28.428+0000] {processor.py:183} INFO - Processing /home/airflow/.local/lib/python3.8/site-packages/airflow/example_dags/tutorial_dag.py took 0.099 seconds
[2024-07-08T00:07:59.439+0000] {processor.py:161} INFO - Started process (PID=1943) to work on /home/airflow/.local/lib/python3.8/site-packages/airflow/example_dags/tutorial_dag.py
[2024-07-08T00:07:59.441+0000] {processor.py:830} INFO - Processing file /home/airflow/.local/lib/python3.8/site-packages/airflow/example_dags/tutorial_dag.py for tasks to queue
[2024-07-08T00:07:59.443+0000] {logging_mixin.py:188} INFO - [2024-07-08T00:07:59.443+0000] {dagbag.py:540} INFO - Filling up the DagBag from /home/airflow/.local/lib/python3.8/site-packages/airflow/example_dags/tutorial_dag.py
[2024-07-08T00:07:59.450+0000] {processor.py:840} INFO - DAG(s) 'tutorial_dag' retrieved from /home/airflow/.local/lib/python3.8/site-packages/airflow/example_dags/tutorial_dag.py
[2024-07-08T00:07:59.477+0000] {logging_mixin.py:188} INFO - [2024-07-08T00:07:59.477+0000] {dag.py:3047} INFO - Sync 1 DAGs
[2024-07-08T00:07:59.494+0000] {logging_mixin.py:188} INFO - [2024-07-08T00:07:59.494+0000] {dag.py:3834} INFO - Setting next_dagrun for tutorial_dag to None, run_after=None
[2024-07-08T00:07:59.538+0000] {processor.py:183} INFO - Processing /home/airflow/.local/lib/python3.8/site-packages/airflow/example_dags/tutorial_dag.py took 0.105 seconds
[2024-07-08T00:08:29.821+0000] {processor.py:161} INFO - Started process (PID=2007) to work on /home/airflow/.local/lib/python3.8/site-packages/airflow/example_dags/tutorial_dag.py
[2024-07-08T00:08:29.823+0000] {processor.py:830} INFO - Processing file /home/airflow/.local/lib/python3.8/site-packages/airflow/example_dags/tutorial_dag.py for tasks to queue
[2024-07-08T00:08:29.826+0000] {logging_mixin.py:188} INFO - [2024-07-08T00:08:29.826+0000] {dagbag.py:540} INFO - Filling up the DagBag from /home/airflow/.local/lib/python3.8/site-packages/airflow/example_dags/tutorial_dag.py
[2024-07-08T00:08:29.835+0000] {processor.py:840} INFO - DAG(s) 'tutorial_dag' retrieved from /home/airflow/.local/lib/python3.8/site-packages/airflow/example_dags/tutorial_dag.py
[2024-07-08T00:08:29.870+0000] {logging_mixin.py:188} INFO - [2024-07-08T00:08:29.869+0000] {dag.py:3047} INFO - Sync 1 DAGs
[2024-07-08T00:08:29.893+0000] {logging_mixin.py:188} INFO - [2024-07-08T00:08:29.892+0000] {dag.py:3834} INFO - Setting next_dagrun for tutorial_dag to None, run_after=None
[2024-07-08T00:08:29.927+0000] {processor.py:183} INFO - Processing /home/airflow/.local/lib/python3.8/site-packages/airflow/example_dags/tutorial_dag.py took 0.111 seconds
[2024-07-08T00:10:52.897+0000] {processor.py:161} INFO - Started process (PID=90) to work on /home/airflow/.local/lib/python3.8/site-packages/airflow/example_dags/tutorial_dag.py
[2024-07-08T00:10:52.899+0000] {processor.py:830} INFO - Processing file /home/airflow/.local/lib/python3.8/site-packages/airflow/example_dags/tutorial_dag.py for tasks to queue
[2024-07-08T00:10:52.903+0000] {logging_mixin.py:188} INFO - [2024-07-08T00:10:52.902+0000] {dagbag.py:540} INFO - Filling up the DagBag from /home/airflow/.local/lib/python3.8/site-packages/airflow/example_dags/tutorial_dag.py
[2024-07-08T00:10:52.913+0000] {processor.py:840} INFO - DAG(s) 'tutorial_dag' retrieved from /home/airflow/.local/lib/python3.8/site-packages/airflow/example_dags/tutorial_dag.py
[2024-07-08T00:10:53.080+0000] {logging_mixin.py:188} INFO - [2024-07-08T00:10:53.080+0000] {dag.py:3047} INFO - Sync 1 DAGs
[2024-07-08T00:10:53.097+0000] {logging_mixin.py:188} INFO - [2024-07-08T00:10:53.096+0000] {dag.py:3834} INFO - Setting next_dagrun for tutorial_dag to None, run_after=None
[2024-07-08T00:10:53.133+0000] {processor.py:183} INFO - Processing /home/airflow/.local/lib/python3.8/site-packages/airflow/example_dags/tutorial_dag.py took 0.241 seconds
[2024-07-08T00:11:24.283+0000] {processor.py:161} INFO - Started process (PID=154) to work on /home/airflow/.local/lib/python3.8/site-packages/airflow/example_dags/tutorial_dag.py
[2024-07-08T00:11:24.285+0000] {processor.py:830} INFO - Processing file /home/airflow/.local/lib/python3.8/site-packages/airflow/example_dags/tutorial_dag.py for tasks to queue
[2024-07-08T00:11:24.289+0000] {logging_mixin.py:188} INFO - [2024-07-08T00:11:24.288+0000] {dagbag.py:540} INFO - Filling up the DagBag from /home/airflow/.local/lib/python3.8/site-packages/airflow/example_dags/tutorial_dag.py
[2024-07-08T00:11:24.298+0000] {processor.py:840} INFO - DAG(s) 'tutorial_dag' retrieved from /home/airflow/.local/lib/python3.8/site-packages/airflow/example_dags/tutorial_dag.py
[2024-07-08T00:11:24.329+0000] {logging_mixin.py:188} INFO - [2024-07-08T00:11:24.328+0000] {dag.py:3047} INFO - Sync 1 DAGs
[2024-07-08T00:11:24.347+0000] {logging_mixin.py:188} INFO - [2024-07-08T00:11:24.346+0000] {dag.py:3834} INFO - Setting next_dagrun for tutorial_dag to None, run_after=None
[2024-07-08T00:11:24.374+0000] {processor.py:183} INFO - Processing /home/airflow/.local/lib/python3.8/site-packages/airflow/example_dags/tutorial_dag.py took 0.095 seconds
[2024-07-08T00:11:55.704+0000] {processor.py:161} INFO - Started process (PID=218) to work on /home/airflow/.local/lib/python3.8/site-packages/airflow/example_dags/tutorial_dag.py
[2024-07-08T00:11:55.708+0000] {processor.py:830} INFO - Processing file /home/airflow/.local/lib/python3.8/site-packages/airflow/example_dags/tutorial_dag.py for tasks to queue
[2024-07-08T00:11:55.723+0000] {logging_mixin.py:188} INFO - [2024-07-08T00:11:55.722+0000] {dagbag.py:540} INFO - Filling up the DagBag from /home/airflow/.local/lib/python3.8/site-packages/airflow/example_dags/tutorial_dag.py
[2024-07-08T00:11:55.750+0000] {processor.py:840} INFO - DAG(s) 'tutorial_dag' retrieved from /home/airflow/.local/lib/python3.8/site-packages/airflow/example_dags/tutorial_dag.py
[2024-07-08T00:11:55.816+0000] {logging_mixin.py:188} INFO - [2024-07-08T00:11:55.816+0000] {dag.py:3047} INFO - Sync 1 DAGs
[2024-07-08T00:11:55.866+0000] {logging_mixin.py:188} INFO - [2024-07-08T00:11:55.866+0000] {dag.py:3834} INFO - Setting next_dagrun for tutorial_dag to None, run_after=None
[2024-07-08T00:11:55.920+0000] {processor.py:183} INFO - Processing /home/airflow/.local/lib/python3.8/site-packages/airflow/example_dags/tutorial_dag.py took 0.232 seconds
[2024-07-08T00:12:26.472+0000] {processor.py:161} INFO - Started process (PID=288) to work on /home/airflow/.local/lib/python3.8/site-packages/airflow/example_dags/tutorial_dag.py
[2024-07-08T00:12:26.477+0000] {processor.py:830} INFO - Processing file /home/airflow/.local/lib/python3.8/site-packages/airflow/example_dags/tutorial_dag.py for tasks to queue
[2024-07-08T00:12:26.482+0000] {logging_mixin.py:188} INFO - [2024-07-08T00:12:26.482+0000] {dagbag.py:540} INFO - Filling up the DagBag from /home/airflow/.local/lib/python3.8/site-packages/airflow/example_dags/tutorial_dag.py
[2024-07-08T00:12:26.495+0000] {processor.py:840} INFO - DAG(s) 'tutorial_dag' retrieved from /home/airflow/.local/lib/python3.8/site-packages/airflow/example_dags/tutorial_dag.py
[2024-07-08T00:12:26.544+0000] {logging_mixin.py:188} INFO - [2024-07-08T00:12:26.544+0000] {dag.py:3047} INFO - Sync 1 DAGs
[2024-07-08T00:12:26.567+0000] {logging_mixin.py:188} INFO - [2024-07-08T00:12:26.567+0000] {dag.py:3834} INFO - Setting next_dagrun for tutorial_dag to None, run_after=None
[2024-07-08T00:12:26.603+0000] {processor.py:183} INFO - Processing /home/airflow/.local/lib/python3.8/site-packages/airflow/example_dags/tutorial_dag.py took 0.138 seconds
[2024-07-08T00:12:57.939+0000] {processor.py:161} INFO - Started process (PID=352) to work on /home/airflow/.local/lib/python3.8/site-packages/airflow/example_dags/tutorial_dag.py
[2024-07-08T00:12:57.940+0000] {processor.py:830} INFO - Processing file /home/airflow/.local/lib/python3.8/site-packages/airflow/example_dags/tutorial_dag.py for tasks to queue
[2024-07-08T00:12:57.944+0000] {logging_mixin.py:188} INFO - [2024-07-08T00:12:57.943+0000] {dagbag.py:540} INFO - Filling up the DagBag from /home/airflow/.local/lib/python3.8/site-packages/airflow/example_dags/tutorial_dag.py
[2024-07-08T00:12:57.952+0000] {processor.py:840} INFO - DAG(s) 'tutorial_dag' retrieved from /home/airflow/.local/lib/python3.8/site-packages/airflow/example_dags/tutorial_dag.py
[2024-07-08T00:12:57.984+0000] {logging_mixin.py:188} INFO - [2024-07-08T00:12:57.983+0000] {dag.py:3047} INFO - Sync 1 DAGs
[2024-07-08T00:12:58.002+0000] {logging_mixin.py:188} INFO - [2024-07-08T00:12:58.002+0000] {dag.py:3834} INFO - Setting next_dagrun for tutorial_dag to None, run_after=None
[2024-07-08T00:12:58.033+0000] {processor.py:183} INFO - Processing /home/airflow/.local/lib/python3.8/site-packages/airflow/example_dags/tutorial_dag.py took 0.099 seconds
[2024-07-08T00:13:29.639+0000] {processor.py:161} INFO - Started process (PID=415) to work on /home/airflow/.local/lib/python3.8/site-packages/airflow/example_dags/tutorial_dag.py
[2024-07-08T00:13:29.642+0000] {processor.py:830} INFO - Processing file /home/airflow/.local/lib/python3.8/site-packages/airflow/example_dags/tutorial_dag.py for tasks to queue
[2024-07-08T00:13:29.646+0000] {logging_mixin.py:188} INFO - [2024-07-08T00:13:29.646+0000] {dagbag.py:540} INFO - Filling up the DagBag from /home/airflow/.local/lib/python3.8/site-packages/airflow/example_dags/tutorial_dag.py
[2024-07-08T00:13:29.654+0000] {processor.py:840} INFO - DAG(s) 'tutorial_dag' retrieved from /home/airflow/.local/lib/python3.8/site-packages/airflow/example_dags/tutorial_dag.py
[2024-07-08T00:13:29.698+0000] {logging_mixin.py:188} INFO - [2024-07-08T00:13:29.698+0000] {dag.py:3047} INFO - Sync 1 DAGs
[2024-07-08T00:13:29.733+0000] {logging_mixin.py:188} INFO - [2024-07-08T00:13:29.733+0000] {dag.py:3834} INFO - Setting next_dagrun for tutorial_dag to None, run_after=None
[2024-07-08T00:13:29.836+0000] {processor.py:183} INFO - Processing /home/airflow/.local/lib/python3.8/site-packages/airflow/example_dags/tutorial_dag.py took 0.203 seconds
[2024-07-08T00:14:00.061+0000] {processor.py:161} INFO - Started process (PID=471) to work on /home/airflow/.local/lib/python3.8/site-packages/airflow/example_dags/tutorial_dag.py
[2024-07-08T00:14:00.063+0000] {processor.py:830} INFO - Processing file /home/airflow/.local/lib/python3.8/site-packages/airflow/example_dags/tutorial_dag.py for tasks to queue
[2024-07-08T00:14:00.067+0000] {logging_mixin.py:188} INFO - [2024-07-08T00:14:00.067+0000] {dagbag.py:540} INFO - Filling up the DagBag from /home/airflow/.local/lib/python3.8/site-packages/airflow/example_dags/tutorial_dag.py
[2024-07-08T00:14:00.075+0000] {processor.py:840} INFO - DAG(s) 'tutorial_dag' retrieved from /home/airflow/.local/lib/python3.8/site-packages/airflow/example_dags/tutorial_dag.py
[2024-07-08T00:14:00.105+0000] {logging_mixin.py:188} INFO - [2024-07-08T00:14:00.105+0000] {dag.py:3047} INFO - Sync 1 DAGs
[2024-07-08T00:14:00.129+0000] {logging_mixin.py:188} INFO - [2024-07-08T00:14:00.129+0000] {dag.py:3834} INFO - Setting next_dagrun for tutorial_dag to None, run_after=None
[2024-07-08T00:14:00.179+0000] {processor.py:183} INFO - Processing /home/airflow/.local/lib/python3.8/site-packages/airflow/example_dags/tutorial_dag.py took 0.123 seconds
[2024-07-08T00:14:33.312+0000] {processor.py:161} INFO - Started process (PID=536) to work on /home/airflow/.local/lib/python3.8/site-packages/airflow/example_dags/tutorial_dag.py
[2024-07-08T00:14:33.319+0000] {processor.py:830} INFO - Processing file /home/airflow/.local/lib/python3.8/site-packages/airflow/example_dags/tutorial_dag.py for tasks to queue
[2024-07-08T00:14:33.326+0000] {logging_mixin.py:188} INFO - [2024-07-08T00:14:33.325+0000] {dagbag.py:540} INFO - Filling up the DagBag from /home/airflow/.local/lib/python3.8/site-packages/airflow/example_dags/tutorial_dag.py
[2024-07-08T00:14:33.362+0000] {processor.py:840} INFO - DAG(s) 'tutorial_dag' retrieved from /home/airflow/.local/lib/python3.8/site-packages/airflow/example_dags/tutorial_dag.py
[2024-07-08T00:14:33.486+0000] {logging_mixin.py:188} INFO - [2024-07-08T00:14:33.475+0000] {dag.py:3047} INFO - Sync 1 DAGs
[2024-07-08T00:14:33.573+0000] {logging_mixin.py:188} INFO - [2024-07-08T00:14:33.573+0000] {dag.py:3834} INFO - Setting next_dagrun for tutorial_dag to None, run_after=None
[2024-07-08T00:14:33.696+0000] {processor.py:183} INFO - Processing /home/airflow/.local/lib/python3.8/site-packages/airflow/example_dags/tutorial_dag.py took 0.407 seconds
[2024-07-08T00:15:07.695+0000] {processor.py:161} INFO - Started process (PID=600) to work on /home/airflow/.local/lib/python3.8/site-packages/airflow/example_dags/tutorial_dag.py
[2024-07-08T00:15:07.697+0000] {processor.py:830} INFO - Processing file /home/airflow/.local/lib/python3.8/site-packages/airflow/example_dags/tutorial_dag.py for tasks to queue
[2024-07-08T00:15:07.699+0000] {logging_mixin.py:188} INFO - [2024-07-08T00:15:07.699+0000] {dagbag.py:540} INFO - Filling up the DagBag from /home/airflow/.local/lib/python3.8/site-packages/airflow/example_dags/tutorial_dag.py
[2024-07-08T00:15:07.707+0000] {processor.py:840} INFO - DAG(s) 'tutorial_dag' retrieved from /home/airflow/.local/lib/python3.8/site-packages/airflow/example_dags/tutorial_dag.py
[2024-07-08T00:15:07.739+0000] {logging_mixin.py:188} INFO - [2024-07-08T00:15:07.738+0000] {dag.py:3047} INFO - Sync 1 DAGs
[2024-07-08T00:15:07.757+0000] {logging_mixin.py:188} INFO - [2024-07-08T00:15:07.756+0000] {dag.py:3834} INFO - Setting next_dagrun for tutorial_dag to None, run_after=None
[2024-07-08T00:15:07.786+0000] {processor.py:183} INFO - Processing /home/airflow/.local/lib/python3.8/site-packages/airflow/example_dags/tutorial_dag.py took 0.098 seconds
[2024-07-08T00:15:37.969+0000] {processor.py:161} INFO - Started process (PID=664) to work on /home/airflow/.local/lib/python3.8/site-packages/airflow/example_dags/tutorial_dag.py
[2024-07-08T00:15:37.971+0000] {processor.py:830} INFO - Processing file /home/airflow/.local/lib/python3.8/site-packages/airflow/example_dags/tutorial_dag.py for tasks to queue
[2024-07-08T00:15:37.977+0000] {logging_mixin.py:188} INFO - [2024-07-08T00:15:37.976+0000] {dagbag.py:540} INFO - Filling up the DagBag from /home/airflow/.local/lib/python3.8/site-packages/airflow/example_dags/tutorial_dag.py
[2024-07-08T00:15:37.991+0000] {processor.py:840} INFO - DAG(s) 'tutorial_dag' retrieved from /home/airflow/.local/lib/python3.8/site-packages/airflow/example_dags/tutorial_dag.py
[2024-07-08T00:15:38.036+0000] {logging_mixin.py:188} INFO - [2024-07-08T00:15:38.036+0000] {dag.py:3047} INFO - Sync 1 DAGs
[2024-07-08T00:15:38.065+0000] {logging_mixin.py:188} INFO - [2024-07-08T00:15:38.064+0000] {dag.py:3834} INFO - Setting next_dagrun for tutorial_dag to None, run_after=None
[2024-07-08T00:15:38.106+0000] {processor.py:183} INFO - Processing /home/airflow/.local/lib/python3.8/site-packages/airflow/example_dags/tutorial_dag.py took 0.143 seconds
[2024-07-08T00:16:08.873+0000] {processor.py:161} INFO - Started process (PID=728) to work on /home/airflow/.local/lib/python3.8/site-packages/airflow/example_dags/tutorial_dag.py
[2024-07-08T00:16:08.874+0000] {processor.py:830} INFO - Processing file /home/airflow/.local/lib/python3.8/site-packages/airflow/example_dags/tutorial_dag.py for tasks to queue
[2024-07-08T00:16:08.878+0000] {logging_mixin.py:188} INFO - [2024-07-08T00:16:08.877+0000] {dagbag.py:540} INFO - Filling up the DagBag from /home/airflow/.local/lib/python3.8/site-packages/airflow/example_dags/tutorial_dag.py
[2024-07-08T00:16:08.886+0000] {processor.py:840} INFO - DAG(s) 'tutorial_dag' retrieved from /home/airflow/.local/lib/python3.8/site-packages/airflow/example_dags/tutorial_dag.py
[2024-07-08T00:16:08.924+0000] {logging_mixin.py:188} INFO - [2024-07-08T00:16:08.924+0000] {dag.py:3047} INFO - Sync 1 DAGs
[2024-07-08T00:16:08.947+0000] {logging_mixin.py:188} INFO - [2024-07-08T00:16:08.947+0000] {dag.py:3834} INFO - Setting next_dagrun for tutorial_dag to None, run_after=None
[2024-07-08T00:16:08.981+0000] {processor.py:183} INFO - Processing /home/airflow/.local/lib/python3.8/site-packages/airflow/example_dags/tutorial_dag.py took 0.116 seconds
[2024-07-08T00:16:40.666+0000] {processor.py:161} INFO - Started process (PID=791) to work on /home/airflow/.local/lib/python3.8/site-packages/airflow/example_dags/tutorial_dag.py
[2024-07-08T00:16:40.669+0000] {processor.py:830} INFO - Processing file /home/airflow/.local/lib/python3.8/site-packages/airflow/example_dags/tutorial_dag.py for tasks to queue
[2024-07-08T00:16:40.673+0000] {logging_mixin.py:188} INFO - [2024-07-08T00:16:40.673+0000] {dagbag.py:540} INFO - Filling up the DagBag from /home/airflow/.local/lib/python3.8/site-packages/airflow/example_dags/tutorial_dag.py
[2024-07-08T00:16:40.684+0000] {processor.py:840} INFO - DAG(s) 'tutorial_dag' retrieved from /home/airflow/.local/lib/python3.8/site-packages/airflow/example_dags/tutorial_dag.py
[2024-07-08T00:16:40.729+0000] {logging_mixin.py:188} INFO - [2024-07-08T00:16:40.729+0000] {dag.py:3047} INFO - Sync 1 DAGs
[2024-07-08T00:16:40.755+0000] {logging_mixin.py:188} INFO - [2024-07-08T00:16:40.754+0000] {dag.py:3834} INFO - Setting next_dagrun for tutorial_dag to None, run_after=None
[2024-07-08T00:16:40.787+0000] {processor.py:183} INFO - Processing /home/airflow/.local/lib/python3.8/site-packages/airflow/example_dags/tutorial_dag.py took 0.136 seconds
[2024-07-08T00:17:11.286+0000] {processor.py:161} INFO - Started process (PID=855) to work on /home/airflow/.local/lib/python3.8/site-packages/airflow/example_dags/tutorial_dag.py
[2024-07-08T00:17:11.288+0000] {processor.py:830} INFO - Processing file /home/airflow/.local/lib/python3.8/site-packages/airflow/example_dags/tutorial_dag.py for tasks to queue
[2024-07-08T00:17:11.293+0000] {logging_mixin.py:188} INFO - [2024-07-08T00:17:11.291+0000] {dagbag.py:540} INFO - Filling up the DagBag from /home/airflow/.local/lib/python3.8/site-packages/airflow/example_dags/tutorial_dag.py
[2024-07-08T00:17:11.305+0000] {processor.py:840} INFO - DAG(s) 'tutorial_dag' retrieved from /home/airflow/.local/lib/python3.8/site-packages/airflow/example_dags/tutorial_dag.py
[2024-07-08T00:17:11.390+0000] {logging_mixin.py:188} INFO - [2024-07-08T00:17:11.390+0000] {dag.py:3047} INFO - Sync 1 DAGs
[2024-07-08T00:17:11.417+0000] {logging_mixin.py:188} INFO - [2024-07-08T00:17:11.417+0000] {dag.py:3834} INFO - Setting next_dagrun for tutorial_dag to None, run_after=None
[2024-07-08T00:17:11.457+0000] {processor.py:183} INFO - Processing /home/airflow/.local/lib/python3.8/site-packages/airflow/example_dags/tutorial_dag.py took 0.177 seconds
[2024-07-08T00:17:41.921+0000] {processor.py:161} INFO - Started process (PID=919) to work on /home/airflow/.local/lib/python3.8/site-packages/airflow/example_dags/tutorial_dag.py
[2024-07-08T00:17:41.922+0000] {processor.py:830} INFO - Processing file /home/airflow/.local/lib/python3.8/site-packages/airflow/example_dags/tutorial_dag.py for tasks to queue
[2024-07-08T00:17:41.925+0000] {logging_mixin.py:188} INFO - [2024-07-08T00:17:41.925+0000] {dagbag.py:540} INFO - Filling up the DagBag from /home/airflow/.local/lib/python3.8/site-packages/airflow/example_dags/tutorial_dag.py
[2024-07-08T00:17:41.933+0000] {processor.py:840} INFO - DAG(s) 'tutorial_dag' retrieved from /home/airflow/.local/lib/python3.8/site-packages/airflow/example_dags/tutorial_dag.py
[2024-07-08T00:17:41.963+0000] {logging_mixin.py:188} INFO - [2024-07-08T00:17:41.963+0000] {dag.py:3047} INFO - Sync 1 DAGs
[2024-07-08T00:17:41.994+0000] {logging_mixin.py:188} INFO - [2024-07-08T00:17:41.994+0000] {dag.py:3834} INFO - Setting next_dagrun for tutorial_dag to None, run_after=None
[2024-07-08T00:17:42.031+0000] {processor.py:183} INFO - Processing /home/airflow/.local/lib/python3.8/site-packages/airflow/example_dags/tutorial_dag.py took 0.115 seconds
[2024-07-08T00:18:12.613+0000] {processor.py:161} INFO - Started process (PID=982) to work on /home/airflow/.local/lib/python3.8/site-packages/airflow/example_dags/tutorial_dag.py
[2024-07-08T00:18:12.615+0000] {processor.py:830} INFO - Processing file /home/airflow/.local/lib/python3.8/site-packages/airflow/example_dags/tutorial_dag.py for tasks to queue
[2024-07-08T00:18:12.618+0000] {logging_mixin.py:188} INFO - [2024-07-08T00:18:12.617+0000] {dagbag.py:540} INFO - Filling up the DagBag from /home/airflow/.local/lib/python3.8/site-packages/airflow/example_dags/tutorial_dag.py
[2024-07-08T00:18:12.626+0000] {processor.py:840} INFO - DAG(s) 'tutorial_dag' retrieved from /home/airflow/.local/lib/python3.8/site-packages/airflow/example_dags/tutorial_dag.py
[2024-07-08T00:18:12.656+0000] {logging_mixin.py:188} INFO - [2024-07-08T00:18:12.656+0000] {dag.py:3047} INFO - Sync 1 DAGs
[2024-07-08T00:18:12.674+0000] {logging_mixin.py:188} INFO - [2024-07-08T00:18:12.674+0000] {dag.py:3834} INFO - Setting next_dagrun for tutorial_dag to None, run_after=None
[2024-07-08T00:18:12.699+0000] {processor.py:183} INFO - Processing /home/airflow/.local/lib/python3.8/site-packages/airflow/example_dags/tutorial_dag.py took 0.091 seconds
[2024-07-08T00:18:43.447+0000] {processor.py:161} INFO - Started process (PID=1045) to work on /home/airflow/.local/lib/python3.8/site-packages/airflow/example_dags/tutorial_dag.py
[2024-07-08T00:18:43.449+0000] {processor.py:830} INFO - Processing file /home/airflow/.local/lib/python3.8/site-packages/airflow/example_dags/tutorial_dag.py for tasks to queue
[2024-07-08T00:18:43.451+0000] {logging_mixin.py:188} INFO - [2024-07-08T00:18:43.451+0000] {dagbag.py:540} INFO - Filling up the DagBag from /home/airflow/.local/lib/python3.8/site-packages/airflow/example_dags/tutorial_dag.py
[2024-07-08T00:18:43.461+0000] {processor.py:840} INFO - DAG(s) 'tutorial_dag' retrieved from /home/airflow/.local/lib/python3.8/site-packages/airflow/example_dags/tutorial_dag.py
[2024-07-08T00:18:43.491+0000] {logging_mixin.py:188} INFO - [2024-07-08T00:18:43.490+0000] {dag.py:3047} INFO - Sync 1 DAGs
[2024-07-08T00:18:43.510+0000] {logging_mixin.py:188} INFO - [2024-07-08T00:18:43.510+0000] {dag.py:3834} INFO - Setting next_dagrun for tutorial_dag to None, run_after=None
[2024-07-08T00:18:43.534+0000] {processor.py:183} INFO - Processing /home/airflow/.local/lib/python3.8/site-packages/airflow/example_dags/tutorial_dag.py took 0.094 seconds
[2024-07-08T00:19:15.079+0000] {processor.py:161} INFO - Started process (PID=1109) to work on /home/airflow/.local/lib/python3.8/site-packages/airflow/example_dags/tutorial_dag.py
[2024-07-08T00:19:15.081+0000] {processor.py:830} INFO - Processing file /home/airflow/.local/lib/python3.8/site-packages/airflow/example_dags/tutorial_dag.py for tasks to queue
[2024-07-08T00:19:15.085+0000] {logging_mixin.py:188} INFO - [2024-07-08T00:19:15.084+0000] {dagbag.py:540} INFO - Filling up the DagBag from /home/airflow/.local/lib/python3.8/site-packages/airflow/example_dags/tutorial_dag.py
[2024-07-08T00:19:15.095+0000] {processor.py:840} INFO - DAG(s) 'tutorial_dag' retrieved from /home/airflow/.local/lib/python3.8/site-packages/airflow/example_dags/tutorial_dag.py
[2024-07-08T00:19:15.157+0000] {logging_mixin.py:188} INFO - [2024-07-08T00:19:15.156+0000] {dag.py:3047} INFO - Sync 1 DAGs
[2024-07-08T00:19:15.189+0000] {logging_mixin.py:188} INFO - [2024-07-08T00:19:15.189+0000] {dag.py:3834} INFO - Setting next_dagrun for tutorial_dag to None, run_after=None
[2024-07-08T00:19:15.233+0000] {processor.py:183} INFO - Processing /home/airflow/.local/lib/python3.8/site-packages/airflow/example_dags/tutorial_dag.py took 0.164 seconds
[2024-07-08T00:19:46.327+0000] {processor.py:161} INFO - Started process (PID=1172) to work on /home/airflow/.local/lib/python3.8/site-packages/airflow/example_dags/tutorial_dag.py
[2024-07-08T00:19:46.329+0000] {processor.py:830} INFO - Processing file /home/airflow/.local/lib/python3.8/site-packages/airflow/example_dags/tutorial_dag.py for tasks to queue
[2024-07-08T00:19:46.331+0000] {logging_mixin.py:188} INFO - [2024-07-08T00:19:46.330+0000] {dagbag.py:540} INFO - Filling up the DagBag from /home/airflow/.local/lib/python3.8/site-packages/airflow/example_dags/tutorial_dag.py
[2024-07-08T00:19:46.337+0000] {processor.py:840} INFO - DAG(s) 'tutorial_dag' retrieved from /home/airflow/.local/lib/python3.8/site-packages/airflow/example_dags/tutorial_dag.py
[2024-07-08T00:19:46.367+0000] {logging_mixin.py:188} INFO - [2024-07-08T00:19:46.366+0000] {dag.py:3047} INFO - Sync 1 DAGs
[2024-07-08T00:19:46.383+0000] {logging_mixin.py:188} INFO - [2024-07-08T00:19:46.383+0000] {dag.py:3834} INFO - Setting next_dagrun for tutorial_dag to None, run_after=None
[2024-07-08T00:19:46.405+0000] {processor.py:183} INFO - Processing /home/airflow/.local/lib/python3.8/site-packages/airflow/example_dags/tutorial_dag.py took 0.081 seconds
[2024-07-08T00:20:16.460+0000] {processor.py:161} INFO - Started process (PID=1228) to work on /home/airflow/.local/lib/python3.8/site-packages/airflow/example_dags/tutorial_dag.py
[2024-07-08T00:20:16.462+0000] {processor.py:830} INFO - Processing file /home/airflow/.local/lib/python3.8/site-packages/airflow/example_dags/tutorial_dag.py for tasks to queue
[2024-07-08T00:20:16.464+0000] {logging_mixin.py:188} INFO - [2024-07-08T00:20:16.464+0000] {dagbag.py:540} INFO - Filling up the DagBag from /home/airflow/.local/lib/python3.8/site-packages/airflow/example_dags/tutorial_dag.py
[2024-07-08T00:20:16.480+0000] {processor.py:840} INFO - DAG(s) 'tutorial_dag' retrieved from /home/airflow/.local/lib/python3.8/site-packages/airflow/example_dags/tutorial_dag.py
[2024-07-08T00:20:16.537+0000] {logging_mixin.py:188} INFO - [2024-07-08T00:20:16.536+0000] {dag.py:3047} INFO - Sync 1 DAGs
[2024-07-08T00:20:16.560+0000] {logging_mixin.py:188} INFO - [2024-07-08T00:20:16.560+0000] {dag.py:3834} INFO - Setting next_dagrun for tutorial_dag to None, run_after=None
[2024-07-08T00:20:16.587+0000] {processor.py:183} INFO - Processing /home/airflow/.local/lib/python3.8/site-packages/airflow/example_dags/tutorial_dag.py took 0.132 seconds
[2024-07-08T00:20:47.170+0000] {processor.py:161} INFO - Started process (PID=1292) to work on /home/airflow/.local/lib/python3.8/site-packages/airflow/example_dags/tutorial_dag.py
[2024-07-08T00:20:47.172+0000] {processor.py:830} INFO - Processing file /home/airflow/.local/lib/python3.8/site-packages/airflow/example_dags/tutorial_dag.py for tasks to queue
[2024-07-08T00:20:47.176+0000] {logging_mixin.py:188} INFO - [2024-07-08T00:20:47.175+0000] {dagbag.py:540} INFO - Filling up the DagBag from /home/airflow/.local/lib/python3.8/site-packages/airflow/example_dags/tutorial_dag.py
[2024-07-08T00:20:47.191+0000] {processor.py:840} INFO - DAG(s) 'tutorial_dag' retrieved from /home/airflow/.local/lib/python3.8/site-packages/airflow/example_dags/tutorial_dag.py
[2024-07-08T00:20:47.249+0000] {logging_mixin.py:188} INFO - [2024-07-08T00:20:47.248+0000] {dag.py:3047} INFO - Sync 1 DAGs
[2024-07-08T00:20:47.276+0000] {logging_mixin.py:188} INFO - [2024-07-08T00:20:47.275+0000] {dag.py:3834} INFO - Setting next_dagrun for tutorial_dag to None, run_after=None
[2024-07-08T00:20:47.308+0000] {processor.py:183} INFO - Processing /home/airflow/.local/lib/python3.8/site-packages/airflow/example_dags/tutorial_dag.py took 0.144 seconds
[2024-07-08T00:21:18.059+0000] {processor.py:161} INFO - Started process (PID=1356) to work on /home/airflow/.local/lib/python3.8/site-packages/airflow/example_dags/tutorial_dag.py
[2024-07-08T00:21:18.061+0000] {processor.py:830} INFO - Processing file /home/airflow/.local/lib/python3.8/site-packages/airflow/example_dags/tutorial_dag.py for tasks to queue
[2024-07-08T00:21:18.065+0000] {logging_mixin.py:188} INFO - [2024-07-08T00:21:18.064+0000] {dagbag.py:540} INFO - Filling up the DagBag from /home/airflow/.local/lib/python3.8/site-packages/airflow/example_dags/tutorial_dag.py
[2024-07-08T00:21:18.075+0000] {processor.py:840} INFO - DAG(s) 'tutorial_dag' retrieved from /home/airflow/.local/lib/python3.8/site-packages/airflow/example_dags/tutorial_dag.py
[2024-07-08T00:21:18.131+0000] {logging_mixin.py:188} INFO - [2024-07-08T00:21:18.130+0000] {dag.py:3047} INFO - Sync 1 DAGs
[2024-07-08T00:21:18.179+0000] {logging_mixin.py:188} INFO - [2024-07-08T00:21:18.178+0000] {dag.py:3834} INFO - Setting next_dagrun for tutorial_dag to None, run_after=None
[2024-07-08T00:21:18.259+0000] {processor.py:183} INFO - Processing /home/airflow/.local/lib/python3.8/site-packages/airflow/example_dags/tutorial_dag.py took 0.207 seconds
[2024-07-08T00:21:48.496+0000] {processor.py:161} INFO - Started process (PID=1419) to work on /home/airflow/.local/lib/python3.8/site-packages/airflow/example_dags/tutorial_dag.py
[2024-07-08T00:21:48.505+0000] {processor.py:830} INFO - Processing file /home/airflow/.local/lib/python3.8/site-packages/airflow/example_dags/tutorial_dag.py for tasks to queue
[2024-07-08T00:21:48.523+0000] {logging_mixin.py:188} INFO - [2024-07-08T00:21:48.521+0000] {dagbag.py:540} INFO - Filling up the DagBag from /home/airflow/.local/lib/python3.8/site-packages/airflow/example_dags/tutorial_dag.py
[2024-07-08T00:21:48.564+0000] {processor.py:840} INFO - DAG(s) 'tutorial_dag' retrieved from /home/airflow/.local/lib/python3.8/site-packages/airflow/example_dags/tutorial_dag.py
[2024-07-08T00:21:48.619+0000] {logging_mixin.py:188} INFO - [2024-07-08T00:21:48.619+0000] {dag.py:3047} INFO - Sync 1 DAGs
[2024-07-08T00:21:48.642+0000] {logging_mixin.py:188} INFO - [2024-07-08T00:21:48.642+0000] {dag.py:3834} INFO - Setting next_dagrun for tutorial_dag to None, run_after=None
[2024-07-08T00:21:48.674+0000] {processor.py:183} INFO - Processing /home/airflow/.local/lib/python3.8/site-packages/airflow/example_dags/tutorial_dag.py took 0.198 seconds
[2024-07-08T00:22:19.084+0000] {processor.py:161} INFO - Started process (PID=1483) to work on /home/airflow/.local/lib/python3.8/site-packages/airflow/example_dags/tutorial_dag.py
[2024-07-08T00:22:19.085+0000] {processor.py:830} INFO - Processing file /home/airflow/.local/lib/python3.8/site-packages/airflow/example_dags/tutorial_dag.py for tasks to queue
[2024-07-08T00:22:19.089+0000] {logging_mixin.py:188} INFO - [2024-07-08T00:22:19.089+0000] {dagbag.py:540} INFO - Filling up the DagBag from /home/airflow/.local/lib/python3.8/site-packages/airflow/example_dags/tutorial_dag.py
[2024-07-08T00:22:19.101+0000] {processor.py:840} INFO - DAG(s) 'tutorial_dag' retrieved from /home/airflow/.local/lib/python3.8/site-packages/airflow/example_dags/tutorial_dag.py
[2024-07-08T00:22:19.140+0000] {logging_mixin.py:188} INFO - [2024-07-08T00:22:19.140+0000] {dag.py:3047} INFO - Sync 1 DAGs
[2024-07-08T00:22:19.165+0000] {logging_mixin.py:188} INFO - [2024-07-08T00:22:19.165+0000] {dag.py:3834} INFO - Setting next_dagrun for tutorial_dag to None, run_after=None
[2024-07-08T00:22:19.202+0000] {processor.py:183} INFO - Processing /home/airflow/.local/lib/python3.8/site-packages/airflow/example_dags/tutorial_dag.py took 0.127 seconds
[2024-07-08T00:22:49.457+0000] {processor.py:161} INFO - Started process (PID=1547) to work on /home/airflow/.local/lib/python3.8/site-packages/airflow/example_dags/tutorial_dag.py
[2024-07-08T00:22:49.459+0000] {processor.py:830} INFO - Processing file /home/airflow/.local/lib/python3.8/site-packages/airflow/example_dags/tutorial_dag.py for tasks to queue
[2024-07-08T00:22:49.463+0000] {logging_mixin.py:188} INFO - [2024-07-08T00:22:49.462+0000] {dagbag.py:540} INFO - Filling up the DagBag from /home/airflow/.local/lib/python3.8/site-packages/airflow/example_dags/tutorial_dag.py
[2024-07-08T00:22:49.476+0000] {processor.py:840} INFO - DAG(s) 'tutorial_dag' retrieved from /home/airflow/.local/lib/python3.8/site-packages/airflow/example_dags/tutorial_dag.py
[2024-07-08T00:22:49.522+0000] {logging_mixin.py:188} INFO - [2024-07-08T00:22:49.521+0000] {dag.py:3047} INFO - Sync 1 DAGs
[2024-07-08T00:22:49.559+0000] {logging_mixin.py:188} INFO - [2024-07-08T00:22:49.558+0000] {dag.py:3834} INFO - Setting next_dagrun for tutorial_dag to None, run_after=None
[2024-07-08T00:22:49.598+0000] {processor.py:183} INFO - Processing /home/airflow/.local/lib/python3.8/site-packages/airflow/example_dags/tutorial_dag.py took 0.150 seconds
[2024-07-08T00:23:19.735+0000] {processor.py:161} INFO - Started process (PID=1611) to work on /home/airflow/.local/lib/python3.8/site-packages/airflow/example_dags/tutorial_dag.py
[2024-07-08T00:23:19.737+0000] {processor.py:830} INFO - Processing file /home/airflow/.local/lib/python3.8/site-packages/airflow/example_dags/tutorial_dag.py for tasks to queue
[2024-07-08T00:23:19.739+0000] {logging_mixin.py:188} INFO - [2024-07-08T00:23:19.739+0000] {dagbag.py:540} INFO - Filling up the DagBag from /home/airflow/.local/lib/python3.8/site-packages/airflow/example_dags/tutorial_dag.py
[2024-07-08T00:23:19.747+0000] {processor.py:840} INFO - DAG(s) 'tutorial_dag' retrieved from /home/airflow/.local/lib/python3.8/site-packages/airflow/example_dags/tutorial_dag.py
[2024-07-08T00:23:19.774+0000] {logging_mixin.py:188} INFO - [2024-07-08T00:23:19.773+0000] {dag.py:3047} INFO - Sync 1 DAGs
[2024-07-08T00:23:19.790+0000] {logging_mixin.py:188} INFO - [2024-07-08T00:23:19.790+0000] {dag.py:3834} INFO - Setting next_dagrun for tutorial_dag to None, run_after=None
[2024-07-08T00:23:19.816+0000] {processor.py:183} INFO - Processing /home/airflow/.local/lib/python3.8/site-packages/airflow/example_dags/tutorial_dag.py took 0.086 seconds
[2024-07-08T00:23:50.851+0000] {processor.py:161} INFO - Started process (PID=1675) to work on /home/airflow/.local/lib/python3.8/site-packages/airflow/example_dags/tutorial_dag.py
[2024-07-08T00:23:50.860+0000] {processor.py:830} INFO - Processing file /home/airflow/.local/lib/python3.8/site-packages/airflow/example_dags/tutorial_dag.py for tasks to queue
[2024-07-08T00:23:50.868+0000] {logging_mixin.py:188} INFO - [2024-07-08T00:23:50.867+0000] {dagbag.py:540} INFO - Filling up the DagBag from /home/airflow/.local/lib/python3.8/site-packages/airflow/example_dags/tutorial_dag.py
[2024-07-08T00:23:50.879+0000] {processor.py:840} INFO - DAG(s) 'tutorial_dag' retrieved from /home/airflow/.local/lib/python3.8/site-packages/airflow/example_dags/tutorial_dag.py
[2024-07-08T00:23:50.919+0000] {logging_mixin.py:188} INFO - [2024-07-08T00:23:50.919+0000] {dag.py:3047} INFO - Sync 1 DAGs
[2024-07-08T00:23:50.934+0000] {logging_mixin.py:188} INFO - [2024-07-08T00:23:50.934+0000] {dag.py:3834} INFO - Setting next_dagrun for tutorial_dag to None, run_after=None
[2024-07-08T00:23:50.961+0000] {processor.py:183} INFO - Processing /home/airflow/.local/lib/python3.8/site-packages/airflow/example_dags/tutorial_dag.py took 0.116 seconds
[2024-07-08T00:24:21.339+0000] {processor.py:161} INFO - Started process (PID=1739) to work on /home/airflow/.local/lib/python3.8/site-packages/airflow/example_dags/tutorial_dag.py
[2024-07-08T00:24:21.340+0000] {processor.py:830} INFO - Processing file /home/airflow/.local/lib/python3.8/site-packages/airflow/example_dags/tutorial_dag.py for tasks to queue
[2024-07-08T00:24:21.343+0000] {logging_mixin.py:188} INFO - [2024-07-08T00:24:21.343+0000] {dagbag.py:540} INFO - Filling up the DagBag from /home/airflow/.local/lib/python3.8/site-packages/airflow/example_dags/tutorial_dag.py
[2024-07-08T00:24:21.352+0000] {processor.py:840} INFO - DAG(s) 'tutorial_dag' retrieved from /home/airflow/.local/lib/python3.8/site-packages/airflow/example_dags/tutorial_dag.py
[2024-07-08T00:24:21.390+0000] {logging_mixin.py:188} INFO - [2024-07-08T00:24:21.389+0000] {dag.py:3047} INFO - Sync 1 DAGs
[2024-07-08T00:24:21.416+0000] {logging_mixin.py:188} INFO - [2024-07-08T00:24:21.416+0000] {dag.py:3834} INFO - Setting next_dagrun for tutorial_dag to None, run_after=None
[2024-07-08T00:24:21.450+0000] {processor.py:183} INFO - Processing /home/airflow/.local/lib/python3.8/site-packages/airflow/example_dags/tutorial_dag.py took 0.116 seconds
[2024-07-08T00:24:52.075+0000] {processor.py:161} INFO - Started process (PID=1803) to work on /home/airflow/.local/lib/python3.8/site-packages/airflow/example_dags/tutorial_dag.py
[2024-07-08T00:24:52.077+0000] {processor.py:830} INFO - Processing file /home/airflow/.local/lib/python3.8/site-packages/airflow/example_dags/tutorial_dag.py for tasks to queue
[2024-07-08T00:24:52.080+0000] {logging_mixin.py:188} INFO - [2024-07-08T00:24:52.079+0000] {dagbag.py:540} INFO - Filling up the DagBag from /home/airflow/.local/lib/python3.8/site-packages/airflow/example_dags/tutorial_dag.py
[2024-07-08T00:24:52.089+0000] {processor.py:840} INFO - DAG(s) 'tutorial_dag' retrieved from /home/airflow/.local/lib/python3.8/site-packages/airflow/example_dags/tutorial_dag.py
[2024-07-08T00:24:52.123+0000] {logging_mixin.py:188} INFO - [2024-07-08T00:24:52.123+0000] {dag.py:3047} INFO - Sync 1 DAGs
[2024-07-08T00:24:52.142+0000] {logging_mixin.py:188} INFO - [2024-07-08T00:24:52.142+0000] {dag.py:3834} INFO - Setting next_dagrun for tutorial_dag to None, run_after=None
[2024-07-08T00:24:52.175+0000] {processor.py:183} INFO - Processing /home/airflow/.local/lib/python3.8/site-packages/airflow/example_dags/tutorial_dag.py took 0.105 seconds
[2024-07-08T00:25:22.911+0000] {processor.py:161} INFO - Started process (PID=1867) to work on /home/airflow/.local/lib/python3.8/site-packages/airflow/example_dags/tutorial_dag.py
[2024-07-08T00:25:22.913+0000] {processor.py:830} INFO - Processing file /home/airflow/.local/lib/python3.8/site-packages/airflow/example_dags/tutorial_dag.py for tasks to queue
[2024-07-08T00:25:22.916+0000] {logging_mixin.py:188} INFO - [2024-07-08T00:25:22.916+0000] {dagbag.py:540} INFO - Filling up the DagBag from /home/airflow/.local/lib/python3.8/site-packages/airflow/example_dags/tutorial_dag.py
[2024-07-08T00:25:22.932+0000] {processor.py:840} INFO - DAG(s) 'tutorial_dag' retrieved from /home/airflow/.local/lib/python3.8/site-packages/airflow/example_dags/tutorial_dag.py
[2024-07-08T00:25:22.970+0000] {logging_mixin.py:188} INFO - [2024-07-08T00:25:22.970+0000] {dag.py:3047} INFO - Sync 1 DAGs
[2024-07-08T00:25:22.989+0000] {logging_mixin.py:188} INFO - [2024-07-08T00:25:22.988+0000] {dag.py:3834} INFO - Setting next_dagrun for tutorial_dag to None, run_after=None
[2024-07-08T00:25:23.019+0000] {processor.py:183} INFO - Processing /home/airflow/.local/lib/python3.8/site-packages/airflow/example_dags/tutorial_dag.py took 0.115 seconds
[2024-07-08T00:25:54.043+0000] {processor.py:161} INFO - Started process (PID=1932) to work on /home/airflow/.local/lib/python3.8/site-packages/airflow/example_dags/tutorial_dag.py
[2024-07-08T00:25:54.046+0000] {processor.py:830} INFO - Processing file /home/airflow/.local/lib/python3.8/site-packages/airflow/example_dags/tutorial_dag.py for tasks to queue
[2024-07-08T00:25:54.053+0000] {logging_mixin.py:188} INFO - [2024-07-08T00:25:54.051+0000] {dagbag.py:540} INFO - Filling up the DagBag from /home/airflow/.local/lib/python3.8/site-packages/airflow/example_dags/tutorial_dag.py
[2024-07-08T00:25:54.075+0000] {processor.py:840} INFO - DAG(s) 'tutorial_dag' retrieved from /home/airflow/.local/lib/python3.8/site-packages/airflow/example_dags/tutorial_dag.py
[2024-07-08T00:25:54.134+0000] {logging_mixin.py:188} INFO - [2024-07-08T00:25:54.134+0000] {dag.py:3047} INFO - Sync 1 DAGs
[2024-07-08T00:25:54.158+0000] {logging_mixin.py:188} INFO - [2024-07-08T00:25:54.158+0000] {dag.py:3834} INFO - Setting next_dagrun for tutorial_dag to None, run_after=None
[2024-07-08T00:25:54.201+0000] {processor.py:183} INFO - Processing /home/airflow/.local/lib/python3.8/site-packages/airflow/example_dags/tutorial_dag.py took 0.168 seconds
[2024-07-08T00:26:24.463+0000] {processor.py:161} INFO - Started process (PID=1996) to work on /home/airflow/.local/lib/python3.8/site-packages/airflow/example_dags/tutorial_dag.py
[2024-07-08T00:26:24.466+0000] {processor.py:830} INFO - Processing file /home/airflow/.local/lib/python3.8/site-packages/airflow/example_dags/tutorial_dag.py for tasks to queue
[2024-07-08T00:26:24.470+0000] {logging_mixin.py:188} INFO - [2024-07-08T00:26:24.470+0000] {dagbag.py:540} INFO - Filling up the DagBag from /home/airflow/.local/lib/python3.8/site-packages/airflow/example_dags/tutorial_dag.py
[2024-07-08T00:26:24.483+0000] {processor.py:840} INFO - DAG(s) 'tutorial_dag' retrieved from /home/airflow/.local/lib/python3.8/site-packages/airflow/example_dags/tutorial_dag.py
[2024-07-08T00:26:24.526+0000] {logging_mixin.py:188} INFO - [2024-07-08T00:26:24.525+0000] {dag.py:3047} INFO - Sync 1 DAGs
[2024-07-08T00:26:24.557+0000] {logging_mixin.py:188} INFO - [2024-07-08T00:26:24.557+0000] {dag.py:3834} INFO - Setting next_dagrun for tutorial_dag to None, run_after=None
[2024-07-08T00:26:24.599+0000] {processor.py:183} INFO - Processing /home/airflow/.local/lib/python3.8/site-packages/airflow/example_dags/tutorial_dag.py took 0.143 seconds
[2024-07-08T00:26:54.680+0000] {processor.py:161} INFO - Started process (PID=2060) to work on /home/airflow/.local/lib/python3.8/site-packages/airflow/example_dags/tutorial_dag.py
[2024-07-08T00:26:54.682+0000] {processor.py:830} INFO - Processing file /home/airflow/.local/lib/python3.8/site-packages/airflow/example_dags/tutorial_dag.py for tasks to queue
[2024-07-08T00:26:54.685+0000] {logging_mixin.py:188} INFO - [2024-07-08T00:26:54.684+0000] {dagbag.py:540} INFO - Filling up the DagBag from /home/airflow/.local/lib/python3.8/site-packages/airflow/example_dags/tutorial_dag.py
[2024-07-08T00:26:54.692+0000] {processor.py:840} INFO - DAG(s) 'tutorial_dag' retrieved from /home/airflow/.local/lib/python3.8/site-packages/airflow/example_dags/tutorial_dag.py
[2024-07-08T00:26:54.722+0000] {logging_mixin.py:188} INFO - [2024-07-08T00:26:54.722+0000] {dag.py:3047} INFO - Sync 1 DAGs
[2024-07-08T00:26:54.740+0000] {logging_mixin.py:188} INFO - [2024-07-08T00:26:54.740+0000] {dag.py:3834} INFO - Setting next_dagrun for tutorial_dag to None, run_after=None
[2024-07-08T00:26:54.767+0000] {processor.py:183} INFO - Processing /home/airflow/.local/lib/python3.8/site-packages/airflow/example_dags/tutorial_dag.py took 0.097 seconds
[2024-07-08T00:27:25.805+0000] {processor.py:161} INFO - Started process (PID=2124) to work on /home/airflow/.local/lib/python3.8/site-packages/airflow/example_dags/tutorial_dag.py
[2024-07-08T00:27:25.806+0000] {processor.py:830} INFO - Processing file /home/airflow/.local/lib/python3.8/site-packages/airflow/example_dags/tutorial_dag.py for tasks to queue
[2024-07-08T00:27:25.809+0000] {logging_mixin.py:188} INFO - [2024-07-08T00:27:25.809+0000] {dagbag.py:540} INFO - Filling up the DagBag from /home/airflow/.local/lib/python3.8/site-packages/airflow/example_dags/tutorial_dag.py
[2024-07-08T00:27:25.818+0000] {processor.py:840} INFO - DAG(s) 'tutorial_dag' retrieved from /home/airflow/.local/lib/python3.8/site-packages/airflow/example_dags/tutorial_dag.py
[2024-07-08T00:27:25.848+0000] {logging_mixin.py:188} INFO - [2024-07-08T00:27:25.848+0000] {dag.py:3047} INFO - Sync 1 DAGs
[2024-07-08T00:27:25.869+0000] {logging_mixin.py:188} INFO - [2024-07-08T00:27:25.868+0000] {dag.py:3834} INFO - Setting next_dagrun for tutorial_dag to None, run_after=None
[2024-07-08T00:27:25.897+0000] {processor.py:183} INFO - Processing /home/airflow/.local/lib/python3.8/site-packages/airflow/example_dags/tutorial_dag.py took 0.098 seconds
[2024-07-08T00:27:56.395+0000] {processor.py:161} INFO - Started process (PID=2189) to work on /home/airflow/.local/lib/python3.8/site-packages/airflow/example_dags/tutorial_dag.py
[2024-07-08T00:27:56.397+0000] {processor.py:830} INFO - Processing file /home/airflow/.local/lib/python3.8/site-packages/airflow/example_dags/tutorial_dag.py for tasks to queue
[2024-07-08T00:27:56.400+0000] {logging_mixin.py:188} INFO - [2024-07-08T00:27:56.399+0000] {dagbag.py:540} INFO - Filling up the DagBag from /home/airflow/.local/lib/python3.8/site-packages/airflow/example_dags/tutorial_dag.py
[2024-07-08T00:27:56.408+0000] {processor.py:840} INFO - DAG(s) 'tutorial_dag' retrieved from /home/airflow/.local/lib/python3.8/site-packages/airflow/example_dags/tutorial_dag.py
[2024-07-08T00:27:56.436+0000] {logging_mixin.py:188} INFO - [2024-07-08T00:27:56.435+0000] {dag.py:3047} INFO - Sync 1 DAGs
[2024-07-08T00:27:56.456+0000] {logging_mixin.py:188} INFO - [2024-07-08T00:27:56.455+0000] {dag.py:3834} INFO - Setting next_dagrun for tutorial_dag to None, run_after=None
[2024-07-08T00:27:56.483+0000] {processor.py:183} INFO - Processing /home/airflow/.local/lib/python3.8/site-packages/airflow/example_dags/tutorial_dag.py took 0.092 seconds
[2024-07-08T00:28:27.323+0000] {processor.py:161} INFO - Started process (PID=2253) to work on /home/airflow/.local/lib/python3.8/site-packages/airflow/example_dags/tutorial_dag.py
[2024-07-08T00:28:27.325+0000] {processor.py:830} INFO - Processing file /home/airflow/.local/lib/python3.8/site-packages/airflow/example_dags/tutorial_dag.py for tasks to queue
[2024-07-08T00:28:27.329+0000] {logging_mixin.py:188} INFO - [2024-07-08T00:28:27.328+0000] {dagbag.py:540} INFO - Filling up the DagBag from /home/airflow/.local/lib/python3.8/site-packages/airflow/example_dags/tutorial_dag.py
[2024-07-08T00:28:27.340+0000] {processor.py:840} INFO - DAG(s) 'tutorial_dag' retrieved from /home/airflow/.local/lib/python3.8/site-packages/airflow/example_dags/tutorial_dag.py
[2024-07-08T00:28:27.377+0000] {logging_mixin.py:188} INFO - [2024-07-08T00:28:27.377+0000] {dag.py:3047} INFO - Sync 1 DAGs
[2024-07-08T00:28:27.401+0000] {logging_mixin.py:188} INFO - [2024-07-08T00:28:27.401+0000] {dag.py:3834} INFO - Setting next_dagrun for tutorial_dag to None, run_after=None
[2024-07-08T00:28:27.432+0000] {processor.py:183} INFO - Processing /home/airflow/.local/lib/python3.8/site-packages/airflow/example_dags/tutorial_dag.py took 0.115 seconds
[2024-07-08T00:28:57.912+0000] {processor.py:161} INFO - Started process (PID=2317) to work on /home/airflow/.local/lib/python3.8/site-packages/airflow/example_dags/tutorial_dag.py
[2024-07-08T00:28:57.914+0000] {processor.py:830} INFO - Processing file /home/airflow/.local/lib/python3.8/site-packages/airflow/example_dags/tutorial_dag.py for tasks to queue
[2024-07-08T00:28:57.919+0000] {logging_mixin.py:188} INFO - [2024-07-08T00:28:57.918+0000] {dagbag.py:540} INFO - Filling up the DagBag from /home/airflow/.local/lib/python3.8/site-packages/airflow/example_dags/tutorial_dag.py
[2024-07-08T00:28:57.930+0000] {processor.py:840} INFO - DAG(s) 'tutorial_dag' retrieved from /home/airflow/.local/lib/python3.8/site-packages/airflow/example_dags/tutorial_dag.py
[2024-07-08T00:28:57.965+0000] {logging_mixin.py:188} INFO - [2024-07-08T00:28:57.964+0000] {dag.py:3047} INFO - Sync 1 DAGs
[2024-07-08T00:28:57.990+0000] {logging_mixin.py:188} INFO - [2024-07-08T00:28:57.989+0000] {dag.py:3834} INFO - Setting next_dagrun for tutorial_dag to None, run_after=None
[2024-07-08T00:28:58.021+0000] {processor.py:183} INFO - Processing /home/airflow/.local/lib/python3.8/site-packages/airflow/example_dags/tutorial_dag.py took 0.115 seconds
[2024-07-08T00:29:28.717+0000] {processor.py:161} INFO - Started process (PID=2381) to work on /home/airflow/.local/lib/python3.8/site-packages/airflow/example_dags/tutorial_dag.py
[2024-07-08T00:29:28.719+0000] {processor.py:830} INFO - Processing file /home/airflow/.local/lib/python3.8/site-packages/airflow/example_dags/tutorial_dag.py for tasks to queue
[2024-07-08T00:29:28.721+0000] {logging_mixin.py:188} INFO - [2024-07-08T00:29:28.721+0000] {dagbag.py:540} INFO - Filling up the DagBag from /home/airflow/.local/lib/python3.8/site-packages/airflow/example_dags/tutorial_dag.py
[2024-07-08T00:29:28.729+0000] {processor.py:840} INFO - DAG(s) 'tutorial_dag' retrieved from /home/airflow/.local/lib/python3.8/site-packages/airflow/example_dags/tutorial_dag.py
[2024-07-08T00:29:28.756+0000] {logging_mixin.py:188} INFO - [2024-07-08T00:29:28.756+0000] {dag.py:3047} INFO - Sync 1 DAGs
[2024-07-08T00:29:28.772+0000] {logging_mixin.py:188} INFO - [2024-07-08T00:29:28.771+0000] {dag.py:3834} INFO - Setting next_dagrun for tutorial_dag to None, run_after=None
[2024-07-08T00:29:28.795+0000] {processor.py:183} INFO - Processing /home/airflow/.local/lib/python3.8/site-packages/airflow/example_dags/tutorial_dag.py took 0.083 seconds
[2024-07-08T00:30:03.686+0000] {processor.py:161} INFO - Started process (PID=2451) to work on /home/airflow/.local/lib/python3.8/site-packages/airflow/example_dags/tutorial_dag.py
[2024-07-08T00:30:03.690+0000] {processor.py:830} INFO - Processing file /home/airflow/.local/lib/python3.8/site-packages/airflow/example_dags/tutorial_dag.py for tasks to queue
[2024-07-08T00:30:03.701+0000] {logging_mixin.py:188} INFO - [2024-07-08T00:30:03.694+0000] {dagbag.py:540} INFO - Filling up the DagBag from /home/airflow/.local/lib/python3.8/site-packages/airflow/example_dags/tutorial_dag.py
[2024-07-08T00:30:03.714+0000] {processor.py:840} INFO - DAG(s) 'tutorial_dag' retrieved from /home/airflow/.local/lib/python3.8/site-packages/airflow/example_dags/tutorial_dag.py
[2024-07-08T00:30:03.752+0000] {logging_mixin.py:188} INFO - [2024-07-08T00:30:03.751+0000] {dag.py:3047} INFO - Sync 1 DAGs
[2024-07-08T00:30:03.791+0000] {logging_mixin.py:188} INFO - [2024-07-08T00:30:03.790+0000] {dag.py:3834} INFO - Setting next_dagrun for tutorial_dag to None, run_after=None
[2024-07-08T00:30:03.856+0000] {processor.py:183} INFO - Processing /home/airflow/.local/lib/python3.8/site-packages/airflow/example_dags/tutorial_dag.py took 0.184 seconds
[2024-07-08T00:30:36.165+0000] {processor.py:161} INFO - Started process (PID=2515) to work on /home/airflow/.local/lib/python3.8/site-packages/airflow/example_dags/tutorial_dag.py
[2024-07-08T00:30:36.169+0000] {processor.py:830} INFO - Processing file /home/airflow/.local/lib/python3.8/site-packages/airflow/example_dags/tutorial_dag.py for tasks to queue
[2024-07-08T00:30:36.185+0000] {logging_mixin.py:188} INFO - [2024-07-08T00:30:36.184+0000] {dagbag.py:540} INFO - Filling up the DagBag from /home/airflow/.local/lib/python3.8/site-packages/airflow/example_dags/tutorial_dag.py
[2024-07-08T00:30:36.214+0000] {processor.py:840} INFO - DAG(s) 'tutorial_dag' retrieved from /home/airflow/.local/lib/python3.8/site-packages/airflow/example_dags/tutorial_dag.py
[2024-07-08T00:30:36.295+0000] {logging_mixin.py:188} INFO - [2024-07-08T00:30:36.294+0000] {dag.py:3047} INFO - Sync 1 DAGs
[2024-07-08T00:30:36.357+0000] {logging_mixin.py:188} INFO - [2024-07-08T00:30:36.356+0000] {dag.py:3834} INFO - Setting next_dagrun for tutorial_dag to None, run_after=None
[2024-07-08T00:30:36.435+0000] {processor.py:183} INFO - Processing /home/airflow/.local/lib/python3.8/site-packages/airflow/example_dags/tutorial_dag.py took 0.279 seconds
[2024-07-08T00:37:07.202+0000] {processor.py:161} INFO - Started process (PID=103) to work on /home/airflow/.local/lib/python3.8/site-packages/airflow/example_dags/tutorial_dag.py
[2024-07-08T00:37:07.204+0000] {processor.py:830} INFO - Processing file /home/airflow/.local/lib/python3.8/site-packages/airflow/example_dags/tutorial_dag.py for tasks to queue
[2024-07-08T00:37:07.208+0000] {logging_mixin.py:188} INFO - [2024-07-08T00:37:07.207+0000] {dagbag.py:540} INFO - Filling up the DagBag from /home/airflow/.local/lib/python3.8/site-packages/airflow/example_dags/tutorial_dag.py
[2024-07-08T00:37:07.222+0000] {processor.py:840} INFO - DAG(s) 'tutorial_dag' retrieved from /home/airflow/.local/lib/python3.8/site-packages/airflow/example_dags/tutorial_dag.py
[2024-07-08T00:37:07.407+0000] {logging_mixin.py:188} INFO - [2024-07-08T00:37:07.407+0000] {dag.py:3047} INFO - Sync 1 DAGs
[2024-07-08T00:37:07.427+0000] {logging_mixin.py:188} INFO - [2024-07-08T00:37:07.427+0000] {dag.py:3834} INFO - Setting next_dagrun for tutorial_dag to None, run_after=None
[2024-07-08T00:37:07.458+0000] {processor.py:183} INFO - Processing /home/airflow/.local/lib/python3.8/site-packages/airflow/example_dags/tutorial_dag.py took 0.263 seconds
[2024-07-08T00:37:38.137+0000] {processor.py:161} INFO - Started process (PID=167) to work on /home/airflow/.local/lib/python3.8/site-packages/airflow/example_dags/tutorial_dag.py
[2024-07-08T00:37:38.138+0000] {processor.py:830} INFO - Processing file /home/airflow/.local/lib/python3.8/site-packages/airflow/example_dags/tutorial_dag.py for tasks to queue
[2024-07-08T00:37:38.140+0000] {logging_mixin.py:188} INFO - [2024-07-08T00:37:38.140+0000] {dagbag.py:540} INFO - Filling up the DagBag from /home/airflow/.local/lib/python3.8/site-packages/airflow/example_dags/tutorial_dag.py
[2024-07-08T00:37:38.147+0000] {processor.py:840} INFO - DAG(s) 'tutorial_dag' retrieved from /home/airflow/.local/lib/python3.8/site-packages/airflow/example_dags/tutorial_dag.py
[2024-07-08T00:37:38.172+0000] {logging_mixin.py:188} INFO - [2024-07-08T00:37:38.171+0000] {dag.py:3047} INFO - Sync 1 DAGs
[2024-07-08T00:37:38.187+0000] {logging_mixin.py:188} INFO - [2024-07-08T00:37:38.187+0000] {dag.py:3834} INFO - Setting next_dagrun for tutorial_dag to None, run_after=None
[2024-07-08T00:37:38.210+0000] {processor.py:183} INFO - Processing /home/airflow/.local/lib/python3.8/site-packages/airflow/example_dags/tutorial_dag.py took 0.078 seconds
[2024-07-08T00:38:08.788+0000] {processor.py:161} INFO - Started process (PID=231) to work on /home/airflow/.local/lib/python3.8/site-packages/airflow/example_dags/tutorial_dag.py
[2024-07-08T00:38:08.791+0000] {processor.py:830} INFO - Processing file /home/airflow/.local/lib/python3.8/site-packages/airflow/example_dags/tutorial_dag.py for tasks to queue
[2024-07-08T00:38:08.796+0000] {logging_mixin.py:188} INFO - [2024-07-08T00:38:08.795+0000] {dagbag.py:540} INFO - Filling up the DagBag from /home/airflow/.local/lib/python3.8/site-packages/airflow/example_dags/tutorial_dag.py
[2024-07-08T00:38:08.813+0000] {processor.py:840} INFO - DAG(s) 'tutorial_dag' retrieved from /home/airflow/.local/lib/python3.8/site-packages/airflow/example_dags/tutorial_dag.py
[2024-07-08T00:38:08.863+0000] {logging_mixin.py:188} INFO - [2024-07-08T00:38:08.862+0000] {dag.py:3047} INFO - Sync 1 DAGs
[2024-07-08T00:38:08.885+0000] {logging_mixin.py:188} INFO - [2024-07-08T00:38:08.885+0000] {dag.py:3834} INFO - Setting next_dagrun for tutorial_dag to None, run_after=None
[2024-07-08T00:38:08.920+0000] {processor.py:183} INFO - Processing /home/airflow/.local/lib/python3.8/site-packages/airflow/example_dags/tutorial_dag.py took 0.138 seconds
[2024-07-08T00:38:39.203+0000] {processor.py:161} INFO - Started process (PID=295) to work on /home/airflow/.local/lib/python3.8/site-packages/airflow/example_dags/tutorial_dag.py
[2024-07-08T00:38:39.205+0000] {processor.py:830} INFO - Processing file /home/airflow/.local/lib/python3.8/site-packages/airflow/example_dags/tutorial_dag.py for tasks to queue
[2024-07-08T00:38:39.210+0000] {logging_mixin.py:188} INFO - [2024-07-08T00:38:39.208+0000] {dagbag.py:540} INFO - Filling up the DagBag from /home/airflow/.local/lib/python3.8/site-packages/airflow/example_dags/tutorial_dag.py
[2024-07-08T00:38:39.223+0000] {processor.py:840} INFO - DAG(s) 'tutorial_dag' retrieved from /home/airflow/.local/lib/python3.8/site-packages/airflow/example_dags/tutorial_dag.py
[2024-07-08T00:38:39.260+0000] {logging_mixin.py:188} INFO - [2024-07-08T00:38:39.259+0000] {dag.py:3047} INFO - Sync 1 DAGs
[2024-07-08T00:38:39.278+0000] {logging_mixin.py:188} INFO - [2024-07-08T00:38:39.277+0000] {dag.py:3834} INFO - Setting next_dagrun for tutorial_dag to None, run_after=None
[2024-07-08T00:38:39.305+0000] {processor.py:183} INFO - Processing /home/airflow/.local/lib/python3.8/site-packages/airflow/example_dags/tutorial_dag.py took 0.109 seconds
[2024-07-08T00:39:10.219+0000] {processor.py:161} INFO - Started process (PID=359) to work on /home/airflow/.local/lib/python3.8/site-packages/airflow/example_dags/tutorial_dag.py
[2024-07-08T00:39:10.221+0000] {processor.py:830} INFO - Processing file /home/airflow/.local/lib/python3.8/site-packages/airflow/example_dags/tutorial_dag.py for tasks to queue
[2024-07-08T00:39:10.227+0000] {logging_mixin.py:188} INFO - [2024-07-08T00:39:10.226+0000] {dagbag.py:540} INFO - Filling up the DagBag from /home/airflow/.local/lib/python3.8/site-packages/airflow/example_dags/tutorial_dag.py
[2024-07-08T00:39:10.240+0000] {processor.py:840} INFO - DAG(s) 'tutorial_dag' retrieved from /home/airflow/.local/lib/python3.8/site-packages/airflow/example_dags/tutorial_dag.py
[2024-07-08T00:39:10.311+0000] {logging_mixin.py:188} INFO - [2024-07-08T00:39:10.310+0000] {dag.py:3047} INFO - Sync 1 DAGs
[2024-07-08T00:39:10.349+0000] {logging_mixin.py:188} INFO - [2024-07-08T00:39:10.348+0000] {dag.py:3834} INFO - Setting next_dagrun for tutorial_dag to None, run_after=None
[2024-07-08T00:39:10.416+0000] {processor.py:183} INFO - Processing /home/airflow/.local/lib/python3.8/site-packages/airflow/example_dags/tutorial_dag.py took 0.206 seconds
[2024-07-08T00:39:40.906+0000] {processor.py:161} INFO - Started process (PID=423) to work on /home/airflow/.local/lib/python3.8/site-packages/airflow/example_dags/tutorial_dag.py
[2024-07-08T00:39:40.909+0000] {processor.py:830} INFO - Processing file /home/airflow/.local/lib/python3.8/site-packages/airflow/example_dags/tutorial_dag.py for tasks to queue
[2024-07-08T00:39:40.913+0000] {logging_mixin.py:188} INFO - [2024-07-08T00:39:40.912+0000] {dagbag.py:540} INFO - Filling up the DagBag from /home/airflow/.local/lib/python3.8/site-packages/airflow/example_dags/tutorial_dag.py
[2024-07-08T00:39:40.922+0000] {processor.py:840} INFO - DAG(s) 'tutorial_dag' retrieved from /home/airflow/.local/lib/python3.8/site-packages/airflow/example_dags/tutorial_dag.py
[2024-07-08T00:39:40.970+0000] {logging_mixin.py:188} INFO - [2024-07-08T00:39:40.970+0000] {dag.py:3047} INFO - Sync 1 DAGs
[2024-07-08T00:39:41.027+0000] {logging_mixin.py:188} INFO - [2024-07-08T00:39:41.026+0000] {dag.py:3834} INFO - Setting next_dagrun for tutorial_dag to None, run_after=None
[2024-07-08T00:39:41.091+0000] {processor.py:183} INFO - Processing /home/airflow/.local/lib/python3.8/site-packages/airflow/example_dags/tutorial_dag.py took 0.191 seconds
[2024-07-08T00:40:11.195+0000] {processor.py:161} INFO - Started process (PID=478) to work on /home/airflow/.local/lib/python3.8/site-packages/airflow/example_dags/tutorial_dag.py
[2024-07-08T00:40:11.196+0000] {processor.py:830} INFO - Processing file /home/airflow/.local/lib/python3.8/site-packages/airflow/example_dags/tutorial_dag.py for tasks to queue
[2024-07-08T00:40:11.200+0000] {logging_mixin.py:188} INFO - [2024-07-08T00:40:11.199+0000] {dagbag.py:540} INFO - Filling up the DagBag from /home/airflow/.local/lib/python3.8/site-packages/airflow/example_dags/tutorial_dag.py
[2024-07-08T00:40:11.208+0000] {processor.py:840} INFO - DAG(s) 'tutorial_dag' retrieved from /home/airflow/.local/lib/python3.8/site-packages/airflow/example_dags/tutorial_dag.py
[2024-07-08T00:40:11.239+0000] {logging_mixin.py:188} INFO - [2024-07-08T00:40:11.239+0000] {dag.py:3047} INFO - Sync 1 DAGs
[2024-07-08T00:40:11.257+0000] {logging_mixin.py:188} INFO - [2024-07-08T00:40:11.257+0000] {dag.py:3834} INFO - Setting next_dagrun for tutorial_dag to None, run_after=None
[2024-07-08T00:40:11.290+0000] {processor.py:183} INFO - Processing /home/airflow/.local/lib/python3.8/site-packages/airflow/example_dags/tutorial_dag.py took 0.101 seconds
[2024-07-08T00:40:41.385+0000] {processor.py:161} INFO - Started process (PID=542) to work on /home/airflow/.local/lib/python3.8/site-packages/airflow/example_dags/tutorial_dag.py
[2024-07-08T00:40:41.387+0000] {processor.py:830} INFO - Processing file /home/airflow/.local/lib/python3.8/site-packages/airflow/example_dags/tutorial_dag.py for tasks to queue
[2024-07-08T00:40:41.391+0000] {logging_mixin.py:188} INFO - [2024-07-08T00:40:41.391+0000] {dagbag.py:540} INFO - Filling up the DagBag from /home/airflow/.local/lib/python3.8/site-packages/airflow/example_dags/tutorial_dag.py
[2024-07-08T00:40:41.402+0000] {processor.py:840} INFO - DAG(s) 'tutorial_dag' retrieved from /home/airflow/.local/lib/python3.8/site-packages/airflow/example_dags/tutorial_dag.py
[2024-07-08T00:40:41.440+0000] {logging_mixin.py:188} INFO - [2024-07-08T00:40:41.439+0000] {dag.py:3047} INFO - Sync 1 DAGs
[2024-07-08T00:40:41.463+0000] {logging_mixin.py:188} INFO - [2024-07-08T00:40:41.462+0000] {dag.py:3834} INFO - Setting next_dagrun for tutorial_dag to None, run_after=None
[2024-07-08T00:40:41.497+0000] {processor.py:183} INFO - Processing /home/airflow/.local/lib/python3.8/site-packages/airflow/example_dags/tutorial_dag.py took 0.120 seconds
[2024-07-08T00:41:12.373+0000] {processor.py:161} INFO - Started process (PID=606) to work on /home/airflow/.local/lib/python3.8/site-packages/airflow/example_dags/tutorial_dag.py
[2024-07-08T00:41:12.375+0000] {processor.py:830} INFO - Processing file /home/airflow/.local/lib/python3.8/site-packages/airflow/example_dags/tutorial_dag.py for tasks to queue
[2024-07-08T00:41:12.378+0000] {logging_mixin.py:188} INFO - [2024-07-08T00:41:12.377+0000] {dagbag.py:540} INFO - Filling up the DagBag from /home/airflow/.local/lib/python3.8/site-packages/airflow/example_dags/tutorial_dag.py
[2024-07-08T00:41:12.386+0000] {processor.py:840} INFO - DAG(s) 'tutorial_dag' retrieved from /home/airflow/.local/lib/python3.8/site-packages/airflow/example_dags/tutorial_dag.py
[2024-07-08T00:41:12.421+0000] {logging_mixin.py:188} INFO - [2024-07-08T00:41:12.421+0000] {dag.py:3047} INFO - Sync 1 DAGs
[2024-07-08T00:41:12.452+0000] {logging_mixin.py:188} INFO - [2024-07-08T00:41:12.451+0000] {dag.py:3834} INFO - Setting next_dagrun for tutorial_dag to None, run_after=None
[2024-07-08T00:41:12.486+0000] {processor.py:183} INFO - Processing /home/airflow/.local/lib/python3.8/site-packages/airflow/example_dags/tutorial_dag.py took 0.118 seconds
[2024-07-08T00:41:43.284+0000] {processor.py:161} INFO - Started process (PID=670) to work on /home/airflow/.local/lib/python3.8/site-packages/airflow/example_dags/tutorial_dag.py
[2024-07-08T00:41:43.287+0000] {processor.py:830} INFO - Processing file /home/airflow/.local/lib/python3.8/site-packages/airflow/example_dags/tutorial_dag.py for tasks to queue
[2024-07-08T00:41:43.292+0000] {logging_mixin.py:188} INFO - [2024-07-08T00:41:43.291+0000] {dagbag.py:540} INFO - Filling up the DagBag from /home/airflow/.local/lib/python3.8/site-packages/airflow/example_dags/tutorial_dag.py
[2024-07-08T00:41:43.308+0000] {processor.py:840} INFO - DAG(s) 'tutorial_dag' retrieved from /home/airflow/.local/lib/python3.8/site-packages/airflow/example_dags/tutorial_dag.py
[2024-07-08T00:41:43.358+0000] {logging_mixin.py:188} INFO - [2024-07-08T00:41:43.357+0000] {dag.py:3047} INFO - Sync 1 DAGs
[2024-07-08T00:41:43.389+0000] {logging_mixin.py:188} INFO - [2024-07-08T00:41:43.389+0000] {dag.py:3834} INFO - Setting next_dagrun for tutorial_dag to None, run_after=None
[2024-07-08T00:41:43.427+0000] {processor.py:183} INFO - Processing /home/airflow/.local/lib/python3.8/site-packages/airflow/example_dags/tutorial_dag.py took 0.156 seconds
[2024-07-08T00:42:14.488+0000] {processor.py:161} INFO - Started process (PID=734) to work on /home/airflow/.local/lib/python3.8/site-packages/airflow/example_dags/tutorial_dag.py
[2024-07-08T00:42:14.500+0000] {processor.py:830} INFO - Processing file /home/airflow/.local/lib/python3.8/site-packages/airflow/example_dags/tutorial_dag.py for tasks to queue
[2024-07-08T00:42:14.509+0000] {logging_mixin.py:188} INFO - [2024-07-08T00:42:14.508+0000] {dagbag.py:540} INFO - Filling up the DagBag from /home/airflow/.local/lib/python3.8/site-packages/airflow/example_dags/tutorial_dag.py
[2024-07-08T00:42:14.530+0000] {processor.py:840} INFO - DAG(s) 'tutorial_dag' retrieved from /home/airflow/.local/lib/python3.8/site-packages/airflow/example_dags/tutorial_dag.py
[2024-07-08T00:42:14.587+0000] {logging_mixin.py:188} INFO - [2024-07-08T00:42:14.586+0000] {dag.py:3047} INFO - Sync 1 DAGs
[2024-07-08T00:42:14.640+0000] {logging_mixin.py:188} INFO - [2024-07-08T00:42:14.639+0000] {dag.py:3834} INFO - Setting next_dagrun for tutorial_dag to None, run_after=None
[2024-07-08T00:42:14.726+0000] {processor.py:183} INFO - Processing /home/airflow/.local/lib/python3.8/site-packages/airflow/example_dags/tutorial_dag.py took 0.245 seconds
[2024-07-08T00:42:45.479+0000] {processor.py:161} INFO - Started process (PID=799) to work on /home/airflow/.local/lib/python3.8/site-packages/airflow/example_dags/tutorial_dag.py
[2024-07-08T00:42:45.481+0000] {processor.py:830} INFO - Processing file /home/airflow/.local/lib/python3.8/site-packages/airflow/example_dags/tutorial_dag.py for tasks to queue
[2024-07-08T00:42:45.487+0000] {logging_mixin.py:188} INFO - [2024-07-08T00:42:45.486+0000] {dagbag.py:540} INFO - Filling up the DagBag from /home/airflow/.local/lib/python3.8/site-packages/airflow/example_dags/tutorial_dag.py
[2024-07-08T00:42:45.501+0000] {processor.py:840} INFO - DAG(s) 'tutorial_dag' retrieved from /home/airflow/.local/lib/python3.8/site-packages/airflow/example_dags/tutorial_dag.py
[2024-07-08T00:42:45.550+0000] {logging_mixin.py:188} INFO - [2024-07-08T00:42:45.549+0000] {dag.py:3047} INFO - Sync 1 DAGs
[2024-07-08T00:42:45.582+0000] {logging_mixin.py:188} INFO - [2024-07-08T00:42:45.581+0000] {dag.py:3834} INFO - Setting next_dagrun for tutorial_dag to None, run_after=None
[2024-07-08T00:42:45.631+0000] {processor.py:183} INFO - Processing /home/airflow/.local/lib/python3.8/site-packages/airflow/example_dags/tutorial_dag.py took 0.160 seconds
[2024-07-08T00:43:16.579+0000] {processor.py:161} INFO - Started process (PID=863) to work on /home/airflow/.local/lib/python3.8/site-packages/airflow/example_dags/tutorial_dag.py
[2024-07-08T00:43:16.581+0000] {processor.py:830} INFO - Processing file /home/airflow/.local/lib/python3.8/site-packages/airflow/example_dags/tutorial_dag.py for tasks to queue
[2024-07-08T00:43:16.584+0000] {logging_mixin.py:188} INFO - [2024-07-08T00:43:16.583+0000] {dagbag.py:540} INFO - Filling up the DagBag from /home/airflow/.local/lib/python3.8/site-packages/airflow/example_dags/tutorial_dag.py
[2024-07-08T00:43:16.591+0000] {processor.py:840} INFO - DAG(s) 'tutorial_dag' retrieved from /home/airflow/.local/lib/python3.8/site-packages/airflow/example_dags/tutorial_dag.py
[2024-07-08T00:43:16.624+0000] {logging_mixin.py:188} INFO - [2024-07-08T00:43:16.624+0000] {dag.py:3047} INFO - Sync 1 DAGs
[2024-07-08T00:43:16.639+0000] {logging_mixin.py:188} INFO - [2024-07-08T00:43:16.639+0000] {dag.py:3834} INFO - Setting next_dagrun for tutorial_dag to None, run_after=None
[2024-07-08T00:43:16.663+0000] {processor.py:183} INFO - Processing /home/airflow/.local/lib/python3.8/site-packages/airflow/example_dags/tutorial_dag.py took 0.090 seconds
[2024-07-08T00:43:47.424+0000] {processor.py:161} INFO - Started process (PID=927) to work on /home/airflow/.local/lib/python3.8/site-packages/airflow/example_dags/tutorial_dag.py
[2024-07-08T00:43:47.426+0000] {processor.py:830} INFO - Processing file /home/airflow/.local/lib/python3.8/site-packages/airflow/example_dags/tutorial_dag.py for tasks to queue
[2024-07-08T00:43:47.428+0000] {logging_mixin.py:188} INFO - [2024-07-08T00:43:47.428+0000] {dagbag.py:540} INFO - Filling up the DagBag from /home/airflow/.local/lib/python3.8/site-packages/airflow/example_dags/tutorial_dag.py
[2024-07-08T00:43:47.438+0000] {processor.py:840} INFO - DAG(s) 'tutorial_dag' retrieved from /home/airflow/.local/lib/python3.8/site-packages/airflow/example_dags/tutorial_dag.py
[2024-07-08T00:43:47.474+0000] {logging_mixin.py:188} INFO - [2024-07-08T00:43:47.474+0000] {dag.py:3047} INFO - Sync 1 DAGs
[2024-07-08T00:43:47.498+0000] {logging_mixin.py:188} INFO - [2024-07-08T00:43:47.498+0000] {dag.py:3834} INFO - Setting next_dagrun for tutorial_dag to None, run_after=None
[2024-07-08T00:43:47.528+0000] {processor.py:183} INFO - Processing /home/airflow/.local/lib/python3.8/site-packages/airflow/example_dags/tutorial_dag.py took 0.112 seconds
[2024-07-08T00:44:17.713+0000] {processor.py:161} INFO - Started process (PID=991) to work on /home/airflow/.local/lib/python3.8/site-packages/airflow/example_dags/tutorial_dag.py
[2024-07-08T00:44:17.715+0000] {processor.py:830} INFO - Processing file /home/airflow/.local/lib/python3.8/site-packages/airflow/example_dags/tutorial_dag.py for tasks to queue
[2024-07-08T00:44:17.718+0000] {logging_mixin.py:188} INFO - [2024-07-08T00:44:17.718+0000] {dagbag.py:540} INFO - Filling up the DagBag from /home/airflow/.local/lib/python3.8/site-packages/airflow/example_dags/tutorial_dag.py
[2024-07-08T00:44:17.730+0000] {processor.py:840} INFO - DAG(s) 'tutorial_dag' retrieved from /home/airflow/.local/lib/python3.8/site-packages/airflow/example_dags/tutorial_dag.py
[2024-07-08T00:44:17.762+0000] {logging_mixin.py:188} INFO - [2024-07-08T00:44:17.761+0000] {dag.py:3047} INFO - Sync 1 DAGs
[2024-07-08T00:44:17.782+0000] {logging_mixin.py:188} INFO - [2024-07-08T00:44:17.782+0000] {dag.py:3834} INFO - Setting next_dagrun for tutorial_dag to None, run_after=None
[2024-07-08T00:44:17.816+0000] {processor.py:183} INFO - Processing /home/airflow/.local/lib/python3.8/site-packages/airflow/example_dags/tutorial_dag.py took 0.108 seconds
[2024-07-08T00:44:47.990+0000] {processor.py:161} INFO - Started process (PID=1055) to work on /home/airflow/.local/lib/python3.8/site-packages/airflow/example_dags/tutorial_dag.py
[2024-07-08T00:44:47.992+0000] {processor.py:830} INFO - Processing file /home/airflow/.local/lib/python3.8/site-packages/airflow/example_dags/tutorial_dag.py for tasks to queue
[2024-07-08T00:44:48.008+0000] {logging_mixin.py:188} INFO - [2024-07-08T00:44:48.008+0000] {dagbag.py:540} INFO - Filling up the DagBag from /home/airflow/.local/lib/python3.8/site-packages/airflow/example_dags/tutorial_dag.py
[2024-07-08T00:44:48.027+0000] {processor.py:840} INFO - DAG(s) 'tutorial_dag' retrieved from /home/airflow/.local/lib/python3.8/site-packages/airflow/example_dags/tutorial_dag.py
[2024-07-08T00:44:48.061+0000] {logging_mixin.py:188} INFO - [2024-07-08T00:44:48.060+0000] {dag.py:3047} INFO - Sync 1 DAGs
[2024-07-08T00:44:48.076+0000] {logging_mixin.py:188} INFO - [2024-07-08T00:44:48.076+0000] {dag.py:3834} INFO - Setting next_dagrun for tutorial_dag to None, run_after=None
[2024-07-08T00:44:48.100+0000] {processor.py:183} INFO - Processing /home/airflow/.local/lib/python3.8/site-packages/airflow/example_dags/tutorial_dag.py took 0.118 seconds
[2024-07-08T00:45:18.438+0000] {processor.py:161} INFO - Started process (PID=1119) to work on /home/airflow/.local/lib/python3.8/site-packages/airflow/example_dags/tutorial_dag.py
[2024-07-08T00:45:18.440+0000] {processor.py:830} INFO - Processing file /home/airflow/.local/lib/python3.8/site-packages/airflow/example_dags/tutorial_dag.py for tasks to queue
[2024-07-08T00:45:18.447+0000] {logging_mixin.py:188} INFO - [2024-07-08T00:45:18.446+0000] {dagbag.py:540} INFO - Filling up the DagBag from /home/airflow/.local/lib/python3.8/site-packages/airflow/example_dags/tutorial_dag.py
[2024-07-08T00:45:18.455+0000] {processor.py:840} INFO - DAG(s) 'tutorial_dag' retrieved from /home/airflow/.local/lib/python3.8/site-packages/airflow/example_dags/tutorial_dag.py
[2024-07-08T00:45:18.520+0000] {logging_mixin.py:188} INFO - [2024-07-08T00:45:18.519+0000] {dag.py:3047} INFO - Sync 1 DAGs
[2024-07-08T00:45:18.552+0000] {logging_mixin.py:188} INFO - [2024-07-08T00:45:18.552+0000] {dag.py:3834} INFO - Setting next_dagrun for tutorial_dag to None, run_after=None
[2024-07-08T00:45:18.579+0000] {processor.py:183} INFO - Processing /home/airflow/.local/lib/python3.8/site-packages/airflow/example_dags/tutorial_dag.py took 0.149 seconds
[2024-07-08T00:45:50.188+0000] {processor.py:161} INFO - Started process (PID=1182) to work on /home/airflow/.local/lib/python3.8/site-packages/airflow/example_dags/tutorial_dag.py
[2024-07-08T00:45:50.191+0000] {processor.py:830} INFO - Processing file /home/airflow/.local/lib/python3.8/site-packages/airflow/example_dags/tutorial_dag.py for tasks to queue
[2024-07-08T00:45:50.194+0000] {logging_mixin.py:188} INFO - [2024-07-08T00:45:50.194+0000] {dagbag.py:540} INFO - Filling up the DagBag from /home/airflow/.local/lib/python3.8/site-packages/airflow/example_dags/tutorial_dag.py
[2024-07-08T00:45:50.207+0000] {processor.py:840} INFO - DAG(s) 'tutorial_dag' retrieved from /home/airflow/.local/lib/python3.8/site-packages/airflow/example_dags/tutorial_dag.py
[2024-07-08T00:45:50.246+0000] {logging_mixin.py:188} INFO - [2024-07-08T00:45:50.245+0000] {dag.py:3047} INFO - Sync 1 DAGs
[2024-07-08T00:45:50.286+0000] {logging_mixin.py:188} INFO - [2024-07-08T00:45:50.286+0000] {dag.py:3834} INFO - Setting next_dagrun for tutorial_dag to None, run_after=None
[2024-07-08T00:45:50.337+0000] {processor.py:183} INFO - Processing /home/airflow/.local/lib/python3.8/site-packages/airflow/example_dags/tutorial_dag.py took 0.156 seconds
[2024-07-08T00:46:20.438+0000] {processor.py:161} INFO - Started process (PID=1246) to work on /home/airflow/.local/lib/python3.8/site-packages/airflow/example_dags/tutorial_dag.py
[2024-07-08T00:46:20.441+0000] {processor.py:830} INFO - Processing file /home/airflow/.local/lib/python3.8/site-packages/airflow/example_dags/tutorial_dag.py for tasks to queue
[2024-07-08T00:46:20.444+0000] {logging_mixin.py:188} INFO - [2024-07-08T00:46:20.443+0000] {dagbag.py:540} INFO - Filling up the DagBag from /home/airflow/.local/lib/python3.8/site-packages/airflow/example_dags/tutorial_dag.py
[2024-07-08T00:46:20.456+0000] {processor.py:840} INFO - DAG(s) 'tutorial_dag' retrieved from /home/airflow/.local/lib/python3.8/site-packages/airflow/example_dags/tutorial_dag.py
[2024-07-08T00:46:20.492+0000] {logging_mixin.py:188} INFO - [2024-07-08T00:46:20.492+0000] {dag.py:3047} INFO - Sync 1 DAGs
[2024-07-08T00:46:20.516+0000] {logging_mixin.py:188} INFO - [2024-07-08T00:46:20.516+0000] {dag.py:3834} INFO - Setting next_dagrun for tutorial_dag to None, run_after=None
[2024-07-08T00:46:20.552+0000] {processor.py:183} INFO - Processing /home/airflow/.local/lib/python3.8/site-packages/airflow/example_dags/tutorial_dag.py took 0.122 seconds
[2024-07-08T00:46:51.509+0000] {processor.py:161} INFO - Started process (PID=1310) to work on /home/airflow/.local/lib/python3.8/site-packages/airflow/example_dags/tutorial_dag.py
[2024-07-08T00:46:51.511+0000] {processor.py:830} INFO - Processing file /home/airflow/.local/lib/python3.8/site-packages/airflow/example_dags/tutorial_dag.py for tasks to queue
[2024-07-08T00:46:51.515+0000] {logging_mixin.py:188} INFO - [2024-07-08T00:46:51.514+0000] {dagbag.py:540} INFO - Filling up the DagBag from /home/airflow/.local/lib/python3.8/site-packages/airflow/example_dags/tutorial_dag.py
[2024-07-08T00:46:51.527+0000] {processor.py:840} INFO - DAG(s) 'tutorial_dag' retrieved from /home/airflow/.local/lib/python3.8/site-packages/airflow/example_dags/tutorial_dag.py
[2024-07-08T00:46:51.565+0000] {logging_mixin.py:188} INFO - [2024-07-08T00:46:51.565+0000] {dag.py:3047} INFO - Sync 1 DAGs
[2024-07-08T00:46:51.588+0000] {logging_mixin.py:188} INFO - [2024-07-08T00:46:51.587+0000] {dag.py:3834} INFO - Setting next_dagrun for tutorial_dag to None, run_after=None
[2024-07-08T00:46:51.651+0000] {processor.py:183} INFO - Processing /home/airflow/.local/lib/python3.8/site-packages/airflow/example_dags/tutorial_dag.py took 0.150 seconds
